<?xml version="1.0" encoding="utf-8" standalone="no"?>
<test-run id="0" name="AB15_GUI.Tests.dll" fullname="C:\Users\DUO7KV\Projects\ab15_sw\gui\AB15_GUI.Tests\bin\Debug\net8.0-windows\AB15_GUI.Tests.dll" runstate="Runnable" testcasecount="90" result="Passed" total="90" passed="90" failed="0" warnings="0" inconclusive="0" skipped="0" asserts="256" engine-version="3.15.4.0" clr-version="8.0.10" start-time="2024-10-24 07:24:17Z" end-time="2024-10-24 07:24:26Z" duration="8.226395">
  <command-line><![CDATA[C:\Users\DUO7KV\Projects\ab15_sw\gui\AB15_GUI.Tests\bin\Debug\net8.0-windows\testhost.dll --port 61275 --endpoint 127.0.0.1:061275 --role client --parentprocessid 30340 --telemetryoptedin true]]></command-line>
  <filter>
    <or>
      <test>AB15_GUI.Tests.Models.DeviceIDPayload_Tests.WhenErrorResponce_ThenDataErrorIsSet((ERROR, System.Collections.Generic.List`1[System.Byte]))</test>
      <test>AB15_GUI.Tests.Models.DeviceIDPayload_Tests.WhenErrorResponce_ThenDataErrorIsSet((ERROR, System.Collections.Generic.List`1[System.Byte]))</test>
      <test>AB15_GUI.Tests.Models.DeviceIDPayload_Tests.WhenErrorResponce_ThenDataErrorIsSet((RESPONSE_ABSENT, System.Collections.Generic.List`1[System.Byte]))</test>
      <test>AB15_GUI.Tests.Models.DeviceIDPayload_Tests.WhenSuccessfulResponce_ThenDataUnpackedSuccessfully((DATA, System.Collections.Generic.List`1[System.Byte]))</test>
      <test>AB15_GUI.Tests.Models.DeviceIDPayload_Tests.WhenSuccessfulResponce_ThenDataUnpackedSuccessfully((DATA, System.Collections.Generic.List`1[System.Byte]))</test>
      <test>AB15_GUI.Tests.Models.DeviceIDPayload_Tests.WhenSuccessfulResponce_ThenDataUnpackedSuccessfully((DATA, System.Collections.Generic.List`1[System.Byte]))</test>
      <test>AB15_GUI.Tests.Models.DeviceIDPayload_Tests.WhenSuccessfulResponce_ThenDataUnpackedSuccessfully((DATA, System.Collections.Generic.List`1[System.Byte]))</test>
      <test>AB15_GUI.Tests.Models.Genereted.Registers.Reg_ident_high_Tests.WhenRegisterIsInstantiated_Letter1PropertiesHaveExpectedValues</test>
      <test>AB15_GUI.Tests.Models.Genereted.Registers.Reg_ident_high_Tests.WhenRegisterIsInstantiated_Letter2PropertiesHaveExpectedValues</test>
      <test>AB15_GUI.Tests.Models.Genereted.Registers.Reg_ident_high_Tests.WhenRegisterIsInstantiated_Letter3PropertiesHaveExpectedValues</test>
      <test>AB15_GUI.Tests.Models.Genereted.Registers.Reg_ident_high_Tests.WhenRegisterIsInstantiated_PropertiesHaveExpectedValues</test>
      <test>AB15_GUI.Tests.Models.Genereted.Registers.Reg_ident_high_Tests.WhenFieldsAreSet_ThenRegisterDataIsCorrect(1,18,1)</test>
      <test>AB15_GUI.Tests.Models.Genereted.Registers.Reg_ident_high_Tests.WhenFieldsAreSet_ThenRegisterDataIsCorrect(2,24,2)</test>
      <test>AB15_GUI.Tests.Models.Genereted.Registers.Reg_ident_high_Tests.WhenLetter1DataOutOfRange_ThenExpectedExceptionIsRaised(63)</test>
      <test>AB15_GUI.Tests.Models.Genereted.Registers.Reg_ident_high_Tests.WhenRegisterDataIsSet_ThenFieldValuesAreExpected(1601,1,18,1)</test>
      <test>AB15_GUI.Tests.Models.Genereted.Registers.Reg_ident_high_Tests.WhenRegisterDataIsSet_ThenFieldValuesAreExpected(2818,2,24,2)</test>
      <test>AB15_GUI.Tests.Models.Genereted.Registers.Reg_spi_set_wdsettings_Tests.WhenRegisterIsInstantiated_PropertiesHaveExpectedValues</test>
      <test>AB15_GUI.Tests.Models.GetCRC8_Tests.WhenDataIsProvided_ThenCRC8IsCalculatedExpectedly((79, 0, System.Collections.Generic.List`1[System.Byte]))</test>
      <test>AB15_GUI.Tests.Models.GetCRC8_Tests.WhenDataIsProvided_ThenCRC8IsCalculatedExpectedly((85, 0, System.Collections.Generic.List`1[System.Byte]))</test>
      <test>AB15_GUI.Tests.Models.GetCRC8_Tests.WhenDataIsProvided_ThenCRC8IsCalculatedExpectedly((85, 3, System.Collections.Generic.List`1[System.Byte]))</test>
      <test>AB15_GUI.Tests.Models.GetCRC8_Tests.WhenDataIsProvided_ThenCRC8IsCalculatedExpectedly((180, 0, System.Collections.Generic.List`1[System.Byte]))</test>
      <test>AB15_GUI.Tests.Models.GetCRC8_Tests.WhenDataIsProvided_ThenCRC8IsCalculatedExpectedly((216, 1, System.Collections.Generic.List`1[System.Byte]))</test>
      <test>AB15_GUI.Tests.Models.GetCRC8_Tests.WhenDataIsProvided_ThenCRC8IsCalculatedExpectedly((162, 1, System.Collections.Generic.List`1[System.Byte]))</test>
      <test>AB15_GUI.Tests.Models.ReceiveCommunicationPackage_Tests.WhenDataIsNotValid_ThenDataHandledExpectedly(System.Collections.Generic.List`1[System.Byte])</test>
      <test>AB15_GUI.Tests.Models.ReceiveCommunicationPackage_Tests.WhenDataIsNotValid_ThenDataHandledExpectedly(System.Collections.Generic.List`1[System.Byte])</test>
      <test>AB15_GUI.Tests.Models.ReceiveCommunicationPackage_Tests.WhenDataIsNotValid_ThenDataHandledExpectedly(System.Collections.Generic.List`1[System.Byte])</test>
      <test>AB15_GUI.Tests.Models.ReceiveCommunicationPackage_Tests.WhenDataIsNotValid_ThenDataHandledExpectedly(System.Collections.Generic.List`1[System.Byte])</test>
      <test>AB15_GUI.Tests.Models.ReceiveCommunicationPackage_Tests.WhenDataIsValid_ThenDataIsUnpackedCorrectly(System.Collections.Generic.List`1[System.Byte])</test>
      <test>AB15_GUI.Tests.Models.ReceiveCommunicationPackage_Tests.WhenDataIsValid_ThenDataIsUnpackedCorrectly(System.Collections.Generic.List`1[System.Byte])</test>
      <test>AB15_GUI.Tests.Models.ReceiveCommunicationPackage_Tests.WhenDataIsValid_ThenDataIsUnpackedCorrectly(System.Collections.Generic.List`1[System.Byte])</test>
      <test>AB15_GUI.Tests.Models.ReceiveCommunicationPackage_Tests.WhenDataIsValid_ThenDataIsUnpackedCorrectly(System.Collections.Generic.List`1[System.Byte])</test>
      <test>AB15_GUI.Tests.Models.ThreadSafeObservableList_Tests.WhenClearing_ThenAllItemsRemoved</test>
      <test>AB15_GUI.Tests.Models.ThreadSafeObservableList_Tests.WhenListChanges_ThenCollectionChangedEventIsRaised</test>
      <test>AB15_GUI.Tests.Models.ThreadSafeObservableList_Tests.WhenModifyingItemsWithIndexer_ThenItemsAreExpected</test>
      <test>AB15_GUI.Tests.Models.ThreadSafeObservableList_Tests.WhenPropertiesChanges_ThenPropertyChangedEventIsRaised</test>
      <test>AB15_GUI.Tests.Models.ThreadSafeObservableList_Tests.WhenAddingValidItems_ThenExpectedNumberOfItemsAdded(100,22)</test>
      <test>AB15_GUI.Tests.Models.ThreadSafeObservableList_Tests.WhenAddingValidItems_ThenExpectedNumberOfItemsAdded(100,24)</test>
      <test>AB15_GUI.Tests.Models.ThreadSafeObservableList_Tests.WhenAddingValidItems_ThenExpectedNumberOfItemsAdded(100,29)</test>
      <test>AB15_GUI.Tests.Models.ThreadSafeObservableList_Tests.WhenAddingValidItems_ThenExpectedNumberOfItemsAdded(50,22)</test>
      <test>AB15_GUI.Tests.Models.ThreadSafeObservableList_Tests.WhenAddingValidItems_ThenExpectedNumberOfItemsAdded(50,24)</test>
      <test>AB15_GUI.Tests.Models.ThreadSafeObservableList_Tests.WhenAddingValidItems_ThenExpectedNumberOfItemsAdded(50,29)</test>
      <test>AB15_GUI.Tests.Models.ThreadSafeObservableList_Tests.WhenAddingValidItems_ThenExpectedNumberOfItemsAdded(10,22)</test>
      <test>AB15_GUI.Tests.Models.ThreadSafeObservableList_Tests.WhenAddingValidItems_ThenExpectedNumberOfItemsAdded(10,24)</test>
      <test>AB15_GUI.Tests.Models.ThreadSafeObservableList_Tests.WhenAddingValidItems_ThenExpectedNumberOfItemsAdded(10,29)</test>
      <test>AB15_GUI.Tests.Models.ThreadSafeObservableList_Tests.WhenProvidedCorrectInput_ThenStoredDataIsExpected("one","two","three")</test>
      <test>AB15_GUI.Tests.Models.ThreadSafeObservableList_Tests.WhenProvidedCorrectInput_ThenStoredDataIsExpected("something1","23","else")</test>
      <test>AB15_GUI.Tests.Models.ThreadSafeObservableList_Tests.WhenRemovingItems_ThenExpectedNumberOfItemsRemoved(6)</test>
      <test>AB15_GUI.Tests.Models.ThreadSafeObservableList_Tests.WhenRemovingItems_ThenExpectedNumberOfItemsRemoved(9)</test>
      <test>AB15_GUI.Tests.Models.ThreadSafeObservableList_Tests.WhenRemovingItems_ThenExpectedNumberOfItemsRemoved(8)</test>
      <test>AB15_GUI.Tests.Models.ThreadSafeObservableList_Tests.WhenRemovingItems_ThenExpectedNumberOfItemsRemoved(9)</test>
      <test>AB15_GUI.Tests.Models.ThreadSafeObservableList_Tests.WhenRemovingItems_ThenExpectedNumberOfItemsRemoved(8)</test>
      <test>AB15_GUI.Tests.Models.ThreadSafeObservableList_Tests.WhenStorageLimitExceeded_ThenCircularBufferLogicOperates(10)</test>
      <test>AB15_GUI.Tests.Models.ThreadSafeObservableList_Tests.WhenStorageLimitExceeded_ThenCircularBufferLogicOperates(100)</test>
      <test>AB15_GUI.Tests.Models.ThreadSafeObservableList_Tests.WhenWritingFromFewThreads_ThenAllItemsAreAdded(96)</test>
      <test>AB15_GUI.Tests.Models.ThreadSafeObservableList_Tests.WhenWritingFromFewThreads_ThenAllItemsAreAdded(175)</test>
      <test>AB15_GUI.Tests.Models.ThreadSafeObservableList_Tests.WhenWritingFromFewThreads_ThenAllItemsAreAdded(94)</test>
      <test>AB15_GUI.Tests.Models.ThreadSafeObservableList_Tests.WhenWritingFromFewThreads_ThenAllItemsAreAdded(154)</test>
      <test>AB15_GUI.Tests.Models.ThreadSafeObservableList_Tests.WhenWritingFromFewThreads_ThenAllItemsAreAdded(67)</test>
      <test>AB15_GUI.Tests.Models.TransmitCommunicationPackage_Tests.WhenDataIsNotValid_ThenDataHandledExpectedly((0, 0, 63))</test>
      <test>AB15_GUI.Tests.Models.TransmitCommunicationPackage_Tests.WhenDataIsNotValid_ThenDataHandledExpectedly((0, 0, 0))</test>
      <test>AB15_GUI.Tests.Models.TransmitCommunicationPackage_Tests.WhenDataIsNotValid_ThenDataHandledExpectedly((0, -1, 0))</test>
      <test>AB15_GUI.Tests.Models.TransmitCommunicationPackage_Tests.WhenDataIsNotValid_ThenDataHandledExpectedly((0, 500, 0))</test>
      <test>AB15_GUI.Tests.Models.TransmitCommunicationPackage_Tests.WhenDataIsValid_ThenDataIsPackedCorrectly(System.Collections.Generic.List`1[System.Byte])</test>
      <test>AB15_GUI.Tests.Models.TransmitCommunicationPackage_Tests.WhenDataIsValid_ThenDataIsPackedCorrectly(System.Collections.Generic.List`1[System.Byte])</test>
      <test>AB15_GUI.Tests.Models.TransmitCommunicationPackage_Tests.WhenDataIsValid_ThenDataIsPackedCorrectly(System.Collections.Generic.List`1[System.Byte])</test>
      <test>AB15_GUI.Tests.Models.TransmitCommunicationPackage_Tests.WhenDataIsValid_ThenDataIsPackedCorrectly(System.Collections.Generic.List`1[System.Byte])</test>
      <test>AB15_GUI.Tests.Models.WDStatusPayload_Tests.WhenErrorResponse_ThenDataErrorIsSet((ERROR, System.Collections.Generic.List`1[System.Byte]))</test>
      <test>AB15_GUI.Tests.Models.WDStatusPayload_Tests.WhenErrorResponse_ThenDataErrorIsSet((ERROR, System.Collections.Generic.List`1[System.Byte]))</test>
      <test>AB15_GUI.Tests.Models.WDStatusPayload_Tests.WhenErrorResponse_ThenDataErrorIsSet((RESPONSE_ABSENT, System.Collections.Generic.List`1[System.Byte]))</test>
      <test>AB15_GUI.Tests.Models.WDStatusPayload_Tests.WhenSuccessfulResponse_ThenDataUnpackedSuccessfully((DATA, System.Collections.Generic.List`1[System.Byte]))</test>
      <test>AB15_GUI.Tests.Models.WDStatusPayload_Tests.WhenSuccessfulResponse_ThenDataUnpackedSuccessfully((DATA, System.Collections.Generic.List`1[System.Byte]))</test>
      <test>AB15_GUI.Tests.Services.SerialWrapper_Tests.WhenInvalidPackageIsReceived_ThenItNotPassesValidation(System.Collections.Generic.List`1[System.Byte])</test>
      <test>AB15_GUI.Tests.Services.SerialWrapper_Tests.WhenInvalidPackageIsReceived_ThenItNotPassesValidation(System.Collections.Generic.List`1[System.Byte])</test>
      <test>AB15_GUI.Tests.Services.SerialWrapper_Tests.WhenInvalidPackageIsReceived_ThenItNotPassesValidation(System.Collections.Generic.List`1[System.Byte])</test>
      <test>AB15_GUI.Tests.Services.SerialWrapper_Tests.WhenInvalidPackageIsReceived_ThenItNotPassesValidation(System.Collections.Generic.List`1[System.Byte])</test>
      <test>AB15_GUI.Tests.Services.SerialWrapper_Tests.WhenValidPackageIsReceived_ThenCorrectDelegateIsInvoked(System.Collections.Generic.List`1[System.Byte])</test>
      <test>AB15_GUI.Tests.Services.SerialWrapper_Tests.WhenValidPackageIsReceived_ThenCorrectDelegateIsInvoked(System.Collections.Generic.List`1[System.Byte])</test>
      <test>AB15_GUI.Tests.Services.SerialWrapper_Tests.WhenValidPackageIsReceived_ThenCorrectDelegateIsInvoked(System.Collections.Generic.List`1[System.Byte])</test>
      <test>AB15_GUI.Tests.Services.SerialWrapper_Tests.WhenValidPackageIsReceived_ThenCorrectDelegateIsInvoked(System.Collections.Generic.List`1[System.Byte])</test>
      <test>AB15_GUI.Tests.Services.SerialWrapper_Tests.WhenValidPackageIsWritten_ThenDataSendToCOMPortIsCorrect((System.Collections.Generic.List`1[System.Byte], True))</test>
      <test>AB15_GUI.Tests.Services.SerialWrapper_Tests.WhenValidPackageIsWritten_ThenDataSendToCOMPortIsCorrect((System.Collections.Generic.List`1[System.Byte], False))</test>
      <test>AB15_GUI.Tests.Services.SerialWrapper_Tests.WhenValidPackageIsWritten_ThenDataSendToCOMPortIsCorrect((System.Collections.Generic.List`1[System.Byte], True))</test>
      <test>AB15_GUI.Tests.Services.SerialWrapper_Tests.WhenValidPackageIsWritten_ThenDataSendToCOMPortIsCorrect((System.Collections.Generic.List`1[System.Byte], False))</test>
      <test>AB15_GUI.Tests.Services.Waitlist_Tests.WhenValidItemsAreAdded_ThenWaitlistItemIsCorrect(AB15_GUI.WPF.Models.EmptyPayload,True)</test>
      <test>AB15_GUI.Tests.Services.Waitlist_Tests.WhenValidItemsAreAdded_ThenWaitlistItemIsCorrect(AB15_GUI.WPF.Models.EmptyPayload,False)</test>
      <test>AB15_GUI.Tests.ViewModels.WatchdogViewModel_Tests.WhenWDSequenceCorrect_ThenConfiguredWorksExpectedly</test>
      <test>AB15_GUI.Tests.ViewModels.WatchdogViewModel_Tests.WhenWDSequenceCorrect_ThenIdleWorksExpectedly</test>
      <test>AB15_GUI.Tests.ViewModels.WatchdogViewModel_Tests.WhenWDSequenceCorrect_ThenInConfigurationWorksExpectedly</test>
      <test>AB15_GUI.Tests.ViewModels.WatchdogViewModel_Tests.WhenWDSequenceCorrect_ThenRunningWorksExpectedly</test>
      <test>AB15_GUI.Tests.ViewModels.WatchdogViewModel_Tests.WhenWDSequenceCorrect_ThenStoppingWorksExpectedly</test>
    </or>
  </filter>
  <test-suite type="Assembly" id="0-1124" name="AB15_GUI.Tests.dll" fullname="C:\Users\DUO7KV\Projects\ab15_sw\gui\AB15_GUI.Tests\bin\Debug\net8.0-windows\AB15_GUI.Tests.dll" runstate="Runnable" testcasecount="90" result="Passed" start-time="2024-10-24T07:24:17.9996281Z" end-time="2024-10-24T07:24:26.2101077Z" duration="8.210148" total="90" passed="90" failed="0" warnings="0" inconclusive="0" skipped="0" asserts="256">
    <environment framework-version="4.0.1.0" clr-version="8.0.10" os-version="Microsoft Windows 10.0.22631" platform="Win32NT" cwd="C:\Users\DUO7KV\Projects\ab15_sw\gui\AB15_GUI.Tests\TestResults" machine-name="KV5-C-0004C" user="DUO7KV" user-domain="EMEA" culture="en-GB" uiculture="en-US" os-architecture="x64" />
    <settings>
      <setting name="SynchronousEvents" value="False" />
      <setting name="InternalTraceLevel" value="Off" />
      <setting name="RandomSeed" value="1919093359" />
      <setting name="SkipNonTestAssemblies" value="True" />
      <setting name="ProcessModel" value="InProcess" />
      <setting name="DomainUsage" value="Single" />
      <setting name="DefaultTestNamePattern" value="{m}{a}" />
      <setting name="WorkDirectory" value="C:\Users\DUO7KV\Projects\ab15_sw\gui\AB15_GUI.Tests\bin\Debug\net8.0-windows\..\..\..\TestResults" />
      <setting name="NumberOfTestWorkers" value="12" />
    </settings>
    <properties>
      <property name="_PID" value="2828" />
      <property name="_APPDOMAIN" value="testhost" />
    </properties>
    <test-suite type="TestSuite" id="0-1125" name="AB15_GUI" fullname="AB15_GUI" runstate="Runnable" testcasecount="90" result="Passed" start-time="2024-10-24T07:24:18.0021709Z" end-time="2024-10-24T07:24:26.2101037Z" duration="8.207618" total="90" passed="90" failed="0" warnings="0" inconclusive="0" skipped="0" asserts="256">
      <test-suite type="TestSuite" id="0-1126" name="Tests" fullname="AB15_GUI.Tests" runstate="Runnable" testcasecount="90" result="Passed" start-time="2024-10-24T07:24:18.0023603Z" end-time="2024-10-24T07:24:26.2101008Z" duration="8.207426" total="90" passed="90" failed="0" warnings="0" inconclusive="0" skipped="0" asserts="256">
        <test-suite type="TestSuite" id="0-1127" name="ViewModels" fullname="AB15_GUI.Tests.ViewModels" runstate="Runnable" testcasecount="5" result="Passed" start-time="2024-10-24T07:24:18.0023950Z" end-time="2024-10-24T07:24:18.1030891Z" duration="0.100690" total="5" passed="5" failed="0" warnings="0" inconclusive="0" skipped="0" asserts="48">
          <test-suite type="TestFixture" id="0-1001" name="WatchdogViewModel_Tests" fullname="AB15_GUI.Tests.ViewModels.WatchdogViewModel_Tests" classname="AB15_GUI.Tests.ViewModels.WatchdogViewModel_Tests" runstate="Runnable" testcasecount="5" result="Passed" start-time="2024-10-24T07:24:18.0031332Z" end-time="2024-10-24T07:24:18.1028955Z" duration="0.099759" total="5" passed="5" failed="0" warnings="0" inconclusive="0" skipped="0" asserts="48">
            <properties>
              <property name="ParallelScope" value="None" />
            </properties>
            <test-case id="0-1002" name="WhenWDSequenceCorrect_ThenIdleWorksExpectedly" fullname="AB15_GUI.Tests.ViewModels.WatchdogViewModel_Tests.WhenWDSequenceCorrect_ThenIdleWorksExpectedly" methodname="WhenWDSequenceCorrect_ThenIdleWorksExpectedly" classname="AB15_GUI.Tests.ViewModels.WatchdogViewModel_Tests" runstate="Runnable" seed="145161572" result="Passed" start-time="2024-10-24T07:24:18.0750130Z" end-time="2024-10-24T07:24:18.0800264Z" duration="0.005045" asserts="6">
              <properties>
                <property name="Order" value="1" />
                <property name="Description" value="Check parameters in IDLE state" />
                <property name="ParallelScope" value="None" />
              </properties>
            </test-case>
            <test-case id="0-1003" name="WhenWDSequenceCorrect_ThenInConfigurationWorksExpectedly" fullname="AB15_GUI.Tests.ViewModels.WatchdogViewModel_Tests.WhenWDSequenceCorrect_ThenInConfigurationWorksExpectedly" methodname="WhenWDSequenceCorrect_ThenInConfigurationWorksExpectedly" classname="AB15_GUI.Tests.ViewModels.WatchdogViewModel_Tests" runstate="Runnable" seed="1291331220" result="Passed" start-time="2024-10-24T07:24:18.0807425Z" end-time="2024-10-24T07:24:18.0880942Z" duration="0.007352" asserts="11">
              <properties>
                <property name="Order" value="2" />
                <property name="Description" value="Check parameters in InConfiguration state" />
                <property name="ParallelScope" value="None" />
              </properties>
            </test-case>
            <test-case id="0-1004" name="WhenWDSequenceCorrect_ThenConfiguredWorksExpectedly" fullname="AB15_GUI.Tests.ViewModels.WatchdogViewModel_Tests.WhenWDSequenceCorrect_ThenConfiguredWorksExpectedly" methodname="WhenWDSequenceCorrect_ThenConfiguredWorksExpectedly" classname="AB15_GUI.Tests.ViewModels.WatchdogViewModel_Tests" runstate="Runnable" seed="741214442" result="Passed" start-time="2024-10-24T07:24:18.0881283Z" end-time="2024-10-24T07:24:18.0904236Z" duration="0.002295" asserts="9">
              <properties>
                <property name="Order" value="3" />
                <property name="Description" value="Check parameters in Configured state" />
                <property name="ParallelScope" value="None" />
              </properties>
            </test-case>
            <test-case id="0-1005" name="WhenWDSequenceCorrect_ThenRunningWorksExpectedly" fullname="AB15_GUI.Tests.ViewModels.WatchdogViewModel_Tests.WhenWDSequenceCorrect_ThenRunningWorksExpectedly" methodname="WhenWDSequenceCorrect_ThenRunningWorksExpectedly" classname="AB15_GUI.Tests.ViewModels.WatchdogViewModel_Tests" runstate="Runnable" seed="1746645234" result="Passed" start-time="2024-10-24T07:24:18.0904378Z" end-time="2024-10-24T07:24:18.0946515Z" duration="0.004214" asserts="11">
              <properties>
                <property name="Order" value="4" />
                <property name="Description" value="Check parameters in Running state" />
                <property name="ParallelScope" value="None" />
              </properties>
            </test-case>
            <test-case id="0-1006" name="WhenWDSequenceCorrect_ThenStoppingWorksExpectedly" fullname="AB15_GUI.Tests.ViewModels.WatchdogViewModel_Tests.WhenWDSequenceCorrect_ThenStoppingWorksExpectedly" methodname="WhenWDSequenceCorrect_ThenStoppingWorksExpectedly" classname="AB15_GUI.Tests.ViewModels.WatchdogViewModel_Tests" runstate="Runnable" seed="1757363439" result="Passed" start-time="2024-10-24T07:24:18.0946693Z" end-time="2024-10-24T07:24:18.1014602Z" duration="0.006791" asserts="11">
              <properties>
                <property name="Order" value="5" />
                <property name="Description" value="Check parameters after stop" />
                <property name="ParallelScope" value="None" />
              </properties>
            </test-case>
          </test-suite>
        </test-suite>
        <test-suite type="TestSuite" id="0-1129" name="Models" fullname="AB15_GUI.Tests.Models" runstate="Runnable" testcasecount="71" result="Passed" start-time="2024-10-24T07:24:18.0023702Z" end-time="2024-10-24T07:24:18.1366752Z" duration="0.134300" total="71" passed="71" failed="0" warnings="0" inconclusive="0" skipped="0" asserts="156">
          <test-suite type="TestFixture" id="0-1037" name="GetCRC8_Tests" fullname="AB15_GUI.Tests.Models.GetCRC8_Tests" classname="AB15_GUI.Tests.Models.GetCRC8_Tests" runstate="Runnable" testcasecount="6" result="Passed" start-time="2024-10-24T07:24:18.1245578Z" end-time="2024-10-24T07:24:18.1269270Z" duration="0.002369" total="6" passed="6" failed="0" warnings="0" inconclusive="0" skipped="0" asserts="6">
            <properties>
              <property name="ParallelScope" value="Self" />
            </properties>
            <test-suite type="ParameterizedMethod" id="0-1044" name="WhenDataIsProvided_ThenCRC8IsCalculatedExpectedly" fullname="AB15_GUI.Tests.Models.GetCRC8_Tests.WhenDataIsProvided_ThenCRC8IsCalculatedExpectedly" classname="AB15_GUI.Tests.Models.GetCRC8_Tests" runstate="Runnable" testcasecount="6" result="Passed" start-time="2024-10-24T07:24:18.1250224Z" end-time="2024-10-24T07:24:18.1267746Z" duration="0.001752" total="6" passed="6" failed="0" warnings="0" inconclusive="0" skipped="0" asserts="6">
              <properties>
                <property name="Description" value="Checking that CRC is calculated expetedly" />
              </properties>
              <test-case id="0-1038" name="WhenDataIsProvided_ThenCRC8IsCalculatedExpectedly((79, 0, System.Collections.Generic.List`1[System.Byte]))" fullname="AB15_GUI.Tests.Models.GetCRC8_Tests.WhenDataIsProvided_ThenCRC8IsCalculatedExpectedly((79, 0, System.Collections.Generic.List`1[System.Byte]))" methodname="WhenDataIsProvided_ThenCRC8IsCalculatedExpectedly" classname="AB15_GUI.Tests.Models.GetCRC8_Tests" runstate="Runnable" seed="1527165923" result="Passed" start-time="2024-10-24T07:24:18.1250503Z" end-time="2024-10-24T07:24:18.1261319Z" duration="0.001082" asserts="1" />
              <test-case id="0-1039" name="WhenDataIsProvided_ThenCRC8IsCalculatedExpectedly((85, 0, System.Collections.Generic.List`1[System.Byte]))" fullname="AB15_GUI.Tests.Models.GetCRC8_Tests.WhenDataIsProvided_ThenCRC8IsCalculatedExpectedly((85, 0, System.Collections.Generic.List`1[System.Byte]))" methodname="WhenDataIsProvided_ThenCRC8IsCalculatedExpectedly" classname="AB15_GUI.Tests.Models.GetCRC8_Tests" runstate="Runnable" seed="525407704" result="Passed" start-time="2024-10-24T07:24:18.1261881Z" end-time="2024-10-24T07:24:18.1266322Z" duration="0.000444" asserts="1" />
              <test-case id="0-1040" name="WhenDataIsProvided_ThenCRC8IsCalculatedExpectedly((85, 3, System.Collections.Generic.List`1[System.Byte]))" fullname="AB15_GUI.Tests.Models.GetCRC8_Tests.WhenDataIsProvided_ThenCRC8IsCalculatedExpectedly((85, 3, System.Collections.Generic.List`1[System.Byte]))" methodname="WhenDataIsProvided_ThenCRC8IsCalculatedExpectedly" classname="AB15_GUI.Tests.Models.GetCRC8_Tests" runstate="Runnable" seed="1045981118" result="Passed" start-time="2024-10-24T07:24:18.1266526Z" end-time="2024-10-24T07:24:18.1266828Z" duration="0.000030" asserts="1" />
              <test-case id="0-1041" name="WhenDataIsProvided_ThenCRC8IsCalculatedExpectedly((180, 0, System.Collections.Generic.List`1[System.Byte]))" fullname="AB15_GUI.Tests.Models.GetCRC8_Tests.WhenDataIsProvided_ThenCRC8IsCalculatedExpectedly((180, 0, System.Collections.Generic.List`1[System.Byte]))" methodname="WhenDataIsProvided_ThenCRC8IsCalculatedExpectedly" classname="AB15_GUI.Tests.Models.GetCRC8_Tests" runstate="Runnable" seed="1377233898" result="Passed" start-time="2024-10-24T07:24:18.1266932Z" end-time="2024-10-24T07:24:18.1267100Z" duration="0.000017" asserts="1" />
              <test-case id="0-1042" name="WhenDataIsProvided_ThenCRC8IsCalculatedExpectedly((216, 1, System.Collections.Generic.List`1[System.Byte]))" fullname="AB15_GUI.Tests.Models.GetCRC8_Tests.WhenDataIsProvided_ThenCRC8IsCalculatedExpectedly((216, 1, System.Collections.Generic.List`1[System.Byte]))" methodname="WhenDataIsProvided_ThenCRC8IsCalculatedExpectedly" classname="AB15_GUI.Tests.Models.GetCRC8_Tests" runstate="Runnable" seed="1010094694" result="Passed" start-time="2024-10-24T07:24:18.1267189Z" end-time="2024-10-24T07:24:18.1267335Z" duration="0.000015" asserts="1" />
              <test-case id="0-1043" name="WhenDataIsProvided_ThenCRC8IsCalculatedExpectedly((162, 1, System.Collections.Generic.List`1[System.Byte]))" fullname="AB15_GUI.Tests.Models.GetCRC8_Tests.WhenDataIsProvided_ThenCRC8IsCalculatedExpectedly((162, 1, System.Collections.Generic.List`1[System.Byte]))" methodname="WhenDataIsProvided_ThenCRC8IsCalculatedExpectedly" classname="AB15_GUI.Tests.Models.GetCRC8_Tests" runstate="Runnable" seed="2010119998" result="Passed" start-time="2024-10-24T07:24:18.1267422Z" end-time="2024-10-24T07:24:18.1267562Z" duration="0.000014" asserts="1" />
            </test-suite>
          </test-suite>
          <test-suite type="TestFixture" id="0-1045" name="ReceiveCommunicationPackage_Tests" fullname="AB15_GUI.Tests.Models.ReceiveCommunicationPackage_Tests" classname="AB15_GUI.Tests.Models.ReceiveCommunicationPackage_Tests" runstate="Runnable" testcasecount="8" result="Passed" start-time="2024-10-24T07:24:18.1245679Z" end-time="2024-10-24T07:24:18.1320787Z" duration="0.007511" total="8" passed="8" failed="0" warnings="0" inconclusive="0" skipped="0" asserts="40">
            <properties>
              <property name="ParallelScope" value="Self" />
            </properties>
            <test-suite type="ParameterizedMethod" id="0-1055" name="WhenDataIsNotValid_ThenDataHandledExpectedly" fullname="AB15_GUI.Tests.Models.ReceiveCommunicationPackage_Tests.WhenDataIsNotValid_ThenDataHandledExpectedly" classname="AB15_GUI.Tests.Models.ReceiveCommunicationPackage_Tests" runstate="Runnable" testcasecount="4" result="Passed" start-time="2024-10-24T07:24:18.1250256Z" end-time="2024-10-24T07:24:18.1279843Z" duration="0.002959" total="4" passed="4" failed="0" warnings="0" inconclusive="0" skipped="0" asserts="20">
              <properties>
                <property name="Description" value="Checking that invalid data is unpacked expectedly" />
              </properties>
              <test-case id="0-1051" name="WhenDataIsNotValid_ThenDataHandledExpectedly(System.Collections.Generic.List`1[System.Byte])" fullname="AB15_GUI.Tests.Models.ReceiveCommunicationPackage_Tests.WhenDataIsNotValid_ThenDataHandledExpectedly(System.Collections.Generic.List`1[System.Byte])" methodname="WhenDataIsNotValid_ThenDataHandledExpectedly" classname="AB15_GUI.Tests.Models.ReceiveCommunicationPackage_Tests" runstate="Runnable" seed="574581471" result="Passed" start-time="2024-10-24T07:24:18.1250489Z" end-time="2024-10-24T07:24:18.1274093Z" duration="0.002361" asserts="5" />
              <test-case id="0-1052" name="WhenDataIsNotValid_ThenDataHandledExpectedly(System.Collections.Generic.List`1[System.Byte])" fullname="AB15_GUI.Tests.Models.ReceiveCommunicationPackage_Tests.WhenDataIsNotValid_ThenDataHandledExpectedly(System.Collections.Generic.List`1[System.Byte])" methodname="WhenDataIsNotValid_ThenDataHandledExpectedly" classname="AB15_GUI.Tests.Models.ReceiveCommunicationPackage_Tests" runstate="Runnable" seed="76278231" result="Passed" start-time="2024-10-24T07:24:18.1274436Z" end-time="2024-10-24T07:24:18.1277466Z" duration="0.000303" asserts="5" />
              <test-case id="0-1053" name="WhenDataIsNotValid_ThenDataHandledExpectedly(System.Collections.Generic.List`1[System.Byte])" fullname="AB15_GUI.Tests.Models.ReceiveCommunicationPackage_Tests.WhenDataIsNotValid_ThenDataHandledExpectedly(System.Collections.Generic.List`1[System.Byte])" methodname="WhenDataIsNotValid_ThenDataHandledExpectedly" classname="AB15_GUI.Tests.Models.ReceiveCommunicationPackage_Tests" runstate="Runnable" seed="2144691639" result="Passed" start-time="2024-10-24T07:24:18.1277654Z" end-time="2024-10-24T07:24:18.1278941Z" duration="0.000129" asserts="5" />
              <test-case id="0-1054" name="WhenDataIsNotValid_ThenDataHandledExpectedly(System.Collections.Generic.List`1[System.Byte])" fullname="AB15_GUI.Tests.Models.ReceiveCommunicationPackage_Tests.WhenDataIsNotValid_ThenDataHandledExpectedly(System.Collections.Generic.List`1[System.Byte])" methodname="WhenDataIsNotValid_ThenDataHandledExpectedly" classname="AB15_GUI.Tests.Models.ReceiveCommunicationPackage_Tests" runstate="Runnable" seed="117479282" result="Passed" start-time="2024-10-24T07:24:18.1279390Z" end-time="2024-10-24T07:24:18.1279739Z" duration="0.000035" asserts="5" />
            </test-suite>
            <test-suite type="ParameterizedMethod" id="0-1050" name="WhenDataIsValid_ThenDataIsUnpackedCorrectly" fullname="AB15_GUI.Tests.Models.ReceiveCommunicationPackage_Tests.WhenDataIsValid_ThenDataIsUnpackedCorrectly" classname="AB15_GUI.Tests.Models.ReceiveCommunicationPackage_Tests" runstate="Runnable" testcasecount="4" result="Passed" start-time="2024-10-24T07:24:18.1279951Z" end-time="2024-10-24T07:24:18.1319234Z" duration="0.003928" total="4" passed="4" failed="0" warnings="0" inconclusive="0" skipped="0" asserts="20">
              <properties>
                <property name="Description" value="Checking that valid data is unpacked correctly" />
              </properties>
              <test-case id="0-1046" name="WhenDataIsValid_ThenDataIsUnpackedCorrectly(System.Collections.Generic.List`1[System.Byte])" fullname="AB15_GUI.Tests.Models.ReceiveCommunicationPackage_Tests.WhenDataIsValid_ThenDataIsUnpackedCorrectly(System.Collections.Generic.List`1[System.Byte])" methodname="WhenDataIsValid_ThenDataIsUnpackedCorrectly" classname="AB15_GUI.Tests.Models.ReceiveCommunicationPackage_Tests" runstate="Runnable" seed="948266720" result="Passed" start-time="2024-10-24T07:24:18.1280111Z" end-time="2024-10-24T07:24:18.1314934Z" duration="0.003482" asserts="5" />
              <test-case id="0-1047" name="WhenDataIsValid_ThenDataIsUnpackedCorrectly(System.Collections.Generic.List`1[System.Byte])" fullname="AB15_GUI.Tests.Models.ReceiveCommunicationPackage_Tests.WhenDataIsValid_ThenDataIsUnpackedCorrectly(System.Collections.Generic.List`1[System.Byte])" methodname="WhenDataIsValid_ThenDataIsUnpackedCorrectly" classname="AB15_GUI.Tests.Models.ReceiveCommunicationPackage_Tests" runstate="Runnable" seed="1596085418" result="Passed" start-time="2024-10-24T07:24:18.1315081Z" end-time="2024-10-24T07:24:18.1318022Z" duration="0.000294" asserts="5" />
              <test-case id="0-1048" name="WhenDataIsValid_ThenDataIsUnpackedCorrectly(System.Collections.Generic.List`1[System.Byte])" fullname="AB15_GUI.Tests.Models.ReceiveCommunicationPackage_Tests.WhenDataIsValid_ThenDataIsUnpackedCorrectly(System.Collections.Generic.List`1[System.Byte])" methodname="WhenDataIsValid_ThenDataIsUnpackedCorrectly" classname="AB15_GUI.Tests.Models.ReceiveCommunicationPackage_Tests" runstate="Runnable" seed="695688235" result="Passed" start-time="2024-10-24T07:24:18.1318189Z" end-time="2024-10-24T07:24:18.1318598Z" duration="0.000041" asserts="5" />
              <test-case id="0-1049" name="WhenDataIsValid_ThenDataIsUnpackedCorrectly(System.Collections.Generic.List`1[System.Byte])" fullname="AB15_GUI.Tests.Models.ReceiveCommunicationPackage_Tests.WhenDataIsValid_ThenDataIsUnpackedCorrectly(System.Collections.Generic.List`1[System.Byte])" methodname="WhenDataIsValid_ThenDataIsUnpackedCorrectly" classname="AB15_GUI.Tests.Models.ReceiveCommunicationPackage_Tests" runstate="Runnable" seed="1799417664" result="Passed" start-time="2024-10-24T07:24:18.1318714Z" end-time="2024-10-24T07:24:18.1319081Z" duration="0.000037" asserts="5" />
            </test-suite>
          </test-suite>
          <test-suite type="TestFixture" id="0-1089" name="TransmitCommunicationPackage_Tests" fullname="AB15_GUI.Tests.Models.TransmitCommunicationPackage_Tests" classname="AB15_GUI.Tests.Models.TransmitCommunicationPackage_Tests" runstate="Runnable" testcasecount="8" result="Passed" start-time="2024-10-24T07:24:18.1245700Z" end-time="2024-10-24T07:24:18.1321734Z" duration="0.007603" total="8" passed="8" failed="0" warnings="0" inconclusive="0" skipped="0" asserts="20">
            <properties>
              <property name="ParallelScope" value="Self" />
            </properties>
            <test-suite type="ParameterizedMethod" id="0-1099" name="WhenDataIsNotValid_ThenDataHandledExpectedly" fullname="AB15_GUI.Tests.Models.TransmitCommunicationPackage_Tests.WhenDataIsNotValid_ThenDataHandledExpectedly" classname="AB15_GUI.Tests.Models.TransmitCommunicationPackage_Tests" runstate="Runnable" testcasecount="4" result="Passed" start-time="2024-10-24T07:24:18.1250399Z" end-time="2024-10-24T07:24:18.1267239Z" duration="0.001684" total="4" passed="4" failed="0" warnings="0" inconclusive="0" skipped="0" asserts="8">
              <properties>
                <property name="Description" value="Checking that invalid data is not packed and error is reported" />
              </properties>
              <test-case id="0-1095" name="WhenDataIsNotValid_ThenDataHandledExpectedly((0, 0, 63))" fullname="AB15_GUI.Tests.Models.TransmitCommunicationPackage_Tests.WhenDataIsNotValid_ThenDataHandledExpectedly((0, 0, 63))" methodname="WhenDataIsNotValid_ThenDataHandledExpectedly" classname="AB15_GUI.Tests.Models.TransmitCommunicationPackage_Tests" runstate="Runnable" seed="1992271452" result="Passed" start-time="2024-10-24T07:24:18.1252300Z" end-time="2024-10-24T07:24:18.1264027Z" duration="0.001173" asserts="2" />
              <test-case id="0-1096" name="WhenDataIsNotValid_ThenDataHandledExpectedly((0, 0, 0))" fullname="AB15_GUI.Tests.Models.TransmitCommunicationPackage_Tests.WhenDataIsNotValid_ThenDataHandledExpectedly((0, 0, 0))" methodname="WhenDataIsNotValid_ThenDataHandledExpectedly" classname="AB15_GUI.Tests.Models.TransmitCommunicationPackage_Tests" runstate="Runnable" seed="194465556" result="Passed" start-time="2024-10-24T07:24:18.1264175Z" end-time="2024-10-24T07:24:18.1266671Z" duration="0.000250" asserts="2" />
              <test-case id="0-1097" name="WhenDataIsNotValid_ThenDataHandledExpectedly((0, -1, 0))" fullname="AB15_GUI.Tests.Models.TransmitCommunicationPackage_Tests.WhenDataIsNotValid_ThenDataHandledExpectedly((0, -1, 0))" methodname="WhenDataIsNotValid_ThenDataHandledExpectedly" classname="AB15_GUI.Tests.Models.TransmitCommunicationPackage_Tests" runstate="Runnable" seed="2026723657" result="Passed" start-time="2024-10-24T07:24:18.1266828Z" end-time="2024-10-24T07:24:18.1267011Z" duration="0.000018" asserts="2" />
              <test-case id="0-1098" name="WhenDataIsNotValid_ThenDataHandledExpectedly((0, 500, 0))" fullname="AB15_GUI.Tests.Models.TransmitCommunicationPackage_Tests.WhenDataIsNotValid_ThenDataHandledExpectedly((0, 500, 0))" methodname="WhenDataIsNotValid_ThenDataHandledExpectedly" classname="AB15_GUI.Tests.Models.TransmitCommunicationPackage_Tests" runstate="Runnable" seed="1046578537" result="Passed" start-time="2024-10-24T07:24:18.1267065Z" end-time="2024-10-24T07:24:18.1267128Z" duration="0.000006" asserts="2" />
            </test-suite>
            <test-suite type="ParameterizedMethod" id="0-1094" name="WhenDataIsValid_ThenDataIsPackedCorrectly" fullname="AB15_GUI.Tests.Models.TransmitCommunicationPackage_Tests.WhenDataIsValid_ThenDataIsPackedCorrectly" classname="AB15_GUI.Tests.Models.TransmitCommunicationPackage_Tests" runstate="Runnable" testcasecount="4" result="Passed" start-time="2024-10-24T07:24:18.1267365Z" end-time="2024-10-24T07:24:18.1320524Z" duration="0.005316" total="4" passed="4" failed="0" warnings="0" inconclusive="0" skipped="0" asserts="12">
              <properties>
                <property name="Description" value="Checking that valid data is packed correctly" />
              </properties>
              <test-case id="0-1090" name="WhenDataIsValid_ThenDataIsPackedCorrectly(System.Collections.Generic.List`1[System.Byte])" fullname="AB15_GUI.Tests.Models.TransmitCommunicationPackage_Tests.WhenDataIsValid_ThenDataIsPackedCorrectly(System.Collections.Generic.List`1[System.Byte])" methodname="WhenDataIsValid_ThenDataIsPackedCorrectly" classname="AB15_GUI.Tests.Models.TransmitCommunicationPackage_Tests" runstate="Runnable" seed="371992094" result="Passed" start-time="2024-10-24T07:24:18.1267551Z" end-time="2024-10-24T07:24:18.1317000Z" duration="0.004945" asserts="3" />
              <test-case id="0-1091" name="WhenDataIsValid_ThenDataIsPackedCorrectly(System.Collections.Generic.List`1[System.Byte])" fullname="AB15_GUI.Tests.Models.TransmitCommunicationPackage_Tests.WhenDataIsValid_ThenDataIsPackedCorrectly(System.Collections.Generic.List`1[System.Byte])" methodname="WhenDataIsValid_ThenDataIsPackedCorrectly" classname="AB15_GUI.Tests.Models.TransmitCommunicationPackage_Tests" runstate="Runnable" seed="487806002" result="Passed" start-time="2024-10-24T07:24:18.1317160Z" end-time="2024-10-24T07:24:18.1319352Z" duration="0.000219" asserts="3" />
              <test-case id="0-1092" name="WhenDataIsValid_ThenDataIsPackedCorrectly(System.Collections.Generic.List`1[System.Byte])" fullname="AB15_GUI.Tests.Models.TransmitCommunicationPackage_Tests.WhenDataIsValid_ThenDataIsPackedCorrectly(System.Collections.Generic.List`1[System.Byte])" methodname="WhenDataIsValid_ThenDataIsPackedCorrectly" classname="AB15_GUI.Tests.Models.TransmitCommunicationPackage_Tests" runstate="Runnable" seed="638852446" result="Passed" start-time="2024-10-24T07:24:18.1319478Z" end-time="2024-10-24T07:24:18.1319991Z" duration="0.000051" asserts="3" />
              <test-case id="0-1093" name="WhenDataIsValid_ThenDataIsPackedCorrectly(System.Collections.Generic.List`1[System.Byte])" fullname="AB15_GUI.Tests.Models.TransmitCommunicationPackage_Tests.WhenDataIsValid_ThenDataIsPackedCorrectly(System.Collections.Generic.List`1[System.Byte])" methodname="WhenDataIsValid_ThenDataIsPackedCorrectly" classname="AB15_GUI.Tests.Models.TransmitCommunicationPackage_Tests" runstate="Runnable" seed="720488968" result="Passed" start-time="2024-10-24T07:24:18.1320090Z" end-time="2024-10-24T07:24:18.1320414Z" duration="0.000032" asserts="3" />
            </test-suite>
          </test-suite>
          <test-suite type="TestFixture" id="0-1027" name="DeviceIDPayload_Tests" fullname="AB15_GUI.Tests.Models.DeviceIDPayload_Tests" classname="AB15_GUI.Tests.Models.DeviceIDPayload_Tests" runstate="Runnable" testcasecount="7" result="Passed" start-time="2024-10-24T07:24:18.1245519Z" end-time="2024-10-24T07:24:18.1330396Z" duration="0.008487" total="7" passed="7" failed="0" warnings="0" inconclusive="0" skipped="0" asserts="11">
            <properties>
              <property name="ParallelScope" value="Self" />
            </properties>
            <test-suite type="ParameterizedMethod" id="0-1036" name="WhenErrorResponce_ThenDataErrorIsSet" fullname="AB15_GUI.Tests.Models.DeviceIDPayload_Tests.WhenErrorResponce_ThenDataErrorIsSet" classname="AB15_GUI.Tests.Models.DeviceIDPayload_Tests" runstate="Runnable" testcasecount="3" result="Passed" start-time="2024-10-24T07:24:18.1250135Z" end-time="2024-10-24T07:24:18.1319472Z" duration="0.006933" total="3" passed="3" failed="0" warnings="0" inconclusive="0" skipped="0" asserts="3">
              <properties>
                <property name="Description" value="Checking that invalid packages are unpacked correctly" />
              </properties>
              <test-case id="0-1033" name="WhenErrorResponce_ThenDataErrorIsSet((ERROR, System.Collections.Generic.List`1[System.Byte]))" fullname="AB15_GUI.Tests.Models.DeviceIDPayload_Tests.WhenErrorResponce_ThenDataErrorIsSet((ERROR, System.Collections.Generic.List`1[System.Byte]))" methodname="WhenErrorResponce_ThenDataErrorIsSet" classname="AB15_GUI.Tests.Models.DeviceIDPayload_Tests" runstate="Runnable" seed="1888086390" result="Passed" start-time="2024-10-24T07:24:18.1250320Z" end-time="2024-10-24T07:24:18.1316056Z" duration="0.006574" asserts="1" />
              <test-case id="0-1034" name="WhenErrorResponce_ThenDataErrorIsSet((ERROR, System.Collections.Generic.List`1[System.Byte]))" fullname="AB15_GUI.Tests.Models.DeviceIDPayload_Tests.WhenErrorResponce_ThenDataErrorIsSet((ERROR, System.Collections.Generic.List`1[System.Byte]))" methodname="WhenErrorResponce_ThenDataErrorIsSet" classname="AB15_GUI.Tests.Models.DeviceIDPayload_Tests" runstate="Runnable" seed="2009119424" result="Passed" start-time="2024-10-24T07:24:18.1316208Z" end-time="2024-10-24T07:24:18.1318889Z" duration="0.000268" asserts="1" />
              <test-case id="0-1035" name="WhenErrorResponce_ThenDataErrorIsSet((RESPONSE_ABSENT, System.Collections.Generic.List`1[System.Byte]))" fullname="AB15_GUI.Tests.Models.DeviceIDPayload_Tests.WhenErrorResponce_ThenDataErrorIsSet((RESPONSE_ABSENT, System.Collections.Generic.List`1[System.Byte]))" methodname="WhenErrorResponce_ThenDataErrorIsSet" classname="AB15_GUI.Tests.Models.DeviceIDPayload_Tests" runstate="Runnable" seed="508059227" result="Passed" start-time="2024-10-24T07:24:18.1319055Z" end-time="2024-10-24T07:24:18.1319257Z" duration="0.000020" asserts="1" />
            </test-suite>
            <test-suite type="ParameterizedMethod" id="0-1032" name="WhenSuccessfulResponce_ThenDataUnpackedSuccessfully" fullname="AB15_GUI.Tests.Models.DeviceIDPayload_Tests.WhenSuccessfulResponce_ThenDataUnpackedSuccessfully" classname="AB15_GUI.Tests.Models.DeviceIDPayload_Tests" runstate="Runnable" testcasecount="4" result="Passed" start-time="2024-10-24T07:24:18.1319805Z" end-time="2024-10-24T07:24:18.1329232Z" duration="0.000942" total="4" passed="4" failed="0" warnings="0" inconclusive="0" skipped="0" asserts="8">
              <properties>
                <property name="Description" value="Checking that valid packages are unpacked correctly" />
              </properties>
              <test-case id="0-1028" name="WhenSuccessfulResponce_ThenDataUnpackedSuccessfully((DATA, System.Collections.Generic.List`1[System.Byte]))" fullname="AB15_GUI.Tests.Models.DeviceIDPayload_Tests.WhenSuccessfulResponce_ThenDataUnpackedSuccessfully((DATA, System.Collections.Generic.List`1[System.Byte]))" methodname="WhenSuccessfulResponce_ThenDataUnpackedSuccessfully" classname="AB15_GUI.Tests.Models.DeviceIDPayload_Tests" runstate="Runnable" seed="156662574" result="Passed" start-time="2024-10-24T07:24:18.1320197Z" end-time="2024-10-24T07:24:18.1325400Z" duration="0.000520" asserts="2" />
              <test-case id="0-1029" name="WhenSuccessfulResponce_ThenDataUnpackedSuccessfully((DATA, System.Collections.Generic.List`1[System.Byte]))" fullname="AB15_GUI.Tests.Models.DeviceIDPayload_Tests.WhenSuccessfulResponce_ThenDataUnpackedSuccessfully((DATA, System.Collections.Generic.List`1[System.Byte]))" methodname="WhenSuccessfulResponce_ThenDataUnpackedSuccessfully" classname="AB15_GUI.Tests.Models.DeviceIDPayload_Tests" runstate="Runnable" seed="1992767566" result="Passed" start-time="2024-10-24T07:24:18.1325558Z" end-time="2024-10-24T07:24:18.1328546Z" duration="0.000299" asserts="2" />
              <test-case id="0-1030" name="WhenSuccessfulResponce_ThenDataUnpackedSuccessfully((DATA, System.Collections.Generic.List`1[System.Byte]))" fullname="AB15_GUI.Tests.Models.DeviceIDPayload_Tests.WhenSuccessfulResponce_ThenDataUnpackedSuccessfully((DATA, System.Collections.Generic.List`1[System.Byte]))" methodname="WhenSuccessfulResponce_ThenDataUnpackedSuccessfully" classname="AB15_GUI.Tests.Models.DeviceIDPayload_Tests" runstate="Runnable" seed="330419673" result="Passed" start-time="2024-10-24T07:24:18.1328709Z" end-time="2024-10-24T07:24:18.1328896Z" duration="0.000019" asserts="2" />
              <test-case id="0-1031" name="WhenSuccessfulResponce_ThenDataUnpackedSuccessfully((DATA, System.Collections.Generic.List`1[System.Byte]))" fullname="AB15_GUI.Tests.Models.DeviceIDPayload_Tests.WhenSuccessfulResponce_ThenDataUnpackedSuccessfully((DATA, System.Collections.Generic.List`1[System.Byte]))" methodname="WhenSuccessfulResponce_ThenDataUnpackedSuccessfully" classname="AB15_GUI.Tests.Models.DeviceIDPayload_Tests" runstate="Runnable" seed="1040714056" result="Passed" start-time="2024-10-24T07:24:18.1328976Z" end-time="2024-10-24T07:24:18.1329108Z" duration="0.000013" asserts="2" />
            </test-suite>
          </test-suite>
          <test-suite type="TestFixture" id="0-1101" name="WDStatusPayload_Tests" fullname="AB15_GUI.Tests.Models.WDStatusPayload_Tests" classname="AB15_GUI.Tests.Models.WDStatusPayload_Tests" runstate="Runnable" testcasecount="5" result="Passed" start-time="2024-10-24T07:24:18.1245803Z" end-time="2024-10-24T07:24:18.1341421Z" duration="0.009562" total="5" passed="5" failed="0" warnings="0" inconclusive="0" skipped="0" asserts="7">
            <properties>
              <property name="ParallelScope" value="Self" />
            </properties>
            <test-suite type="ParameterizedMethod" id="0-1108" name="WhenErrorResponse_ThenDataErrorIsSet" fullname="AB15_GUI.Tests.Models.WDStatusPayload_Tests.WhenErrorResponse_ThenDataErrorIsSet" classname="AB15_GUI.Tests.Models.WDStatusPayload_Tests" runstate="Runnable" testcasecount="3" result="Passed" start-time="2024-10-24T07:24:18.1250080Z" end-time="2024-10-24T07:24:18.1319472Z" duration="0.006939" total="3" passed="3" failed="0" warnings="0" inconclusive="0" skipped="0" asserts="3">
              <properties>
                <property name="Description" value="Checking that invalid packages are unpacked correctly" />
              </properties>
              <test-case id="0-1105" name="WhenErrorResponse_ThenDataErrorIsSet((ERROR, System.Collections.Generic.List`1[System.Byte]))" fullname="AB15_GUI.Tests.Models.WDStatusPayload_Tests.WhenErrorResponse_ThenDataErrorIsSet((ERROR, System.Collections.Generic.List`1[System.Byte]))" methodname="WhenErrorResponse_ThenDataErrorIsSet" classname="AB15_GUI.Tests.Models.WDStatusPayload_Tests" runstate="Runnable" seed="1830651089" result="Passed" start-time="2024-10-24T07:24:18.1250295Z" end-time="2024-10-24T07:24:18.1315937Z" duration="0.006564" asserts="1" />
              <test-case id="0-1106" name="WhenErrorResponse_ThenDataErrorIsSet((ERROR, System.Collections.Generic.List`1[System.Byte]))" fullname="AB15_GUI.Tests.Models.WDStatusPayload_Tests.WhenErrorResponse_ThenDataErrorIsSet((ERROR, System.Collections.Generic.List`1[System.Byte]))" methodname="WhenErrorResponse_ThenDataErrorIsSet" classname="AB15_GUI.Tests.Models.WDStatusPayload_Tests" runstate="Runnable" seed="689932840" result="Passed" start-time="2024-10-24T07:24:18.1316129Z" end-time="2024-10-24T07:24:18.1318889Z" duration="0.000276" asserts="1" />
              <test-case id="0-1107" name="WhenErrorResponse_ThenDataErrorIsSet((RESPONSE_ABSENT, System.Collections.Generic.List`1[System.Byte]))" fullname="AB15_GUI.Tests.Models.WDStatusPayload_Tests.WhenErrorResponse_ThenDataErrorIsSet((RESPONSE_ABSENT, System.Collections.Generic.List`1[System.Byte]))" methodname="WhenErrorResponse_ThenDataErrorIsSet" classname="AB15_GUI.Tests.Models.WDStatusPayload_Tests" runstate="Runnable" seed="2024700670" result="Passed" start-time="2024-10-24T07:24:18.1319053Z" end-time="2024-10-24T07:24:18.1319306Z" duration="0.000025" asserts="1" />
            </test-suite>
            <test-suite type="ParameterizedMethod" id="0-1104" name="WhenSuccessfulResponse_ThenDataUnpackedSuccessfully" fullname="AB15_GUI.Tests.Models.WDStatusPayload_Tests.WhenSuccessfulResponse_ThenDataUnpackedSuccessfully" classname="AB15_GUI.Tests.Models.WDStatusPayload_Tests" runstate="Runnable" testcasecount="2" result="Passed" start-time="2024-10-24T07:24:18.1319810Z" end-time="2024-10-24T07:24:18.1339870Z" duration="0.002006" total="2" passed="2" failed="0" warnings="0" inconclusive="0" skipped="0" asserts="4">
              <properties>
                <property name="Description" value="Checking that valid packages are unpacked correctly" />
              </properties>
              <test-case id="0-1102" name="WhenSuccessfulResponse_ThenDataUnpackedSuccessfully((DATA, System.Collections.Generic.List`1[System.Byte]))" fullname="AB15_GUI.Tests.Models.WDStatusPayload_Tests.WhenSuccessfulResponse_ThenDataUnpackedSuccessfully((DATA, System.Collections.Generic.List`1[System.Byte]))" methodname="WhenSuccessfulResponse_ThenDataUnpackedSuccessfully" classname="AB15_GUI.Tests.Models.WDStatusPayload_Tests" runstate="Runnable" seed="901545850" result="Passed" start-time="2024-10-24T07:24:18.1320075Z" end-time="2024-10-24T07:24:18.1333964Z" duration="0.001389" asserts="2" />
              <test-case id="0-1103" name="WhenSuccessfulResponse_ThenDataUnpackedSuccessfully((DATA, System.Collections.Generic.List`1[System.Byte]))" fullname="AB15_GUI.Tests.Models.WDStatusPayload_Tests.WhenSuccessfulResponse_ThenDataUnpackedSuccessfully((DATA, System.Collections.Generic.List`1[System.Byte]))" methodname="WhenSuccessfulResponse_ThenDataUnpackedSuccessfully" classname="AB15_GUI.Tests.Models.WDStatusPayload_Tests" runstate="Runnable" seed="302394175" result="Passed" start-time="2024-10-24T07:24:18.1334142Z" end-time="2024-10-24T07:24:18.1339713Z" duration="0.000557" asserts="2" />
            </test-suite>
          </test-suite>
          <test-suite type="TestFixture" id="0-1056" name="ThreadSafeObservableList_Tests" fullname="AB15_GUI.Tests.Models.ThreadSafeObservableList_Tests" classname="AB15_GUI.Tests.Models.ThreadSafeObservableList_Tests" runstate="Runnable" testcasecount="27" result="Passed" start-time="2024-10-24T07:24:18.1245695Z" end-time="2024-10-24T07:24:18.1364261Z" duration="0.011856" total="27" passed="27" failed="0" warnings="0" inconclusive="0" skipped="0" asserts="40">
            <properties>
              <property name="ParallelScope" value="Self" />
            </properties>
            <test-suite type="ParameterizedMethod" id="0-1072" name="WhenAddingValidItems_ThenExpectedNumberOfItemsAdded" fullname="AB15_GUI.Tests.Models.ThreadSafeObservableList_Tests.WhenAddingValidItems_ThenExpectedNumberOfItemsAdded" classname="AB15_GUI.Tests.Models.ThreadSafeObservableList_Tests" runstate="Runnable" testcasecount="9" result="Passed" start-time="2024-10-24T07:24:18.1250392Z" end-time="2024-10-24T07:24:18.1289813Z" duration="0.003942" total="9" passed="9" failed="0" warnings="0" inconclusive="0" skipped="0" asserts="9">
              <properties>
                <property name="Description" value="Add method test" />
              </properties>
              <test-case id="0-1063" name="WhenAddingValidItems_ThenExpectedNumberOfItemsAdded(100,22)" fullname="AB15_GUI.Tests.Models.ThreadSafeObservableList_Tests.WhenAddingValidItems_ThenExpectedNumberOfItemsAdded(100,22)" methodname="WhenAddingValidItems_ThenExpectedNumberOfItemsAdded" classname="AB15_GUI.Tests.Models.ThreadSafeObservableList_Tests" runstate="Runnable" seed="1015328164" result="Passed" start-time="2024-10-24T07:24:18.1250996Z" end-time="2024-10-24T07:24:18.1281055Z" duration="0.003006" asserts="1" />
              <test-case id="0-1064" name="WhenAddingValidItems_ThenExpectedNumberOfItemsAdded(100,24)" fullname="AB15_GUI.Tests.Models.ThreadSafeObservableList_Tests.WhenAddingValidItems_ThenExpectedNumberOfItemsAdded(100,24)" methodname="WhenAddingValidItems_ThenExpectedNumberOfItemsAdded" classname="AB15_GUI.Tests.Models.ThreadSafeObservableList_Tests" runstate="Runnable" seed="306280220" result="Passed" start-time="2024-10-24T07:24:18.1281265Z" end-time="2024-10-24T07:24:18.1284566Z" duration="0.000330" asserts="1" />
              <test-case id="0-1065" name="WhenAddingValidItems_ThenExpectedNumberOfItemsAdded(100,29)" fullname="AB15_GUI.Tests.Models.ThreadSafeObservableList_Tests.WhenAddingValidItems_ThenExpectedNumberOfItemsAdded(100,29)" methodname="WhenAddingValidItems_ThenExpectedNumberOfItemsAdded" classname="AB15_GUI.Tests.Models.ThreadSafeObservableList_Tests" runstate="Runnable" seed="1498729084" result="Passed" start-time="2024-10-24T07:24:18.1284729Z" end-time="2024-10-24T07:24:18.1285039Z" duration="0.000031" asserts="1" />
              <test-case id="0-1066" name="WhenAddingValidItems_ThenExpectedNumberOfItemsAdded(50,22)" fullname="AB15_GUI.Tests.Models.ThreadSafeObservableList_Tests.WhenAddingValidItems_ThenExpectedNumberOfItemsAdded(50,22)" methodname="WhenAddingValidItems_ThenExpectedNumberOfItemsAdded" classname="AB15_GUI.Tests.Models.ThreadSafeObservableList_Tests" runstate="Runnable" seed="479865188" result="Passed" start-time="2024-10-24T07:24:18.1285136Z" end-time="2024-10-24T07:24:18.1285391Z" duration="0.000026" asserts="1" />
              <test-case id="0-1067" name="WhenAddingValidItems_ThenExpectedNumberOfItemsAdded(50,24)" fullname="AB15_GUI.Tests.Models.ThreadSafeObservableList_Tests.WhenAddingValidItems_ThenExpectedNumberOfItemsAdded(50,24)" methodname="WhenAddingValidItems_ThenExpectedNumberOfItemsAdded" classname="AB15_GUI.Tests.Models.ThreadSafeObservableList_Tests" runstate="Runnable" seed="443099973" result="Passed" start-time="2024-10-24T07:24:18.1285477Z" end-time="2024-10-24T07:24:18.1285690Z" duration="0.000021" asserts="1" />
              <test-case id="0-1068" name="WhenAddingValidItems_ThenExpectedNumberOfItemsAdded(50,29)" fullname="AB15_GUI.Tests.Models.ThreadSafeObservableList_Tests.WhenAddingValidItems_ThenExpectedNumberOfItemsAdded(50,29)" methodname="WhenAddingValidItems_ThenExpectedNumberOfItemsAdded" classname="AB15_GUI.Tests.Models.ThreadSafeObservableList_Tests" runstate="Runnable" seed="1147810654" result="Passed" start-time="2024-10-24T07:24:18.1285769Z" end-time="2024-10-24T07:24:18.1285974Z" duration="0.000021" asserts="1" />
              <test-case id="0-1069" name="WhenAddingValidItems_ThenExpectedNumberOfItemsAdded(10,22)" fullname="AB15_GUI.Tests.Models.ThreadSafeObservableList_Tests.WhenAddingValidItems_ThenExpectedNumberOfItemsAdded(10,22)" methodname="WhenAddingValidItems_ThenExpectedNumberOfItemsAdded" classname="AB15_GUI.Tests.Models.ThreadSafeObservableList_Tests" runstate="Runnable" seed="2016408631" result="Passed" start-time="2024-10-24T07:24:18.1286051Z" end-time="2024-10-24T07:24:18.1288797Z" duration="0.000275" asserts="1" />
              <test-case id="0-1070" name="WhenAddingValidItems_ThenExpectedNumberOfItemsAdded(10,24)" fullname="AB15_GUI.Tests.Models.ThreadSafeObservableList_Tests.WhenAddingValidItems_ThenExpectedNumberOfItemsAdded(10,24)" methodname="WhenAddingValidItems_ThenExpectedNumberOfItemsAdded" classname="AB15_GUI.Tests.Models.ThreadSafeObservableList_Tests" runstate="Runnable" seed="1892276499" result="Passed" start-time="2024-10-24T07:24:18.1288974Z" end-time="2024-10-24T07:24:18.1289326Z" duration="0.000035" asserts="1" />
              <test-case id="0-1071" name="WhenAddingValidItems_ThenExpectedNumberOfItemsAdded(10,29)" fullname="AB15_GUI.Tests.Models.ThreadSafeObservableList_Tests.WhenAddingValidItems_ThenExpectedNumberOfItemsAdded(10,29)" methodname="WhenAddingValidItems_ThenExpectedNumberOfItemsAdded" classname="AB15_GUI.Tests.Models.ThreadSafeObservableList_Tests" runstate="Runnable" seed="323903844" result="Passed" start-time="2024-10-24T07:24:18.1289418Z" end-time="2024-10-24T07:24:18.1289675Z" duration="0.000026" asserts="1" />
            </test-suite>
            <test-case id="0-1080" name="WhenClearing_ThenAllItemsRemoved" fullname="AB15_GUI.Tests.Models.ThreadSafeObservableList_Tests.WhenClearing_ThenAllItemsRemoved" methodname="WhenClearing_ThenAllItemsRemoved" classname="AB15_GUI.Tests.Models.ThreadSafeObservableList_Tests" runstate="Runnable" seed="242708324" result="Passed" start-time="2024-10-24T07:24:18.1289945Z" end-time="2024-10-24T07:24:18.1296784Z" duration="0.000684" asserts="1">
              <properties>
                <property name="Description" value="Clear method test" />
              </properties>
            </test-case>
            <test-case id="0-1087" name="WhenListChanges_ThenCollectionChangedEventIsRaised" fullname="AB15_GUI.Tests.Models.ThreadSafeObservableList_Tests.WhenListChanges_ThenCollectionChangedEventIsRaised" methodname="WhenListChanges_ThenCollectionChangedEventIsRaised" classname="AB15_GUI.Tests.Models.ThreadSafeObservableList_Tests" runstate="Runnable" seed="1992111206" result="Passed" start-time="2024-10-24T07:24:18.1297001Z" end-time="2024-10-24T07:24:18.1313184Z" duration="0.001619" asserts="1">
              <properties>
                <property name="Description" value="CollectionChanged event raising test" />
              </properties>
            </test-case>
            <test-case id="0-1079" name="WhenModifyingItemsWithIndexer_ThenItemsAreExpected" fullname="AB15_GUI.Tests.Models.ThreadSafeObservableList_Tests.WhenModifyingItemsWithIndexer_ThenItemsAreExpected" methodname="WhenModifyingItemsWithIndexer_ThenItemsAreExpected" classname="AB15_GUI.Tests.Models.ThreadSafeObservableList_Tests" runstate="Runnable" seed="1401449242" result="Passed" start-time="2024-10-24T07:24:18.1313470Z" end-time="2024-10-24T07:24:18.1315586Z" duration="0.000212" asserts="1">
              <properties>
                <property name="Description" value="Indexer value modification test" />
              </properties>
            </test-case>
            <test-case id="0-1088" name="WhenPropertiesChanges_ThenPropertyChangedEventIsRaised" fullname="AB15_GUI.Tests.Models.ThreadSafeObservableList_Tests.WhenPropertiesChanges_ThenPropertyChangedEventIsRaised" methodname="WhenPropertiesChanges_ThenPropertyChangedEventIsRaised" classname="AB15_GUI.Tests.Models.ThreadSafeObservableList_Tests" runstate="Runnable" seed="1396563272" result="Passed" start-time="2024-10-24T07:24:18.1315764Z" end-time="2024-10-24T07:24:18.1319923Z" duration="0.000416" asserts="1">
              <properties>
                <property name="Description" value="PropertyChanged event raising test" />
              </properties>
            </test-case>
            <test-suite type="ParameterizedMethod" id="0-1059" name="WhenProvidedCorrectInput_ThenStoredDataIsExpected" fullname="AB15_GUI.Tests.Models.ThreadSafeObservableList_Tests.WhenProvidedCorrectInput_ThenStoredDataIsExpected" classname="AB15_GUI.Tests.Models.ThreadSafeObservableList_Tests" runstate="Runnable" testcasecount="2" result="Passed" start-time="2024-10-24T07:24:18.1320044Z" end-time="2024-10-24T07:24:18.1324523Z" duration="0.000448" total="2" passed="2" failed="0" warnings="0" inconclusive="0" skipped="0" asserts="8">
              <properties>
                <property name="Description" value="Basic operation test" />
              </properties>
              <test-case id="0-1057" name="WhenProvidedCorrectInput_ThenStoredDataIsExpected(&quot;one&quot;,&quot;two&quot;,&quot;three&quot;)" fullname="AB15_GUI.Tests.Models.ThreadSafeObservableList_Tests.WhenProvidedCorrectInput_ThenStoredDataIsExpected(&quot;one&quot;,&quot;two&quot;,&quot;three&quot;)" methodname="WhenProvidedCorrectInput_ThenStoredDataIsExpected" classname="AB15_GUI.Tests.Models.ThreadSafeObservableList_Tests" runstate="Runnable" seed="49618949" result="Passed" start-time="2024-10-24T07:24:18.1320217Z" end-time="2024-10-24T07:24:18.1322811Z" duration="0.000260" asserts="4" />
              <test-case id="0-1058" name="WhenProvidedCorrectInput_ThenStoredDataIsExpected(&quot;something1&quot;,&quot;23&quot;,&quot;else&quot;)" fullname="AB15_GUI.Tests.Models.ThreadSafeObservableList_Tests.WhenProvidedCorrectInput_ThenStoredDataIsExpected(&quot;something1&quot;,&quot;23&quot;,&quot;else&quot;)" methodname="WhenProvidedCorrectInput_ThenStoredDataIsExpected" classname="AB15_GUI.Tests.Models.ThreadSafeObservableList_Tests" runstate="Runnable" seed="1799967064" result="Passed" start-time="2024-10-24T07:24:18.1322914Z" end-time="2024-10-24T07:24:18.1324388Z" duration="0.000148" asserts="4" />
            </test-suite>
            <test-suite type="ParameterizedMethod" id="0-1078" name="WhenRemovingItems_ThenExpectedNumberOfItemsRemoved" fullname="AB15_GUI.Tests.Models.ThreadSafeObservableList_Tests.WhenRemovingItems_ThenExpectedNumberOfItemsRemoved" classname="AB15_GUI.Tests.Models.ThreadSafeObservableList_Tests" runstate="Runnable" testcasecount="5" result="Passed" start-time="2024-10-24T07:24:18.1324628Z" end-time="2024-10-24T07:24:18.1333810Z" duration="0.000918" total="5" passed="5" failed="0" warnings="0" inconclusive="0" skipped="0" asserts="10">
              <properties>
                <property name="Description" value="Remove method test" />
              </properties>
              <test-case id="0-1073" name="WhenRemovingItems_ThenExpectedNumberOfItemsRemoved(6)" fullname="AB15_GUI.Tests.Models.ThreadSafeObservableList_Tests.WhenRemovingItems_ThenExpectedNumberOfItemsRemoved(6)" methodname="WhenRemovingItems_ThenExpectedNumberOfItemsRemoved" classname="AB15_GUI.Tests.Models.ThreadSafeObservableList_Tests" runstate="Runnable" seed="263757287" result="Passed" start-time="2024-10-24T07:24:18.1324784Z" end-time="2024-10-24T07:24:18.1329276Z" duration="0.000449" asserts="2" />
              <test-case id="0-1074" name="WhenRemovingItems_ThenExpectedNumberOfItemsRemoved(9)" fullname="AB15_GUI.Tests.Models.ThreadSafeObservableList_Tests.WhenRemovingItems_ThenExpectedNumberOfItemsRemoved(9)" methodname="WhenRemovingItems_ThenExpectedNumberOfItemsRemoved" classname="AB15_GUI.Tests.Models.ThreadSafeObservableList_Tests" runstate="Runnable" seed="745473119" result="Passed" start-time="2024-10-24T07:24:18.1329418Z" end-time="2024-10-24T07:24:18.1332710Z" duration="0.000329" asserts="2" />
              <test-case id="0-1075" name="WhenRemovingItems_ThenExpectedNumberOfItemsRemoved(8)" fullname="AB15_GUI.Tests.Models.ThreadSafeObservableList_Tests.WhenRemovingItems_ThenExpectedNumberOfItemsRemoved(8)" methodname="WhenRemovingItems_ThenExpectedNumberOfItemsRemoved" classname="AB15_GUI.Tests.Models.ThreadSafeObservableList_Tests" runstate="Runnable" seed="2066281249" result="Passed" start-time="2024-10-24T07:24:18.1332859Z" end-time="2024-10-24T07:24:18.1333139Z" duration="0.000028" asserts="2" />
              <test-case id="0-1076" name="WhenRemovingItems_ThenExpectedNumberOfItemsRemoved(9)" fullname="AB15_GUI.Tests.Models.ThreadSafeObservableList_Tests.WhenRemovingItems_ThenExpectedNumberOfItemsRemoved(9)" methodname="WhenRemovingItems_ThenExpectedNumberOfItemsRemoved" classname="AB15_GUI.Tests.Models.ThreadSafeObservableList_Tests" runstate="Runnable" seed="1849772281" result="Passed" start-time="2024-10-24T07:24:18.1333232Z" end-time="2024-10-24T07:24:18.1333430Z" duration="0.000020" asserts="2" />
              <test-case id="0-1077" name="WhenRemovingItems_ThenExpectedNumberOfItemsRemoved(8)" fullname="AB15_GUI.Tests.Models.ThreadSafeObservableList_Tests.WhenRemovingItems_ThenExpectedNumberOfItemsRemoved(8)" methodname="WhenRemovingItems_ThenExpectedNumberOfItemsRemoved" classname="AB15_GUI.Tests.Models.ThreadSafeObservableList_Tests" runstate="Runnable" seed="1981098385" result="Passed" start-time="2024-10-24T07:24:18.1333502Z" end-time="2024-10-24T07:24:18.1333702Z" duration="0.000020" asserts="2" />
            </test-suite>
            <test-suite type="ParameterizedMethod" id="0-1062" name="WhenStorageLimitExceeded_ThenCircularBufferLogicOperates" fullname="AB15_GUI.Tests.Models.ThreadSafeObservableList_Tests.WhenStorageLimitExceeded_ThenCircularBufferLogicOperates" classname="AB15_GUI.Tests.Models.ThreadSafeObservableList_Tests" runstate="Runnable" testcasecount="2" result="Passed" start-time="2024-10-24T07:24:18.1333921Z" end-time="2024-10-24T07:24:18.1339926Z" duration="0.000601" total="2" passed="2" failed="0" warnings="0" inconclusive="0" skipped="0" asserts="4">
              <properties>
                <property name="Description" value="Storage limit test" />
              </properties>
              <test-case id="0-1060" name="WhenStorageLimitExceeded_ThenCircularBufferLogicOperates(10)" fullname="AB15_GUI.Tests.Models.ThreadSafeObservableList_Tests.WhenStorageLimitExceeded_ThenCircularBufferLogicOperates(10)" methodname="WhenStorageLimitExceeded_ThenCircularBufferLogicOperates" classname="AB15_GUI.Tests.Models.ThreadSafeObservableList_Tests" runstate="Runnable" seed="1184031793" result="Passed" start-time="2024-10-24T07:24:18.1334135Z" end-time="2024-10-24T07:24:18.1337732Z" duration="0.000360" asserts="2" />
              <test-case id="0-1061" name="WhenStorageLimitExceeded_ThenCircularBufferLogicOperates(100)" fullname="AB15_GUI.Tests.Models.ThreadSafeObservableList_Tests.WhenStorageLimitExceeded_ThenCircularBufferLogicOperates(100)" methodname="WhenStorageLimitExceeded_ThenCircularBufferLogicOperates" classname="AB15_GUI.Tests.Models.ThreadSafeObservableList_Tests" runstate="Runnable" seed="84944824" result="Passed" start-time="2024-10-24T07:24:18.1337883Z" end-time="2024-10-24T07:24:18.1339784Z" duration="0.000190" asserts="2" />
            </test-suite>
            <test-suite type="ParameterizedMethod" id="0-1086" name="WhenWritingFromFewThreads_ThenAllItemsAreAdded" fullname="AB15_GUI.Tests.Models.ThreadSafeObservableList_Tests.WhenWritingFromFewThreads_ThenAllItemsAreAdded" classname="AB15_GUI.Tests.Models.ThreadSafeObservableList_Tests" runstate="Runnable" testcasecount="5" result="Passed" start-time="2024-10-24T07:24:18.1340043Z" end-time="2024-10-24T07:24:18.1362528Z" duration="0.002249" total="5" passed="5" failed="0" warnings="0" inconclusive="0" skipped="0" asserts="5">
              <properties>
                <property name="Description" value="Multithreading test" />
              </properties>
              <test-case id="0-1081" name="WhenWritingFromFewThreads_ThenAllItemsAreAdded(96)" fullname="AB15_GUI.Tests.Models.ThreadSafeObservableList_Tests.WhenWritingFromFewThreads_ThenAllItemsAreAdded(96)" methodname="WhenWritingFromFewThreads_ThenAllItemsAreAdded" classname="AB15_GUI.Tests.Models.ThreadSafeObservableList_Tests" runstate="Runnable" seed="1264287710" result="Passed" start-time="2024-10-24T07:24:18.1340197Z" end-time="2024-10-24T07:24:18.1352025Z" duration="0.001183" asserts="1" />
              <test-case id="0-1082" name="WhenWritingFromFewThreads_ThenAllItemsAreAdded(175)" fullname="AB15_GUI.Tests.Models.ThreadSafeObservableList_Tests.WhenWritingFromFewThreads_ThenAllItemsAreAdded(175)" methodname="WhenWritingFromFewThreads_ThenAllItemsAreAdded" classname="AB15_GUI.Tests.Models.ThreadSafeObservableList_Tests" runstate="Runnable" seed="1862607660" result="Passed" start-time="2024-10-24T07:24:18.1352141Z" end-time="2024-10-24T07:24:18.1356464Z" duration="0.000432" asserts="1" />
              <test-case id="0-1083" name="WhenWritingFromFewThreads_ThenAllItemsAreAdded(94)" fullname="AB15_GUI.Tests.Models.ThreadSafeObservableList_Tests.WhenWritingFromFewThreads_ThenAllItemsAreAdded(94)" methodname="WhenWritingFromFewThreads_ThenAllItemsAreAdded" classname="AB15_GUI.Tests.Models.ThreadSafeObservableList_Tests" runstate="Runnable" seed="936154570" result="Passed" start-time="2024-10-24T07:24:18.1356613Z" end-time="2024-10-24T07:24:18.1358023Z" duration="0.000141" asserts="1" />
              <test-case id="0-1084" name="WhenWritingFromFewThreads_ThenAllItemsAreAdded(154)" fullname="AB15_GUI.Tests.Models.ThreadSafeObservableList_Tests.WhenWritingFromFewThreads_ThenAllItemsAreAdded(154)" methodname="WhenWritingFromFewThreads_ThenAllItemsAreAdded" classname="AB15_GUI.Tests.Models.ThreadSafeObservableList_Tests" runstate="Runnable" seed="1721808483" result="Passed" start-time="2024-10-24T07:24:18.1358177Z" end-time="2024-10-24T07:24:18.1360830Z" duration="0.000266" asserts="1" />
              <test-case id="0-1085" name="WhenWritingFromFewThreads_ThenAllItemsAreAdded(67)" fullname="AB15_GUI.Tests.Models.ThreadSafeObservableList_Tests.WhenWritingFromFewThreads_ThenAllItemsAreAdded(67)" methodname="WhenWritingFromFewThreads_ThenAllItemsAreAdded" classname="AB15_GUI.Tests.Models.ThreadSafeObservableList_Tests" runstate="Runnable" seed="513755362" result="Passed" start-time="2024-10-24T07:24:18.1360975Z" end-time="2024-10-24T07:24:18.1362360Z" duration="0.000139" asserts="1" />
            </test-suite>
          </test-suite>
          <test-suite type="TestSuite" id="0-1130" name="Genereted" fullname="AB15_GUI.Tests.Models.Genereted" runstate="Runnable" testcasecount="10" result="Passed" start-time="2024-10-24T07:24:18.0023762Z" end-time="2024-10-24T07:24:18.1366710Z" duration="0.134290" total="10" passed="10" failed="0" warnings="0" inconclusive="0" skipped="0" asserts="32">
            <test-suite type="TestSuite" id="0-1131" name="Registers" fullname="AB15_GUI.Tests.Models.Genereted.Registers" runstate="Runnable" testcasecount="10" result="Passed" start-time="2024-10-24T07:24:18.0023783Z" end-time="2024-10-24T07:24:18.1366680Z" duration="0.134285" total="10" passed="10" failed="0" warnings="0" inconclusive="0" skipped="0" asserts="32">
              <test-suite type="TestFixture" id="0-1122" name="Reg_spi_set_wdsettings_Tests" fullname="AB15_GUI.Tests.Models.Genereted.Registers.Reg_spi_set_wdsettings_Tests" classname="AB15_GUI.Tests.Models.Genereted.Registers.Reg_spi_set_wdsettings_Tests" runstate="Runnable" testcasecount="1" result="Passed" start-time="2024-10-24T07:24:18.1245548Z" end-time="2024-10-24T07:24:18.1270666Z" duration="0.002512" total="1" passed="1" failed="0" warnings="0" inconclusive="0" skipped="0" asserts="5">
                <properties>
                  <property name="ParallelScope" value="Self" />
                </properties>
                <test-case id="0-1123" name="WhenRegisterIsInstantiated_PropertiesHaveExpectedValues" fullname="AB15_GUI.Tests.Models.Genereted.Registers.Reg_spi_set_wdsettings_Tests.WhenRegisterIsInstantiated_PropertiesHaveExpectedValues" methodname="WhenRegisterIsInstantiated_PropertiesHaveExpectedValues" classname="AB15_GUI.Tests.Models.Genereted.Registers.Reg_spi_set_wdsettings_Tests" runstate="Runnable" seed="862624256" result="Passed" start-time="2024-10-24T07:24:18.1249985Z" end-time="2024-10-24T07:24:18.1269451Z" duration="0.001947" asserts="5">
                  <properties>
                    <property name="Description" value="Check that properties in spi_set_wdsettings are expected" />
                  </properties>
                </test-case>
              </test-suite>
              <test-suite type="TestFixture" id="0-1109" name="Reg_ident_high_Tests" fullname="AB15_GUI.Tests.Models.Genereted.Registers.Reg_ident_high_Tests" classname="AB15_GUI.Tests.Models.Genereted.Registers.Reg_ident_high_Tests" runstate="Runnable" testcasecount="9" result="Passed" start-time="2024-10-24T07:24:18.1245519Z" end-time="2024-10-24T07:24:18.1366579Z" duration="0.012105" total="9" passed="9" failed="0" warnings="0" inconclusive="0" skipped="0" asserts="27">
                <properties>
                  <property name="ParallelScope" value="Self" />
                </properties>
                <test-suite type="ParameterizedMethod" id="0-1116" name="WhenFieldsAreSet_ThenRegisterDataIsCorrect" fullname="AB15_GUI.Tests.Models.Genereted.Registers.Reg_ident_high_Tests.WhenFieldsAreSet_ThenRegisterDataIsCorrect" classname="AB15_GUI.Tests.Models.Genereted.Registers.Reg_ident_high_Tests" runstate="Runnable" testcasecount="2" result="Passed" start-time="2024-10-24T07:24:18.1249888Z" end-time="2024-10-24T07:24:18.1284361Z" duration="0.003447" total="2" passed="2" failed="0" warnings="0" inconclusive="0" skipped="0" asserts="2">
                  <properties>
                    <property name="Description" value="Check Data property get method" />
                  </properties>
                  <test-case id="0-1114" name="WhenFieldsAreSet_ThenRegisterDataIsCorrect(1,18,1)" fullname="AB15_GUI.Tests.Models.Genereted.Registers.Reg_ident_high_Tests.WhenFieldsAreSet_ThenRegisterDataIsCorrect(1,18,1)" methodname="WhenFieldsAreSet_ThenRegisterDataIsCorrect" classname="AB15_GUI.Tests.Models.Genereted.Registers.Reg_ident_high_Tests" runstate="Runnable" seed="1084530514" result="Passed" start-time="2024-10-24T07:24:18.1250176Z" end-time="2024-10-24T07:24:18.1280183Z" duration="0.003001" asserts="1" />
                  <test-case id="0-1115" name="WhenFieldsAreSet_ThenRegisterDataIsCorrect(2,24,2)" fullname="AB15_GUI.Tests.Models.Genereted.Registers.Reg_ident_high_Tests.WhenFieldsAreSet_ThenRegisterDataIsCorrect(2,24,2)" methodname="WhenFieldsAreSet_ThenRegisterDataIsCorrect" classname="AB15_GUI.Tests.Models.Genereted.Registers.Reg_ident_high_Tests" runstate="Runnable" seed="866518346" result="Passed" start-time="2024-10-24T07:24:18.1280372Z" end-time="2024-10-24T07:24:18.1284184Z" duration="0.000381" asserts="1" />
                </test-suite>
                <test-suite type="ParameterizedMethod" id="0-1121" name="WhenLetter1DataOutOfRange_ThenExpectedExceptionIsRaised" fullname="AB15_GUI.Tests.Models.Genereted.Registers.Reg_ident_high_Tests.WhenLetter1DataOutOfRange_ThenExpectedExceptionIsRaised" classname="AB15_GUI.Tests.Models.Genereted.Registers.Reg_ident_high_Tests" runstate="Runnable" testcasecount="1" result="Passed" start-time="2024-10-24T07:24:18.1284537Z" end-time="2024-10-24T07:24:18.1345149Z" duration="0.006061" total="1" passed="1" failed="0" warnings="0" inconclusive="0" skipped="0" asserts="2">
                  <properties>
                    <property name="Description" value="Check OutOfRange exception for field data" />
                  </properties>
                  <test-case id="0-1120" name="WhenLetter1DataOutOfRange_ThenExpectedExceptionIsRaised(63)" fullname="AB15_GUI.Tests.Models.Genereted.Registers.Reg_ident_high_Tests.WhenLetter1DataOutOfRange_ThenExpectedExceptionIsRaised(63)" methodname="WhenLetter1DataOutOfRange_ThenExpectedExceptionIsRaised" classname="AB15_GUI.Tests.Models.Genereted.Registers.Reg_ident_high_Tests" runstate="Runnable" seed="1814915301" result="Passed" start-time="2024-10-24T07:24:18.1284781Z" end-time="2024-10-24T07:24:18.1344934Z" duration="0.006015" asserts="2" />
                </test-suite>
                <test-suite type="ParameterizedMethod" id="0-1119" name="WhenRegisterDataIsSet_ThenFieldValuesAreExpected" fullname="AB15_GUI.Tests.Models.Genereted.Registers.Reg_ident_high_Tests.WhenRegisterDataIsSet_ThenFieldValuesAreExpected" classname="AB15_GUI.Tests.Models.Genereted.Registers.Reg_ident_high_Tests" runstate="Runnable" testcasecount="2" result="Passed" start-time="2024-10-24T07:24:18.1345332Z" end-time="2024-10-24T07:24:18.1355290Z" duration="0.000996" total="2" passed="2" failed="0" warnings="0" inconclusive="0" skipped="0" asserts="6">
                  <properties>
                    <property name="Description" value="Check Data property set method" />
                  </properties>
                  <test-case id="0-1117" name="WhenRegisterDataIsSet_ThenFieldValuesAreExpected(1601,1,18,1)" fullname="AB15_GUI.Tests.Models.Genereted.Registers.Reg_ident_high_Tests.WhenRegisterDataIsSet_ThenFieldValuesAreExpected(1601,1,18,1)" methodname="WhenRegisterDataIsSet_ThenFieldValuesAreExpected" classname="AB15_GUI.Tests.Models.Genereted.Registers.Reg_ident_high_Tests" runstate="Runnable" seed="1228271328" result="Passed" start-time="2024-10-24T07:24:18.1345623Z" end-time="2024-10-24T07:24:18.1351605Z" duration="0.000598" asserts="3" />
                  <test-case id="0-1118" name="WhenRegisterDataIsSet_ThenFieldValuesAreExpected(2818,2,24,2)" fullname="AB15_GUI.Tests.Models.Genereted.Registers.Reg_ident_high_Tests.WhenRegisterDataIsSet_ThenFieldValuesAreExpected(2818,2,24,2)" methodname="WhenRegisterDataIsSet_ThenFieldValuesAreExpected" classname="AB15_GUI.Tests.Models.Genereted.Registers.Reg_ident_high_Tests" runstate="Runnable" seed="1942504365" result="Passed" start-time="2024-10-24T07:24:18.1352094Z" end-time="2024-10-24T07:24:18.1355117Z" duration="0.000302" asserts="3" />
                </test-suite>
                <test-case id="0-1111" name="WhenRegisterIsInstantiated_Letter1PropertiesHaveExpectedValues" fullname="AB15_GUI.Tests.Models.Genereted.Registers.Reg_ident_high_Tests.WhenRegisterIsInstantiated_Letter1PropertiesHaveExpectedValues" methodname="WhenRegisterIsInstantiated_Letter1PropertiesHaveExpectedValues" classname="AB15_GUI.Tests.Models.Genereted.Registers.Reg_ident_high_Tests" runstate="Runnable" seed="1902660046" result="Passed" start-time="2024-10-24T07:24:18.1355412Z" end-time="2024-10-24T07:24:18.1358509Z" duration="0.000310" asserts="4">
                  <properties>
                    <property name="Description" value="Check that constants in Letter1 are expected" />
                  </properties>
                </test-case>
                <test-case id="0-1112" name="WhenRegisterIsInstantiated_Letter2PropertiesHaveExpectedValues" fullname="AB15_GUI.Tests.Models.Genereted.Registers.Reg_ident_high_Tests.WhenRegisterIsInstantiated_Letter2PropertiesHaveExpectedValues" methodname="WhenRegisterIsInstantiated_Letter2PropertiesHaveExpectedValues" classname="AB15_GUI.Tests.Models.Genereted.Registers.Reg_ident_high_Tests" runstate="Runnable" seed="465934656" result="Passed" start-time="2024-10-24T07:24:18.1358589Z" end-time="2024-10-24T07:24:18.1360816Z" duration="0.000223" asserts="4">
                  <properties>
                    <property name="Description" value="Check that constants in Letter2 are expected" />
                  </properties>
                </test-case>
                <test-case id="0-1113" name="WhenRegisterIsInstantiated_Letter3PropertiesHaveExpectedValues" fullname="AB15_GUI.Tests.Models.Genereted.Registers.Reg_ident_high_Tests.WhenRegisterIsInstantiated_Letter3PropertiesHaveExpectedValues" methodname="WhenRegisterIsInstantiated_Letter3PropertiesHaveExpectedValues" classname="AB15_GUI.Tests.Models.Genereted.Registers.Reg_ident_high_Tests" runstate="Runnable" seed="1506273716" result="Passed" start-time="2024-10-24T07:24:18.1360884Z" end-time="2024-10-24T07:24:18.1362971Z" duration="0.000209" asserts="4">
                  <properties>
                    <property name="Description" value="Check that constants in Letter3 are expected" />
                  </properties>
                </test-case>
                <test-case id="0-1110" name="WhenRegisterIsInstantiated_PropertiesHaveExpectedValues" fullname="AB15_GUI.Tests.Models.Genereted.Registers.Reg_ident_high_Tests.WhenRegisterIsInstantiated_PropertiesHaveExpectedValues" methodname="WhenRegisterIsInstantiated_PropertiesHaveExpectedValues" classname="AB15_GUI.Tests.Models.Genereted.Registers.Reg_ident_high_Tests" runstate="Runnable" seed="177591195" result="Passed" start-time="2024-10-24T07:24:18.1363065Z" end-time="2024-10-24T07:24:18.1365674Z" duration="0.000261" asserts="5">
                  <properties>
                    <property name="Description" value="Check that properties in ident_high are expected" />
                  </properties>
                </test-case>
              </test-suite>
            </test-suite>
          </test-suite>
        </test-suite>
        <test-suite type="TestSuite" id="0-1128" name="Services" fullname="AB15_GUI.Tests.Services" runstate="Runnable" testcasecount="14" result="Passed" start-time="2024-10-24T07:24:18.0023913Z" end-time="2024-10-24T07:24:26.2100917Z" duration="8.207388" total="14" passed="14" failed="0" warnings="0" inconclusive="0" skipped="0" asserts="52">
          <test-suite type="TestFixture" id="0-1023" name="Waitlist_Tests" fullname="AB15_GUI.Tests.Services.Waitlist_Tests" classname="AB15_GUI.Tests.Services.Waitlist_Tests" runstate="Runnable" testcasecount="2" result="Passed" start-time="2024-10-24T07:24:18.1247484Z" end-time="2024-10-24T07:24:18.1288405Z" duration="0.004092" total="2" passed="2" failed="0" warnings="0" inconclusive="0" skipped="0" asserts="4">
            <properties>
              <property name="ParallelScope" value="Self" />
            </properties>
            <test-suite type="ParameterizedMethod" id="0-1026" name="WhenValidItemsAreAdded_ThenWaitlistItemIsCorrect" fullname="AB15_GUI.Tests.Services.Waitlist_Tests.WhenValidItemsAreAdded_ThenWaitlistItemIsCorrect" classname="AB15_GUI.Tests.Services.Waitlist_Tests" runstate="Runnable" testcasecount="2" result="Passed" start-time="2024-10-24T07:24:18.1250751Z" end-time="2024-10-24T07:24:18.1287035Z" duration="0.003628" total="2" passed="2" failed="0" warnings="0" inconclusive="0" skipped="0" asserts="4">
              <properties>
                <property name="Description" value="Checking that valid data is send to COM port correctly" />
                <property name="ParallelScope" value="None" />
              </properties>
              <test-case id="0-1024" name="WhenValidItemsAreAdded_ThenWaitlistItemIsCorrect(AB15_GUI.WPF.Models.EmptyPayload,True)" fullname="AB15_GUI.Tests.Services.Waitlist_Tests.WhenValidItemsAreAdded_ThenWaitlistItemIsCorrect(AB15_GUI.WPF.Models.EmptyPayload,True)" methodname="WhenValidItemsAreAdded_ThenWaitlistItemIsCorrect" classname="AB15_GUI.Tests.Services.Waitlist_Tests" runstate="Runnable" seed="2021638720" result="Passed" start-time="2024-10-24T07:24:18.1251077Z" end-time="2024-10-24T07:24:18.1282674Z" duration="0.003160" asserts="2" />
              <test-case id="0-1025" name="WhenValidItemsAreAdded_ThenWaitlistItemIsCorrect(AB15_GUI.WPF.Models.EmptyPayload,False)" fullname="AB15_GUI.Tests.Services.Waitlist_Tests.WhenValidItemsAreAdded_ThenWaitlistItemIsCorrect(AB15_GUI.WPF.Models.EmptyPayload,False)" methodname="WhenValidItemsAreAdded_ThenWaitlistItemIsCorrect" classname="AB15_GUI.Tests.Services.Waitlist_Tests" runstate="Runnable" seed="1863656425" result="Passed" start-time="2024-10-24T07:24:18.1282882Z" end-time="2024-10-24T07:24:18.1286851Z" duration="0.000397" asserts="2" />
            </test-suite>
          </test-suite>
          <test-suite type="TestFixture" id="0-1007" name="SerialWrapper_Tests" fullname="AB15_GUI.Tests.Services.SerialWrapper_Tests" classname="AB15_GUI.Tests.Services.SerialWrapper_Tests" runstate="Runnable" testcasecount="12" result="Passed" start-time="2024-10-24T07:24:18.1245958Z" end-time="2024-10-24T07:24:26.2100713Z" duration="8.085166" total="12" passed="12" failed="0" warnings="0" inconclusive="0" skipped="0" asserts="48">
            <properties>
              <property name="ParallelScope" value="Self, Fixtures" />
            </properties>
            <test-suite type="ParameterizedMethod" id="0-1022" name="WhenInvalidPackageIsReceived_ThenItNotPassesValidation" fullname="AB15_GUI.Tests.Services.SerialWrapper_Tests.WhenInvalidPackageIsReceived_ThenItNotPassesValidation" classname="AB15_GUI.Tests.Services.SerialWrapper_Tests" runstate="Runnable" testcasecount="4" result="Passed" start-time="2024-10-24T07:24:18.1250733Z" end-time="2024-10-24T07:24:22.1657157Z" duration="4.040490" total="4" passed="4" failed="0" warnings="0" inconclusive="0" skipped="0" asserts="8">
              <properties>
                <property name="Description" value="Checking that invalid responses are not invoked" />
                <property name="ParallelScope" value="None" />
              </properties>
              <test-case id="0-1018" name="WhenInvalidPackageIsReceived_ThenItNotPassesValidation(System.Collections.Generic.List`1[System.Byte])" fullname="AB15_GUI.Tests.Services.SerialWrapper_Tests.WhenInvalidPackageIsReceived_ThenItNotPassesValidation(System.Collections.Generic.List`1[System.Byte])" methodname="WhenInvalidPackageIsReceived_ThenItNotPassesValidation" classname="AB15_GUI.Tests.Services.SerialWrapper_Tests" runstate="Runnable" seed="1979778292" result="Passed" start-time="2024-10-24T07:24:18.1251078Z" end-time="2024-10-24T07:24:19.1436653Z" duration="1.018520" asserts="2" />
              <test-case id="0-1019" name="WhenInvalidPackageIsReceived_ThenItNotPassesValidation(System.Collections.Generic.List`1[System.Byte])" fullname="AB15_GUI.Tests.Services.SerialWrapper_Tests.WhenInvalidPackageIsReceived_ThenItNotPassesValidation(System.Collections.Generic.List`1[System.Byte])" methodname="WhenInvalidPackageIsReceived_ThenItNotPassesValidation" classname="AB15_GUI.Tests.Services.SerialWrapper_Tests" runstate="Runnable" seed="337933658" result="Passed" start-time="2024-10-24T07:24:19.1438117Z" end-time="2024-10-24T07:24:20.1521088Z" duration="1.008259" asserts="2" />
              <test-case id="0-1020" name="WhenInvalidPackageIsReceived_ThenItNotPassesValidation(System.Collections.Generic.List`1[System.Byte])" fullname="AB15_GUI.Tests.Services.SerialWrapper_Tests.WhenInvalidPackageIsReceived_ThenItNotPassesValidation(System.Collections.Generic.List`1[System.Byte])" methodname="WhenInvalidPackageIsReceived_ThenItNotPassesValidation" classname="AB15_GUI.Tests.Services.SerialWrapper_Tests" runstate="Runnable" seed="1263717589" result="Passed" start-time="2024-10-24T07:24:20.1522003Z" end-time="2024-10-24T07:24:21.1659574Z" duration="1.013720" asserts="2" />
              <test-case id="0-1021" name="WhenInvalidPackageIsReceived_ThenItNotPassesValidation(System.Collections.Generic.List`1[System.Byte])" fullname="AB15_GUI.Tests.Services.SerialWrapper_Tests.WhenInvalidPackageIsReceived_ThenItNotPassesValidation(System.Collections.Generic.List`1[System.Byte])" methodname="WhenInvalidPackageIsReceived_ThenItNotPassesValidation" classname="AB15_GUI.Tests.Services.SerialWrapper_Tests" runstate="Runnable" seed="1256112048" result="Passed" start-time="2024-10-24T07:24:21.1661238Z" end-time="2024-10-24T07:24:22.1653438Z" duration="0.999183" asserts="2" />
            </test-suite>
            <test-suite type="ParameterizedMethod" id="0-1017" name="WhenValidPackageIsReceived_ThenCorrectDelegateIsInvoked" fullname="AB15_GUI.Tests.Services.SerialWrapper_Tests.WhenValidPackageIsReceived_ThenCorrectDelegateIsInvoked" classname="AB15_GUI.Tests.Services.SerialWrapper_Tests" runstate="Runnable" testcasecount="4" result="Passed" start-time="2024-10-24T07:24:22.1658339Z" end-time="2024-10-24T07:24:26.2067143Z" duration="4.040726" total="4" passed="4" failed="0" warnings="0" inconclusive="0" skipped="0" asserts="24">
              <properties>
                <property name="Description" value="Checking that valid responses are invoked by delegates" />
                <property name="ParallelScope" value="None" />
              </properties>
              <test-case id="0-1013" name="WhenValidPackageIsReceived_ThenCorrectDelegateIsInvoked(System.Collections.Generic.List`1[System.Byte])" fullname="AB15_GUI.Tests.Services.SerialWrapper_Tests.WhenValidPackageIsReceived_ThenCorrectDelegateIsInvoked(System.Collections.Generic.List`1[System.Byte])" methodname="WhenValidPackageIsReceived_ThenCorrectDelegateIsInvoked" classname="AB15_GUI.Tests.Services.SerialWrapper_Tests" runstate="Runnable" seed="646666106" result="Passed" start-time="2024-10-24T07:24:22.1660219Z" end-time="2024-10-24T07:24:23.1711893Z" duration="1.005130" asserts="6" />
              <test-case id="0-1014" name="WhenValidPackageIsReceived_ThenCorrectDelegateIsInvoked(System.Collections.Generic.List`1[System.Byte])" fullname="AB15_GUI.Tests.Services.SerialWrapper_Tests.WhenValidPackageIsReceived_ThenCorrectDelegateIsInvoked(System.Collections.Generic.List`1[System.Byte])" methodname="WhenValidPackageIsReceived_ThenCorrectDelegateIsInvoked" classname="AB15_GUI.Tests.Services.SerialWrapper_Tests" runstate="Runnable" seed="1983791481" result="Passed" start-time="2024-10-24T07:24:23.1712799Z" end-time="2024-10-24T07:24:24.1837602Z" duration="1.012443" asserts="6" />
              <test-case id="0-1015" name="WhenValidPackageIsReceived_ThenCorrectDelegateIsInvoked(System.Collections.Generic.List`1[System.Byte])" fullname="AB15_GUI.Tests.Services.SerialWrapper_Tests.WhenValidPackageIsReceived_ThenCorrectDelegateIsInvoked(System.Collections.Generic.List`1[System.Byte])" methodname="WhenValidPackageIsReceived_ThenCorrectDelegateIsInvoked" classname="AB15_GUI.Tests.Services.SerialWrapper_Tests" runstate="Runnable" seed="2083838681" result="Passed" start-time="2024-10-24T07:24:24.1838458Z" end-time="2024-10-24T07:24:25.1978497Z" duration="1.013966" asserts="6" />
              <test-case id="0-1016" name="WhenValidPackageIsReceived_ThenCorrectDelegateIsInvoked(System.Collections.Generic.List`1[System.Byte])" fullname="AB15_GUI.Tests.Services.SerialWrapper_Tests.WhenValidPackageIsReceived_ThenCorrectDelegateIsInvoked(System.Collections.Generic.List`1[System.Byte])" methodname="WhenValidPackageIsReceived_ThenCorrectDelegateIsInvoked" classname="AB15_GUI.Tests.Services.SerialWrapper_Tests" runstate="Runnable" seed="1389640109" result="Passed" start-time="2024-10-24T07:24:25.1979379Z" end-time="2024-10-24T07:24:26.2065455Z" duration="1.008570" asserts="6" />
            </test-suite>
            <test-suite type="ParameterizedMethod" id="0-1012" name="WhenValidPackageIsWritten_ThenDataSendToCOMPortIsCorrect" fullname="AB15_GUI.Tests.Services.SerialWrapper_Tests.WhenValidPackageIsWritten_ThenDataSendToCOMPortIsCorrect" classname="AB15_GUI.Tests.Services.SerialWrapper_Tests" runstate="Runnable" testcasecount="4" result="Passed" start-time="2024-10-24T07:24:26.2067769Z" end-time="2024-10-24T07:24:26.2098883Z" duration="0.003111" total="4" passed="4" failed="0" warnings="0" inconclusive="0" skipped="0" asserts="16">
              <properties>
                <property name="Description" value="Checking that valid data is send to COM port correctly" />
                <property name="ParallelScope" value="None" />
              </properties>
              <test-case id="0-1008" name="WhenValidPackageIsWritten_ThenDataSendToCOMPortIsCorrect((System.Collections.Generic.List`1[System.Byte], True))" fullname="AB15_GUI.Tests.Services.SerialWrapper_Tests.WhenValidPackageIsWritten_ThenDataSendToCOMPortIsCorrect((System.Collections.Generic.List`1[System.Byte], True))" methodname="WhenValidPackageIsWritten_ThenDataSendToCOMPortIsCorrect" classname="AB15_GUI.Tests.Services.SerialWrapper_Tests" runstate="Runnable" seed="1373435595" result="Passed" start-time="2024-10-24T07:24:26.2068841Z" end-time="2024-10-24T07:24:26.2092131Z" duration="0.002330" asserts="4" />
              <test-case id="0-1009" name="WhenValidPackageIsWritten_ThenDataSendToCOMPortIsCorrect((System.Collections.Generic.List`1[System.Byte], False))" fullname="AB15_GUI.Tests.Services.SerialWrapper_Tests.WhenValidPackageIsWritten_ThenDataSendToCOMPortIsCorrect((System.Collections.Generic.List`1[System.Byte], False))" methodname="WhenValidPackageIsWritten_ThenDataSendToCOMPortIsCorrect" classname="AB15_GUI.Tests.Services.SerialWrapper_Tests" runstate="Runnable" seed="1695147711" result="Passed" start-time="2024-10-24T07:24:26.2092453Z" end-time="2024-10-24T07:24:26.2097307Z" duration="0.000486" asserts="4" />
              <test-case id="0-1010" name="WhenValidPackageIsWritten_ThenDataSendToCOMPortIsCorrect((System.Collections.Generic.List`1[System.Byte], True))" fullname="AB15_GUI.Tests.Services.SerialWrapper_Tests.WhenValidPackageIsWritten_ThenDataSendToCOMPortIsCorrect((System.Collections.Generic.List`1[System.Byte], True))" methodname="WhenValidPackageIsWritten_ThenDataSendToCOMPortIsCorrect" classname="AB15_GUI.Tests.Services.SerialWrapper_Tests" runstate="Runnable" seed="544865506" result="Passed" start-time="2024-10-24T07:24:26.2097501Z" end-time="2024-10-24T07:24:26.2098211Z" duration="0.000071" asserts="4" />
              <test-case id="0-1011" name="WhenValidPackageIsWritten_ThenDataSendToCOMPortIsCorrect((System.Collections.Generic.List`1[System.Byte], False))" fullname="AB15_GUI.Tests.Services.SerialWrapper_Tests.WhenValidPackageIsWritten_ThenDataSendToCOMPortIsCorrect((System.Collections.Generic.List`1[System.Byte], False))" methodname="WhenValidPackageIsWritten_ThenDataSendToCOMPortIsCorrect" classname="AB15_GUI.Tests.Services.SerialWrapper_Tests" runstate="Runnable" seed="353601719" result="Passed" start-time="2024-10-24T07:24:26.2098314Z" end-time="2024-10-24T07:24:26.2098754Z" duration="0.000044" asserts="4" />
            </test-suite>
          </test-suite>
        </test-suite>
      </test-suite>
    </test-suite>
  </test-suite>
</test-run>