<?xml version="1.0" encoding="utf-8" standalone="no"?>
<test-run id="0" name="AB15_GUI.Tests.dll" fullname="C:\Users\sad1sf\source\repos\ab15_sw\gui\AB15_GUI.Tests\bin\Debug\net8.0-windows\AB15_GUI.Tests.dll" runstate="Runnable" testcasecount="78" result="Passed" total="78" passed="78" failed="0" warnings="0" inconclusive="0" skipped="0" asserts="184" engine-version="3.15.4.0" clr-version="8.0.13" start-time="2025-03-05 09:48:22Z" end-time="2025-03-05 09:48:22Z" duration="0.153674">
  <command-line><![CDATA[C:\Users\sad1sf\source\repos\ab15_sw\gui\AB15_GUI.Tests\bin\Debug\net8.0-windows\testhost.dll --port 57174 --endpoint 127.0.0.1:057174 --role client --parentprocessid 8004 --telemetryoptedin true]]></command-line>
  <filter>
    <or>
      <test>AB15_GUI.Tests.Models.CRCExtensions_Tests.WhenDataIsProvided_ThenCRC16IsCalculatedExpectedly((41235, 0, System.Collections.Generic.List`1[System.UInt16]))</test>
      <test>AB15_GUI.Tests.Models.CRCExtensions_Tests.WhenDataIsProvided_ThenCRC16IsCalculatedExpectedly((59595, 0, System.Collections.Generic.List`1[System.UInt16]))</test>
      <test>AB15_GUI.Tests.Models.CRCExtensions_Tests.WhenDataIsProvided_ThenCRC8IsCalculatedExpectedly((79, 0, System.Collections.Generic.List`1[System.Byte]))</test>
      <test>AB15_GUI.Tests.Models.CRCExtensions_Tests.WhenDataIsProvided_ThenCRC8IsCalculatedExpectedly((85, 0, System.Collections.Generic.List`1[System.Byte]))</test>
      <test>AB15_GUI.Tests.Models.CRCExtensions_Tests.WhenDataIsProvided_ThenCRC8IsCalculatedExpectedly((85, 3, System.Collections.Generic.List`1[System.Byte]))</test>
      <test>AB15_GUI.Tests.Models.CRCExtensions_Tests.WhenDataIsProvided_ThenCRC8IsCalculatedExpectedly((180, 0, System.Collections.Generic.List`1[System.Byte]))</test>
      <test>AB15_GUI.Tests.Models.CRCExtensions_Tests.WhenDataIsProvided_ThenCRC8IsCalculatedExpectedly((216, 1, System.Collections.Generic.List`1[System.Byte]))</test>
      <test>AB15_GUI.Tests.Models.CRCExtensions_Tests.WhenDataIsProvided_ThenCRC8IsCalculatedExpectedly((162, 1, System.Collections.Generic.List`1[System.Byte]))</test>
      <test>AB15_GUI.Tests.Models.CRCExtensions_Tests.WhenDataIsProvided_ThenCRC8IsCalculatedExpectedly((4, 5, 31, 4194320))</test>
      <test>AB15_GUI.Tests.Models.CRCExtensions_Tests.WhenDataIsProvided_ThenCRC8IsCalculatedExpectedly((6, 3, 26, 805309510))</test>
      <test>AB15_GUI.Tests.Models.DeviceIDPayload_Tests.WhenErrorResponce_ThenDataErrorIsSet((ERROR, System.Collections.Generic.List`1[System.Byte]))</test>
      <test>AB15_GUI.Tests.Models.DeviceIDPayload_Tests.WhenErrorResponce_ThenDataErrorIsSet((ERROR, System.Collections.Generic.List`1[System.Byte]))</test>
      <test>AB15_GUI.Tests.Models.DeviceIDPayload_Tests.WhenErrorResponce_ThenDataErrorIsSet((RESPONSE_ABSENT, System.Collections.Generic.List`1[System.Byte]))</test>
      <test>AB15_GUI.Tests.Models.DeviceIDPayload_Tests.WhenSuccessfulResponce_ThenDataUnpackedSuccessfully((DATA, System.Collections.Generic.List`1[System.Byte]))</test>
      <test>AB15_GUI.Tests.Models.DeviceIDPayload_Tests.WhenSuccessfulResponce_ThenDataUnpackedSuccessfully((DATA, System.Collections.Generic.List`1[System.Byte]))</test>
      <test>AB15_GUI.Tests.Models.DeviceIDPayload_Tests.WhenSuccessfulResponce_ThenDataUnpackedSuccessfully((DATA, System.Collections.Generic.List`1[System.Byte]))</test>
      <test>AB15_GUI.Tests.Models.DeviceIDPayload_Tests.WhenSuccessfulResponce_ThenDataUnpackedSuccessfully((DATA, System.Collections.Generic.List`1[System.Byte]))</test>
      <test>AB15_GUI.Tests.Models.Generated.Registers.Reg_ident_high_Tests.WhenRegisterIsInstantiated_Letter1PropertiesHaveExpectedValues</test>
      <test>AB15_GUI.Tests.Models.Generated.Registers.Reg_ident_high_Tests.WhenRegisterIsInstantiated_Letter2PropertiesHaveExpectedValues</test>
      <test>AB15_GUI.Tests.Models.Generated.Registers.Reg_ident_high_Tests.WhenRegisterIsInstantiated_Letter3PropertiesHaveExpectedValues</test>
      <test>AB15_GUI.Tests.Models.Generated.Registers.Reg_ident_high_Tests.WhenRegisterIsInstantiated_PropertiesHaveExpectedValues</test>
      <test>AB15_GUI.Tests.Models.Generated.Registers.Reg_ident_high_Tests.WhenFieldsAreSet_ThenRegisterDataIsCorrect(1,18,1)</test>
      <test>AB15_GUI.Tests.Models.Generated.Registers.Reg_ident_high_Tests.WhenFieldsAreSet_ThenRegisterDataIsCorrect(2,24,2)</test>
      <test>AB15_GUI.Tests.Models.Generated.Registers.Reg_ident_high_Tests.WhenLetter1DataOutOfRange_ThenExpectedExceptionIsRaised(63)</test>
      <test>AB15_GUI.Tests.Models.Generated.Registers.Reg_ident_high_Tests.WhenRegisterDataIsSet_ThenFieldValuesAreExpected(1601,1,18,1)</test>
      <test>AB15_GUI.Tests.Models.Generated.Registers.Reg_ident_high_Tests.WhenRegisterDataIsSet_ThenFieldValuesAreExpected(2818,2,24,2)</test>
      <test>AB15_GUI.Tests.Models.Generated.Registers.Reg_spi_set_wdsettings_Tests.WhenRegisterIsInstantiated_PropertiesHaveExpectedValues</test>
      <test>AB15_GUI.Tests.Models.ReceiveCommunicationPackage_Tests.WhenDataIsNotValid_ThenDataHandledExpectedly(System.Collections.Generic.List`1[System.Byte])</test>
      <test>AB15_GUI.Tests.Models.ReceiveCommunicationPackage_Tests.WhenDataIsNotValid_ThenDataHandledExpectedly(System.Collections.Generic.List`1[System.Byte])</test>
      <test>AB15_GUI.Tests.Models.ReceiveCommunicationPackage_Tests.WhenDataIsNotValid_ThenDataHandledExpectedly(System.Collections.Generic.List`1[System.Byte])</test>
      <test>AB15_GUI.Tests.Models.ReceiveCommunicationPackage_Tests.WhenDataIsNotValid_ThenDataHandledExpectedly(System.Collections.Generic.List`1[System.Byte])</test>
      <test>AB15_GUI.Tests.Models.ReceiveCommunicationPackage_Tests.WhenDataIsValid_ThenDataIsUnpackedCorrectly(System.Collections.Generic.List`1[System.Byte])</test>
      <test>AB15_GUI.Tests.Models.ReceiveCommunicationPackage_Tests.WhenDataIsValid_ThenDataIsUnpackedCorrectly(System.Collections.Generic.List`1[System.Byte])</test>
      <test>AB15_GUI.Tests.Models.ReceiveCommunicationPackage_Tests.WhenDataIsValid_ThenDataIsUnpackedCorrectly(System.Collections.Generic.List`1[System.Byte])</test>
      <test>AB15_GUI.Tests.Models.ReceiveCommunicationPackage_Tests.WhenDataIsValid_ThenDataIsUnpackedCorrectly(System.Collections.Generic.List`1[System.Byte])</test>
      <test>AB15_GUI.Tests.Models.ThreadSafeObservableList_Tests.WhenClearing_ThenAllItemsRemoved</test>
      <test>AB15_GUI.Tests.Models.ThreadSafeObservableList_Tests.WhenListChanges_ThenCollectionChangedEventIsRaised</test>
      <test>AB15_GUI.Tests.Models.ThreadSafeObservableList_Tests.WhenModifyingItemsWithIndexer_ThenItemsAreExpected</test>
      <test>AB15_GUI.Tests.Models.ThreadSafeObservableList_Tests.WhenPropertiesChanges_ThenPropertyChangedEventIsRaised</test>
      <test>AB15_GUI.Tests.Models.ThreadSafeObservableList_Tests.WhenAddingValidItems_ThenExpectedNumberOfItemsAdded(100,29)</test>
      <test>AB15_GUI.Tests.Models.ThreadSafeObservableList_Tests.WhenAddingValidItems_ThenExpectedNumberOfItemsAdded(100,27)</test>
      <test>AB15_GUI.Tests.Models.ThreadSafeObservableList_Tests.WhenAddingValidItems_ThenExpectedNumberOfItemsAdded(100,20)</test>
      <test>AB15_GUI.Tests.Models.ThreadSafeObservableList_Tests.WhenAddingValidItems_ThenExpectedNumberOfItemsAdded(50,29)</test>
      <test>AB15_GUI.Tests.Models.ThreadSafeObservableList_Tests.WhenAddingValidItems_ThenExpectedNumberOfItemsAdded(50,27)</test>
      <test>AB15_GUI.Tests.Models.ThreadSafeObservableList_Tests.WhenAddingValidItems_ThenExpectedNumberOfItemsAdded(50,20)</test>
      <test>AB15_GUI.Tests.Models.ThreadSafeObservableList_Tests.WhenAddingValidItems_ThenExpectedNumberOfItemsAdded(10,29)</test>
      <test>AB15_GUI.Tests.Models.ThreadSafeObservableList_Tests.WhenAddingValidItems_ThenExpectedNumberOfItemsAdded(10,27)</test>
      <test>AB15_GUI.Tests.Models.ThreadSafeObservableList_Tests.WhenAddingValidItems_ThenExpectedNumberOfItemsAdded(10,20)</test>
      <test>AB15_GUI.Tests.Models.ThreadSafeObservableList_Tests.WhenProvidedCorrectInput_ThenStoredDataIsExpected("one","two","three")</test>
      <test>AB15_GUI.Tests.Models.ThreadSafeObservableList_Tests.WhenProvidedCorrectInput_ThenStoredDataIsExpected("something1","23","else")</test>
      <test>AB15_GUI.Tests.Models.ThreadSafeObservableList_Tests.WhenRemovingItems_ThenExpectedNumberOfItemsRemoved(6)</test>
      <test>AB15_GUI.Tests.Models.ThreadSafeObservableList_Tests.WhenRemovingItems_ThenExpectedNumberOfItemsRemoved(9)</test>
      <test>AB15_GUI.Tests.Models.ThreadSafeObservableList_Tests.WhenRemovingItems_ThenExpectedNumberOfItemsRemoved(8)</test>
      <test>AB15_GUI.Tests.Models.ThreadSafeObservableList_Tests.WhenRemovingItems_ThenExpectedNumberOfItemsRemoved(8)</test>
      <test>AB15_GUI.Tests.Models.ThreadSafeObservableList_Tests.WhenRemovingItems_ThenExpectedNumberOfItemsRemoved(6)</test>
      <test>AB15_GUI.Tests.Models.ThreadSafeObservableList_Tests.WhenStorageLimitExceeded_ThenCircularBufferLogicOperates(10)</test>
      <test>AB15_GUI.Tests.Models.ThreadSafeObservableList_Tests.WhenStorageLimitExceeded_ThenCircularBufferLogicOperates(100)</test>
      <test>AB15_GUI.Tests.Models.ThreadSafeObservableList_Tests.WhenWritingFromFewThreads_ThenAllItemsAreAdded(137)</test>
      <test>AB15_GUI.Tests.Models.ThreadSafeObservableList_Tests.WhenWritingFromFewThreads_ThenAllItemsAreAdded(119)</test>
      <test>AB15_GUI.Tests.Models.ThreadSafeObservableList_Tests.WhenWritingFromFewThreads_ThenAllItemsAreAdded(196)</test>
      <test>AB15_GUI.Tests.Models.ThreadSafeObservableList_Tests.WhenWritingFromFewThreads_ThenAllItemsAreAdded(132)</test>
      <test>AB15_GUI.Tests.Models.ThreadSafeObservableList_Tests.WhenWritingFromFewThreads_ThenAllItemsAreAdded(181)</test>
      <test>AB15_GUI.Tests.Models.TransmitCommunicationPackage_Tests.WhenDataIsNotValid_ThenDataHandledExpectedly((0, 0, 63))</test>
      <test>AB15_GUI.Tests.Models.TransmitCommunicationPackage_Tests.WhenDataIsNotValid_ThenDataHandledExpectedly((0, 0, 0))</test>
      <test>AB15_GUI.Tests.Models.TransmitCommunicationPackage_Tests.WhenDataIsNotValid_ThenDataHandledExpectedly((0, -1, 0))</test>
      <test>AB15_GUI.Tests.Models.TransmitCommunicationPackage_Tests.WhenDataIsNotValid_ThenDataHandledExpectedly((0, 500, 0))</test>
      <test>AB15_GUI.Tests.Models.TransmitCommunicationPackage_Tests.WhenDataIsValid_ThenDataIsPackedCorrectly(System.Collections.Generic.List`1[System.Byte])</test>
      <test>AB15_GUI.Tests.Models.TransmitCommunicationPackage_Tests.WhenDataIsValid_ThenDataIsPackedCorrectly(System.Collections.Generic.List`1[System.Byte])</test>
      <test>AB15_GUI.Tests.Models.TransmitCommunicationPackage_Tests.WhenDataIsValid_ThenDataIsPackedCorrectly(System.Collections.Generic.List`1[System.Byte])</test>
      <test>AB15_GUI.Tests.Models.TransmitCommunicationPackage_Tests.WhenDataIsValid_ThenDataIsPackedCorrectly(System.Collections.Generic.List`1[System.Byte])</test>
      <test>AB15_GUI.Tests.Models.WDStatusPayload_Tests.WhenErrorResponse_ThenDataErrorIsSet((ERROR, System.Collections.Generic.List`1[System.Byte]))</test>
      <test>AB15_GUI.Tests.Models.WDStatusPayload_Tests.WhenErrorResponse_ThenDataErrorIsSet((ERROR, System.Collections.Generic.List`1[System.Byte]))</test>
      <test>AB15_GUI.Tests.Models.WDStatusPayload_Tests.WhenErrorResponse_ThenDataErrorIsSet((RESPONSE_ABSENT, System.Collections.Generic.List`1[System.Byte]))</test>
      <test>AB15_GUI.Tests.Services.Waitlist_Tests.WhenValidItemsAreAdded_ThenWaitlistItemIsCorrect(AB15_GUI.WPF.Models.EmptyPayload,True)</test>
      <test>AB15_GUI.Tests.Services.Waitlist_Tests.WhenValidItemsAreAdded_ThenWaitlistItemIsCorrect(AB15_GUI.WPF.Models.EmptyPayload,False)</test>
      <test>AB15_GUI.Tests.ViewModels.WatchdogViewModel_Tests.WhenWDSequenceCorrect_ThenConfiguredWorksExpectedly</test>
      <test>AB15_GUI.Tests.ViewModels.WatchdogViewModel_Tests.WhenWDSequenceCorrect_ThenIdleWorksExpectedly</test>
      <test>AB15_GUI.Tests.ViewModels.WatchdogViewModel_Tests.WhenWDSequenceCorrect_ThenInConfigurationWorksExpectedly</test>
    </or>
  </filter>
  <test-suite type="Assembly" id="0-1110" name="AB15_GUI.Tests.dll" fullname="C:\Users\sad1sf\source\repos\ab15_sw\gui\AB15_GUI.Tests\bin\Debug\net8.0-windows\AB15_GUI.Tests.dll" runstate="Runnable" testcasecount="78" result="Passed" start-time="2025-03-05T09:48:22.1368555Z" end-time="2025-03-05T09:48:22.2361853Z" duration="0.099315" total="78" passed="78" failed="0" warnings="0" inconclusive="0" skipped="0" asserts="184">
    <environment framework-version="4.0.1.0" clr-version="8.0.13" os-version="Microsoft Windows 10.0.22631" platform="Win32NT" cwd="C:\Users\sad1sf\source\repos\ab15_sw\gui\AB15_GUI.Tests\TestResults" machine-name="SF4-C-00155" user="SAD1SF" user-domain="EMEA" culture="bg-BG" uiculture="en-US" os-architecture="x64" />
    <settings>
      <setting name="SynchronousEvents" value="False" />
      <setting name="InternalTraceLevel" value="Off" />
      <setting name="RandomSeed" value="333037551" />
      <setting name="SkipNonTestAssemblies" value="True" />
      <setting name="ProcessModel" value="InProcess" />
      <setting name="DomainUsage" value="Single" />
      <setting name="DefaultTestNamePattern" value="{m}{a}" />
      <setting name="WorkDirectory" value="C:\Users\sad1sf\source\repos\ab15_sw\gui\AB15_GUI.Tests\bin\Debug\net8.0-windows\..\..\..\TestResults" />
      <setting name="NumberOfTestWorkers" value="22" />
    </settings>
    <properties>
      <property name="_PID" value="31816" />
      <property name="_APPDOMAIN" value="testhost" />
    </properties>
    <test-suite type="TestSuite" id="0-1111" name="AB15_GUI" fullname="AB15_GUI" runstate="Runnable" testcasecount="78" result="Passed" start-time="2025-03-05T09:48:22.1387303Z" end-time="2025-03-05T09:48:22.2361810Z" duration="0.097450" total="78" passed="78" failed="0" warnings="0" inconclusive="0" skipped="0" asserts="184">
      <test-suite type="TestSuite" id="0-1112" name="Tests" fullname="AB15_GUI.Tests" runstate="Runnable" testcasecount="78" result="Passed" start-time="2025-03-05T09:48:22.1388626Z" end-time="2025-03-05T09:48:22.2361792Z" duration="0.097317" total="78" passed="78" failed="0" warnings="0" inconclusive="0" skipped="0" asserts="184">
        <test-suite type="TestSuite" id="0-1113" name="ViewModels" fullname="AB15_GUI.Tests.ViewModels" runstate="Runnable" testcasecount="3" result="Passed" start-time="2025-03-05T09:48:22.1388923Z" end-time="2025-03-05T09:48:22.2044294Z" duration="0.065537" total="3" passed="3" failed="0" warnings="0" inconclusive="0" skipped="0" asserts="24">
          <test-suite type="TestFixture" id="0-1001" name="WatchdogViewModel_Tests" fullname="AB15_GUI.Tests.ViewModels.WatchdogViewModel_Tests" classname="AB15_GUI.Tests.ViewModels.WatchdogViewModel_Tests" runstate="Runnable" testcasecount="3" result="Passed" start-time="2025-03-05T09:48:22.1393747Z" end-time="2025-03-05T09:48:22.2042567Z" duration="0.064882" total="3" passed="3" failed="0" warnings="0" inconclusive="0" skipped="0" asserts="24">
            <properties>
              <property name="ParallelScope" value="None" />
            </properties>
            <test-case id="0-1002" name="WhenWDSequenceCorrect_ThenIdleWorksExpectedly" fullname="AB15_GUI.Tests.ViewModels.WatchdogViewModel_Tests.WhenWDSequenceCorrect_ThenIdleWorksExpectedly" methodname="WhenWDSequenceCorrect_ThenIdleWorksExpectedly" classname="AB15_GUI.Tests.ViewModels.WatchdogViewModel_Tests" runstate="Runnable" seed="832126032" result="Passed" start-time="2025-03-05T09:48:22.1698419Z" end-time="2025-03-05T09:48:22.1738994Z" duration="0.004085" asserts="6">
              <properties>
                <property name="Order" value="1" />
                <property name="Description" value="Check parameters in IDLE state" />
                <property name="ParallelScope" value="None" />
              </properties>
            </test-case>
            <test-case id="0-1003" name="WhenWDSequenceCorrect_ThenInConfigurationWorksExpectedly" fullname="AB15_GUI.Tests.ViewModels.WatchdogViewModel_Tests.WhenWDSequenceCorrect_ThenInConfigurationWorksExpectedly" methodname="WhenWDSequenceCorrect_ThenInConfigurationWorksExpectedly" classname="AB15_GUI.Tests.ViewModels.WatchdogViewModel_Tests" runstate="Runnable" seed="1220451690" result="Passed" start-time="2025-03-05T09:48:22.1745430Z" end-time="2025-03-05T09:48:22.2008826Z" duration="0.026340" asserts="9">
              <properties>
                <property name="Order" value="2" />
                <property name="Description" value="Check parameters in InConfiguration state" />
                <property name="ParallelScope" value="None" />
              </properties>
            </test-case>
            <test-case id="0-1004" name="WhenWDSequenceCorrect_ThenConfiguredWorksExpectedly" fullname="AB15_GUI.Tests.ViewModels.WatchdogViewModel_Tests.WhenWDSequenceCorrect_ThenConfiguredWorksExpectedly" methodname="WhenWDSequenceCorrect_ThenConfiguredWorksExpectedly" classname="AB15_GUI.Tests.ViewModels.WatchdogViewModel_Tests" runstate="Runnable" seed="1452916475" result="Passed" start-time="2025-03-05T09:48:22.2009182Z" end-time="2025-03-05T09:48:22.2033818Z" duration="0.002464" asserts="9">
              <properties>
                <property name="Order" value="3" />
                <property name="Description" value="Check parameters in Configured state" />
                <property name="ParallelScope" value="None" />
              </properties>
            </test-case>
          </test-suite>
        </test-suite>
        <test-suite type="TestSuite" id="0-1114" name="Services" fullname="AB15_GUI.Tests.Services" runstate="Runnable" testcasecount="2" result="Passed" start-time="2025-03-05T09:48:22.1388901Z" end-time="2025-03-05T09:48:22.2274865Z" duration="0.088596" total="2" passed="2" failed="0" warnings="0" inconclusive="0" skipped="0" asserts="4">
          <test-suite type="TestFixture" id="0-1006" name="Waitlist_Tests" fullname="AB15_GUI.Tests.Services.Waitlist_Tests" classname="AB15_GUI.Tests.Services.Waitlist_Tests" runstate="Runnable" testcasecount="2" result="Passed" start-time="2025-03-05T09:48:22.2237426Z" end-time="2025-03-05T09:48:22.2274814Z" duration="0.003739" total="2" passed="2" failed="0" warnings="0" inconclusive="0" skipped="0" asserts="4">
            <properties>
              <property name="ParallelScope" value="Self" />
            </properties>
            <test-suite type="ParameterizedMethod" id="0-1009" name="WhenValidItemsAreAdded_ThenWaitlistItemIsCorrect" fullname="AB15_GUI.Tests.Services.Waitlist_Tests.WhenValidItemsAreAdded_ThenWaitlistItemIsCorrect" classname="AB15_GUI.Tests.Services.Waitlist_Tests" runstate="Runnable" testcasecount="2" result="Passed" start-time="2025-03-05T09:48:22.2240538Z" end-time="2025-03-05T09:48:22.2274053Z" duration="0.003351" total="2" passed="2" failed="0" warnings="0" inconclusive="0" skipped="0" asserts="4">
              <properties>
                <property name="Description" value="Checking that valid items are added to waitlist" />
                <property name="ParallelScope" value="None" />
              </properties>
              <test-case id="0-1007" name="WhenValidItemsAreAdded_ThenWaitlistItemIsCorrect(AB15_GUI.WPF.Models.EmptyPayload,True)" fullname="AB15_GUI.Tests.Services.Waitlist_Tests.WhenValidItemsAreAdded_ThenWaitlistItemIsCorrect(AB15_GUI.WPF.Models.EmptyPayload,True)" methodname="WhenValidItemsAreAdded_ThenWaitlistItemIsCorrect" classname="AB15_GUI.Tests.Services.Waitlist_Tests" runstate="Runnable" seed="999120486" result="Passed" start-time="2025-03-05T09:48:22.2240718Z" end-time="2025-03-05T09:48:22.2272534Z" duration="0.003182" asserts="2" />
              <test-case id="0-1008" name="WhenValidItemsAreAdded_ThenWaitlistItemIsCorrect(AB15_GUI.WPF.Models.EmptyPayload,False)" fullname="AB15_GUI.Tests.Services.Waitlist_Tests.WhenValidItemsAreAdded_ThenWaitlistItemIsCorrect(AB15_GUI.WPF.Models.EmptyPayload,False)" methodname="WhenValidItemsAreAdded_ThenWaitlistItemIsCorrect" classname="AB15_GUI.Tests.Services.Waitlist_Tests" runstate="Runnable" seed="206583647" result="Passed" start-time="2025-03-05T09:48:22.2272646Z" end-time="2025-03-05T09:48:22.2273963Z" duration="0.000132" asserts="2" />
            </test-suite>
          </test-suite>
        </test-suite>
        <test-suite type="TestSuite" id="0-1115" name="Models" fullname="AB15_GUI.Tests.Models" runstate="Runnable" testcasecount="73" result="Passed" start-time="2025-03-05T09:48:22.1388723Z" end-time="2025-03-05T09:48:22.2361763Z" duration="0.097304" total="73" passed="73" failed="0" warnings="0" inconclusive="0" skipped="0" asserts="156">
          <test-suite type="TestFixture" id="0-1010" name="CRCExtensions_Tests" fullname="AB15_GUI.Tests.Models.CRCExtensions_Tests" classname="AB15_GUI.Tests.Models.CRCExtensions_Tests" runstate="Runnable" testcasecount="10" result="Passed" start-time="2025-03-05T09:48:22.2232344Z" end-time="2025-03-05T09:48:22.2270800Z" duration="0.003845" total="10" passed="10" failed="0" warnings="0" inconclusive="0" skipped="0" asserts="10">
            <properties>
              <property name="ParallelScope" value="Self" />
            </properties>
            <test-suite type="ParameterizedMethod" id="0-1023" name="WhenDataIsProvided_ThenCRC16IsCalculatedExpectedly" fullname="AB15_GUI.Tests.Models.CRCExtensions_Tests.WhenDataIsProvided_ThenCRC16IsCalculatedExpectedly" classname="AB15_GUI.Tests.Models.CRCExtensions_Tests" runstate="Runnable" testcasecount="2" result="Passed" start-time="2025-03-05T09:48:22.2234865Z" end-time="2025-03-05T09:48:22.2247241Z" duration="0.001238" total="2" passed="2" failed="0" warnings="0" inconclusive="0" skipped="0" asserts="2">
              <properties>
                <property name="Description" value="Checking that CRC16 is calculated expectedly" />
              </properties>
              <test-case id="0-1021" name="WhenDataIsProvided_ThenCRC16IsCalculatedExpectedly((41235, 0, System.Collections.Generic.List`1[System.UInt16]))" fullname="AB15_GUI.Tests.Models.CRCExtensions_Tests.WhenDataIsProvided_ThenCRC16IsCalculatedExpectedly((41235, 0, System.Collections.Generic.List`1[System.UInt16]))" methodname="WhenDataIsProvided_ThenCRC16IsCalculatedExpectedly" classname="AB15_GUI.Tests.Models.CRCExtensions_Tests" runstate="Runnable" seed="1034220034" result="Passed" start-time="2025-03-05T09:48:22.2234970Z" end-time="2025-03-05T09:48:22.2245201Z" duration="0.001023" asserts="1" />
              <test-case id="0-1022" name="WhenDataIsProvided_ThenCRC16IsCalculatedExpectedly((59595, 0, System.Collections.Generic.List`1[System.UInt16]))" fullname="AB15_GUI.Tests.Models.CRCExtensions_Tests.WhenDataIsProvided_ThenCRC16IsCalculatedExpectedly((59595, 0, System.Collections.Generic.List`1[System.UInt16]))" methodname="WhenDataIsProvided_ThenCRC16IsCalculatedExpectedly" classname="AB15_GUI.Tests.Models.CRCExtensions_Tests" runstate="Runnable" seed="2021367757" result="Passed" start-time="2025-03-05T09:48:22.2245327Z" end-time="2025-03-05T09:48:22.2247135Z" duration="0.000181" asserts="1" />
            </test-suite>
            <test-suite type="ParameterizedMethod" id="0-1020" name="WhenDataIsProvided_ThenCRC8IsCalculatedExpectedly" fullname="AB15_GUI.Tests.Models.CRCExtensions_Tests.WhenDataIsProvided_ThenCRC8IsCalculatedExpectedly" classname="AB15_GUI.Tests.Models.CRCExtensions_Tests" runstate="Runnable" testcasecount="6" result="Passed" start-time="2025-03-05T09:48:22.2247336Z" end-time="2025-03-05T09:48:22.2263888Z" duration="0.001655" total="6" passed="6" failed="0" warnings="0" inconclusive="0" skipped="0" asserts="6">
              <properties>
                <property name="Description" value="Checking that CRC8 is calculated expectedly" />
              </properties>
              <test-case id="0-1014" name="WhenDataIsProvided_ThenCRC8IsCalculatedExpectedly((79, 0, System.Collections.Generic.List`1[System.Byte]))" fullname="AB15_GUI.Tests.Models.CRCExtensions_Tests.WhenDataIsProvided_ThenCRC8IsCalculatedExpectedly((79, 0, System.Collections.Generic.List`1[System.Byte]))" methodname="WhenDataIsProvided_ThenCRC8IsCalculatedExpectedly" classname="AB15_GUI.Tests.Models.CRCExtensions_Tests" runstate="Runnable" seed="1094282142" result="Passed" start-time="2025-03-05T09:48:22.2247422Z" end-time="2025-03-05T09:48:22.2259172Z" duration="0.001175" asserts="1" />
              <test-case id="0-1015" name="WhenDataIsProvided_ThenCRC8IsCalculatedExpectedly((85, 0, System.Collections.Generic.List`1[System.Byte]))" fullname="AB15_GUI.Tests.Models.CRCExtensions_Tests.WhenDataIsProvided_ThenCRC8IsCalculatedExpectedly((85, 0, System.Collections.Generic.List`1[System.Byte]))" methodname="WhenDataIsProvided_ThenCRC8IsCalculatedExpectedly" classname="AB15_GUI.Tests.Models.CRCExtensions_Tests" runstate="Runnable" seed="159275282" result="Passed" start-time="2025-03-05T09:48:22.2262239Z" end-time="2025-03-05T09:48:22.2263481Z" duration="0.000124" asserts="1" />
              <test-case id="0-1016" name="WhenDataIsProvided_ThenCRC8IsCalculatedExpectedly((85, 3, System.Collections.Generic.List`1[System.Byte]))" fullname="AB15_GUI.Tests.Models.CRCExtensions_Tests.WhenDataIsProvided_ThenCRC8IsCalculatedExpectedly((85, 3, System.Collections.Generic.List`1[System.Byte]))" methodname="WhenDataIsProvided_ThenCRC8IsCalculatedExpectedly" classname="AB15_GUI.Tests.Models.CRCExtensions_Tests" runstate="Runnable" seed="1075072748" result="Passed" start-time="2025-03-05T09:48:22.2263549Z" end-time="2025-03-05T09:48:22.2263620Z" duration="0.000007" asserts="1" />
              <test-case id="0-1017" name="WhenDataIsProvided_ThenCRC8IsCalculatedExpectedly((180, 0, System.Collections.Generic.List`1[System.Byte]))" fullname="AB15_GUI.Tests.Models.CRCExtensions_Tests.WhenDataIsProvided_ThenCRC8IsCalculatedExpectedly((180, 0, System.Collections.Generic.List`1[System.Byte]))" methodname="WhenDataIsProvided_ThenCRC8IsCalculatedExpectedly" classname="AB15_GUI.Tests.Models.CRCExtensions_Tests" runstate="Runnable" seed="1851563247" result="Passed" start-time="2025-03-05T09:48:22.2263644Z" end-time="2025-03-05T09:48:22.2263675Z" duration="0.000003" asserts="1" />
              <test-case id="0-1018" name="WhenDataIsProvided_ThenCRC8IsCalculatedExpectedly((216, 1, System.Collections.Generic.List`1[System.Byte]))" fullname="AB15_GUI.Tests.Models.CRCExtensions_Tests.WhenDataIsProvided_ThenCRC8IsCalculatedExpectedly((216, 1, System.Collections.Generic.List`1[System.Byte]))" methodname="WhenDataIsProvided_ThenCRC8IsCalculatedExpectedly" classname="AB15_GUI.Tests.Models.CRCExtensions_Tests" runstate="Runnable" seed="1556869" result="Passed" start-time="2025-03-05T09:48:22.2263694Z" end-time="2025-03-05T09:48:22.2263720Z" duration="0.000003" asserts="1" />
              <test-case id="0-1019" name="WhenDataIsProvided_ThenCRC8IsCalculatedExpectedly((162, 1, System.Collections.Generic.List`1[System.Byte]))" fullname="AB15_GUI.Tests.Models.CRCExtensions_Tests.WhenDataIsProvided_ThenCRC8IsCalculatedExpectedly((162, 1, System.Collections.Generic.List`1[System.Byte]))" methodname="WhenDataIsProvided_ThenCRC8IsCalculatedExpectedly" classname="AB15_GUI.Tests.Models.CRCExtensions_Tests" runstate="Runnable" seed="856287566" result="Passed" start-time="2025-03-05T09:48:22.2263736Z" end-time="2025-03-05T09:48:22.2263762Z" duration="0.000003" asserts="1" />
            </test-suite>
            <test-suite type="ParameterizedMethod" id="0-1013" name="WhenDataIsProvided_ThenCRC8IsCalculatedExpectedly" fullname="AB15_GUI.Tests.Models.CRCExtensions_Tests.WhenDataIsProvided_ThenCRC8IsCalculatedExpectedly" classname="AB15_GUI.Tests.Models.CRCExtensions_Tests" runstate="Runnable" testcasecount="2" result="Passed" start-time="2025-03-05T09:48:22.2263940Z" end-time="2025-03-05T09:48:22.2269904Z" duration="0.000596" total="2" passed="2" failed="0" warnings="0" inconclusive="0" skipped="0" asserts="2">
              <properties>
                <property name="Description" value="Checking that CRC3 is calculated expectedly" />
              </properties>
              <test-case id="0-1011" name="WhenDataIsProvided_ThenCRC8IsCalculatedExpectedly((4, 5, 31, 4194320))" fullname="AB15_GUI.Tests.Models.CRCExtensions_Tests.WhenDataIsProvided_ThenCRC8IsCalculatedExpectedly((4, 5, 31, 4194320))" methodname="WhenDataIsProvided_ThenCRC8IsCalculatedExpectedly" classname="AB15_GUI.Tests.Models.CRCExtensions_Tests" runstate="Runnable" seed="32038628" result="Passed" start-time="2025-03-05T09:48:22.2264005Z" end-time="2025-03-05T09:48:22.2268323Z" duration="0.000432" asserts="1" />
              <test-case id="0-1012" name="WhenDataIsProvided_ThenCRC8IsCalculatedExpectedly((6, 3, 26, 805309510))" fullname="AB15_GUI.Tests.Models.CRCExtensions_Tests.WhenDataIsProvided_ThenCRC8IsCalculatedExpectedly((6, 3, 26, 805309510))" methodname="WhenDataIsProvided_ThenCRC8IsCalculatedExpectedly" classname="AB15_GUI.Tests.Models.CRCExtensions_Tests" runstate="Runnable" seed="1841196559" result="Passed" start-time="2025-03-05T09:48:22.2268401Z" end-time="2025-03-05T09:48:22.2269824Z" duration="0.000142" asserts="1" />
            </test-suite>
          </test-suite>
          <test-suite type="TestFixture" id="0-1090" name="WDStatusPayload_Tests" fullname="AB15_GUI.Tests.Models.WDStatusPayload_Tests" classname="AB15_GUI.Tests.Models.WDStatusPayload_Tests" runstate="Runnable" testcasecount="3" result="Passed" start-time="2025-03-05T09:48:22.2233544Z" end-time="2025-03-05T09:48:22.2272921Z" duration="0.003938" total="3" passed="3" failed="0" warnings="0" inconclusive="0" skipped="0" asserts="3">
            <properties>
              <property name="ParallelScope" value="Self" />
            </properties>
            <test-suite type="ParameterizedMethod" id="0-1094" name="WhenErrorResponse_ThenDataErrorIsSet" fullname="AB15_GUI.Tests.Models.WDStatusPayload_Tests.WhenErrorResponse_ThenDataErrorIsSet" classname="AB15_GUI.Tests.Models.WDStatusPayload_Tests" runstate="Runnable" testcasecount="3" result="Passed" start-time="2025-03-05T09:48:22.2238006Z" end-time="2025-03-05T09:48:22.2271233Z" duration="0.003322" total="3" passed="3" failed="0" warnings="0" inconclusive="0" skipped="0" asserts="3">
              <properties>
                <property name="Description" value="Checking that invalid packages are unpacked correctly" />
              </properties>
              <test-case id="0-1091" name="WhenErrorResponse_ThenDataErrorIsSet((ERROR, System.Collections.Generic.List`1[System.Byte]))" fullname="AB15_GUI.Tests.Models.WDStatusPayload_Tests.WhenErrorResponse_ThenDataErrorIsSet((ERROR, System.Collections.Generic.List`1[System.Byte]))" methodname="WhenErrorResponse_ThenDataErrorIsSet" classname="AB15_GUI.Tests.Models.WDStatusPayload_Tests" runstate="Runnable" seed="839310816" result="Passed" start-time="2025-03-05T09:48:22.2238421Z" end-time="2025-03-05T09:48:22.2269227Z" duration="0.003081" asserts="1" />
              <test-case id="0-1092" name="WhenErrorResponse_ThenDataErrorIsSet((ERROR, System.Collections.Generic.List`1[System.Byte]))" fullname="AB15_GUI.Tests.Models.WDStatusPayload_Tests.WhenErrorResponse_ThenDataErrorIsSet((ERROR, System.Collections.Generic.List`1[System.Byte]))" methodname="WhenErrorResponse_ThenDataErrorIsSet" classname="AB15_GUI.Tests.Models.WDStatusPayload_Tests" runstate="Runnable" seed="1437382347" result="Passed" start-time="2025-03-05T09:48:22.2269327Z" end-time="2025-03-05T09:48:22.2270983Z" duration="0.000166" asserts="1" />
              <test-case id="0-1093" name="WhenErrorResponse_ThenDataErrorIsSet((RESPONSE_ABSENT, System.Collections.Generic.List`1[System.Byte]))" fullname="AB15_GUI.Tests.Models.WDStatusPayload_Tests.WhenErrorResponse_ThenDataErrorIsSet((RESPONSE_ABSENT, System.Collections.Generic.List`1[System.Byte]))" methodname="WhenErrorResponse_ThenDataErrorIsSet" classname="AB15_GUI.Tests.Models.WDStatusPayload_Tests" runstate="Runnable" seed="249468940" result="Passed" start-time="2025-03-05T09:48:22.2271059Z" end-time="2025-03-05T09:48:22.2271187Z" duration="0.000013" asserts="1" />
            </test-suite>
          </test-suite>
          <test-suite type="TestFixture" id="0-1024" name="DeviceIDPayload_Tests" fullname="AB15_GUI.Tests.Models.DeviceIDPayload_Tests" classname="AB15_GUI.Tests.Models.DeviceIDPayload_Tests" runstate="Runnable" testcasecount="7" result="Passed" start-time="2025-03-05T09:48:22.2232274Z" end-time="2025-03-05T09:48:22.2280747Z" duration="0.004847" total="7" passed="7" failed="0" warnings="0" inconclusive="0" skipped="0" asserts="11">
            <properties>
              <property name="ParallelScope" value="Self" />
            </properties>
            <test-suite type="ParameterizedMethod" id="0-1033" name="WhenErrorResponce_ThenDataErrorIsSet" fullname="AB15_GUI.Tests.Models.DeviceIDPayload_Tests.WhenErrorResponce_ThenDataErrorIsSet" classname="AB15_GUI.Tests.Models.DeviceIDPayload_Tests" runstate="Runnable" testcasecount="3" result="Passed" start-time="2025-03-05T09:48:22.2234905Z" end-time="2025-03-05T09:48:22.2275671Z" duration="0.004077" total="3" passed="3" failed="0" warnings="0" inconclusive="0" skipped="0" asserts="3">
              <properties>
                <property name="Description" value="Checking that invalid packages are unpacked correctly" />
              </properties>
              <test-case id="0-1030" name="WhenErrorResponce_ThenDataErrorIsSet((ERROR, System.Collections.Generic.List`1[System.Byte]))" fullname="AB15_GUI.Tests.Models.DeviceIDPayload_Tests.WhenErrorResponce_ThenDataErrorIsSet((ERROR, System.Collections.Generic.List`1[System.Byte]))" methodname="WhenErrorResponce_ThenDataErrorIsSet" classname="AB15_GUI.Tests.Models.DeviceIDPayload_Tests" runstate="Runnable" seed="980474043" result="Passed" start-time="2025-03-05T09:48:22.2234984Z" end-time="2025-03-05T09:48:22.2269335Z" duration="0.003436" asserts="1" />
              <test-case id="0-1031" name="WhenErrorResponce_ThenDataErrorIsSet((ERROR, System.Collections.Generic.List`1[System.Byte]))" fullname="AB15_GUI.Tests.Models.DeviceIDPayload_Tests.WhenErrorResponce_ThenDataErrorIsSet((ERROR, System.Collections.Generic.List`1[System.Byte]))" methodname="WhenErrorResponce_ThenDataErrorIsSet" classname="AB15_GUI.Tests.Models.DeviceIDPayload_Tests" runstate="Runnable" seed="1320573300" result="Passed" start-time="2025-03-05T09:48:22.2269748Z" end-time="2025-03-05T09:48:22.2275380Z" duration="0.000563" asserts="1" />
              <test-case id="0-1032" name="WhenErrorResponce_ThenDataErrorIsSet((RESPONSE_ABSENT, System.Collections.Generic.List`1[System.Byte]))" fullname="AB15_GUI.Tests.Models.DeviceIDPayload_Tests.WhenErrorResponce_ThenDataErrorIsSet((RESPONSE_ABSENT, System.Collections.Generic.List`1[System.Byte]))" methodname="WhenErrorResponce_ThenDataErrorIsSet" classname="AB15_GUI.Tests.Models.DeviceIDPayload_Tests" runstate="Runnable" seed="1319213166" result="Passed" start-time="2025-03-05T09:48:22.2275496Z" end-time="2025-03-05T09:48:22.2275613Z" duration="0.000012" asserts="1" />
            </test-suite>
            <test-suite type="ParameterizedMethod" id="0-1029" name="WhenSuccessfulResponce_ThenDataUnpackedSuccessfully" fullname="AB15_GUI.Tests.Models.DeviceIDPayload_Tests.WhenSuccessfulResponce_ThenDataUnpackedSuccessfully" classname="AB15_GUI.Tests.Models.DeviceIDPayload_Tests" runstate="Runnable" testcasecount="4" result="Passed" start-time="2025-03-05T09:48:22.2275744Z" end-time="2025-03-05T09:48:22.2279578Z" duration="0.000383" total="4" passed="4" failed="0" warnings="0" inconclusive="0" skipped="0" asserts="8">
              <properties>
                <property name="Description" value="Checking that valid packages are unpacked correctly" />
              </properties>
              <test-case id="0-1025" name="WhenSuccessfulResponce_ThenDataUnpackedSuccessfully((DATA, System.Collections.Generic.List`1[System.Byte]))" fullname="AB15_GUI.Tests.Models.DeviceIDPayload_Tests.WhenSuccessfulResponce_ThenDataUnpackedSuccessfully((DATA, System.Collections.Generic.List`1[System.Byte]))" methodname="WhenSuccessfulResponce_ThenDataUnpackedSuccessfully" classname="AB15_GUI.Tests.Models.DeviceIDPayload_Tests" runstate="Runnable" seed="450501899" result="Passed" start-time="2025-03-05T09:48:22.2275836Z" end-time="2025-03-05T09:48:22.2278150Z" duration="0.000232" asserts="2" />
              <test-case id="0-1026" name="WhenSuccessfulResponce_ThenDataUnpackedSuccessfully((DATA, System.Collections.Generic.List`1[System.Byte]))" fullname="AB15_GUI.Tests.Models.DeviceIDPayload_Tests.WhenSuccessfulResponce_ThenDataUnpackedSuccessfully((DATA, System.Collections.Generic.List`1[System.Byte]))" methodname="WhenSuccessfulResponce_ThenDataUnpackedSuccessfully" classname="AB15_GUI.Tests.Models.DeviceIDPayload_Tests" runstate="Runnable" seed="854488131" result="Passed" start-time="2025-03-05T09:48:22.2278286Z" end-time="2025-03-05T09:48:22.2279369Z" duration="0.000108" asserts="2" />
              <test-case id="0-1027" name="WhenSuccessfulResponce_ThenDataUnpackedSuccessfully((DATA, System.Collections.Generic.List`1[System.Byte]))" fullname="AB15_GUI.Tests.Models.DeviceIDPayload_Tests.WhenSuccessfulResponce_ThenDataUnpackedSuccessfully((DATA, System.Collections.Generic.List`1[System.Byte]))" methodname="WhenSuccessfulResponce_ThenDataUnpackedSuccessfully" classname="AB15_GUI.Tests.Models.DeviceIDPayload_Tests" runstate="Runnable" seed="1098909850" result="Passed" start-time="2025-03-05T09:48:22.2279433Z" end-time="2025-03-05T09:48:22.2279492Z" duration="0.000006" asserts="2" />
              <test-case id="0-1028" name="WhenSuccessfulResponce_ThenDataUnpackedSuccessfully((DATA, System.Collections.Generic.List`1[System.Byte]))" fullname="AB15_GUI.Tests.Models.DeviceIDPayload_Tests.WhenSuccessfulResponce_ThenDataUnpackedSuccessfully((DATA, System.Collections.Generic.List`1[System.Byte]))" methodname="WhenSuccessfulResponce_ThenDataUnpackedSuccessfully" classname="AB15_GUI.Tests.Models.DeviceIDPayload_Tests" runstate="Runnable" seed="1280823965" result="Passed" start-time="2025-03-05T09:48:22.2279512Z" end-time="2025-03-05T09:48:22.2279538Z" duration="0.000003" asserts="2" />
            </test-suite>
          </test-suite>
          <test-suite type="TestFixture" id="0-1034" name="ReceiveCommunicationPackage_Tests" fullname="AB15_GUI.Tests.Models.ReceiveCommunicationPackage_Tests" classname="AB15_GUI.Tests.Models.ReceiveCommunicationPackage_Tests" runstate="Runnable" testcasecount="8" result="Passed" start-time="2025-03-05T09:48:22.2234958Z" end-time="2025-03-05T09:48:22.2286995Z" duration="0.005203" total="8" passed="8" failed="0" warnings="0" inconclusive="0" skipped="0" asserts="40">
            <properties>
              <property name="ParallelScope" value="Self" />
            </properties>
            <test-suite type="ParameterizedMethod" id="0-1044" name="WhenDataIsNotValid_ThenDataHandledExpectedly" fullname="AB15_GUI.Tests.Models.ReceiveCommunicationPackage_Tests.WhenDataIsNotValid_ThenDataHandledExpectedly" classname="AB15_GUI.Tests.Models.ReceiveCommunicationPackage_Tests" runstate="Runnable" testcasecount="4" result="Passed" start-time="2025-03-05T09:48:22.2238599Z" end-time="2025-03-05T09:48:22.2265405Z" duration="0.002680" total="4" passed="4" failed="0" warnings="0" inconclusive="0" skipped="0" asserts="20">
              <properties>
                <property name="Description" value="Checking that invalid data is unpacked expectedly" />
              </properties>
              <test-case id="0-1040" name="WhenDataIsNotValid_ThenDataHandledExpectedly(System.Collections.Generic.List`1[System.Byte])" fullname="AB15_GUI.Tests.Models.ReceiveCommunicationPackage_Tests.WhenDataIsNotValid_ThenDataHandledExpectedly(System.Collections.Generic.List`1[System.Byte])" methodname="WhenDataIsNotValid_ThenDataHandledExpectedly" classname="AB15_GUI.Tests.Models.ReceiveCommunicationPackage_Tests" runstate="Runnable" seed="1790879586" result="Passed" start-time="2025-03-05T09:48:22.2238883Z" end-time="2025-03-05T09:48:22.2263577Z" duration="0.002469" asserts="5" />
              <test-case id="0-1041" name="WhenDataIsNotValid_ThenDataHandledExpectedly(System.Collections.Generic.List`1[System.Byte])" fullname="AB15_GUI.Tests.Models.ReceiveCommunicationPackage_Tests.WhenDataIsNotValid_ThenDataHandledExpectedly(System.Collections.Generic.List`1[System.Byte])" methodname="WhenDataIsNotValid_ThenDataHandledExpectedly" classname="AB15_GUI.Tests.Models.ReceiveCommunicationPackage_Tests" runstate="Runnable" seed="661556496" result="Passed" start-time="2025-03-05T09:48:22.2263681Z" end-time="2025-03-05T09:48:22.2264703Z" duration="0.000102" asserts="5" />
              <test-case id="0-1042" name="WhenDataIsNotValid_ThenDataHandledExpectedly(System.Collections.Generic.List`1[System.Byte])" fullname="AB15_GUI.Tests.Models.ReceiveCommunicationPackage_Tests.WhenDataIsNotValid_ThenDataHandledExpectedly(System.Collections.Generic.List`1[System.Byte])" methodname="WhenDataIsNotValid_ThenDataHandledExpectedly" classname="AB15_GUI.Tests.Models.ReceiveCommunicationPackage_Tests" runstate="Runnable" seed="2095709911" result="Passed" start-time="2025-03-05T09:48:22.2264770Z" end-time="2025-03-05T09:48:22.2265228Z" duration="0.000046" asserts="5" />
              <test-case id="0-1043" name="WhenDataIsNotValid_ThenDataHandledExpectedly(System.Collections.Generic.List`1[System.Byte])" fullname="AB15_GUI.Tests.Models.ReceiveCommunicationPackage_Tests.WhenDataIsNotValid_ThenDataHandledExpectedly(System.Collections.Generic.List`1[System.Byte])" methodname="WhenDataIsNotValid_ThenDataHandledExpectedly" classname="AB15_GUI.Tests.Models.ReceiveCommunicationPackage_Tests" runstate="Runnable" seed="1559540466" result="Passed" start-time="2025-03-05T09:48:22.2265268Z" end-time="2025-03-05T09:48:22.2265361Z" duration="0.000009" asserts="5" />
            </test-suite>
            <test-suite type="ParameterizedMethod" id="0-1039" name="WhenDataIsValid_ThenDataIsUnpackedCorrectly" fullname="AB15_GUI.Tests.Models.ReceiveCommunicationPackage_Tests.WhenDataIsValid_ThenDataIsUnpackedCorrectly" classname="AB15_GUI.Tests.Models.ReceiveCommunicationPackage_Tests" runstate="Runnable" testcasecount="4" result="Passed" start-time="2025-03-05T09:48:22.2265461Z" end-time="2025-03-05T09:48:22.2286091Z" duration="0.002063" total="4" passed="4" failed="0" warnings="0" inconclusive="0" skipped="0" asserts="20">
              <properties>
                <property name="Description" value="Checking that valid data is unpacked correctly" />
              </properties>
              <test-case id="0-1035" name="WhenDataIsValid_ThenDataIsUnpackedCorrectly(System.Collections.Generic.List`1[System.Byte])" fullname="AB15_GUI.Tests.Models.ReceiveCommunicationPackage_Tests.WhenDataIsValid_ThenDataIsUnpackedCorrectly(System.Collections.Generic.List`1[System.Byte])" methodname="WhenDataIsValid_ThenDataIsUnpackedCorrectly" classname="AB15_GUI.Tests.Models.ReceiveCommunicationPackage_Tests" runstate="Runnable" seed="1639347901" result="Passed" start-time="2025-03-05T09:48:22.2265534Z" end-time="2025-03-05T09:48:22.2284218Z" duration="0.001869" asserts="5" />
              <test-case id="0-1036" name="WhenDataIsValid_ThenDataIsUnpackedCorrectly(System.Collections.Generic.List`1[System.Byte])" fullname="AB15_GUI.Tests.Models.ReceiveCommunicationPackage_Tests.WhenDataIsValid_ThenDataIsUnpackedCorrectly(System.Collections.Generic.List`1[System.Byte])" methodname="WhenDataIsValid_ThenDataIsUnpackedCorrectly" classname="AB15_GUI.Tests.Models.ReceiveCommunicationPackage_Tests" runstate="Runnable" seed="686125002" result="Passed" start-time="2025-03-05T09:48:22.2284312Z" end-time="2025-03-05T09:48:22.2285612Z" duration="0.000130" asserts="5" />
              <test-case id="0-1037" name="WhenDataIsValid_ThenDataIsUnpackedCorrectly(System.Collections.Generic.List`1[System.Byte])" fullname="AB15_GUI.Tests.Models.ReceiveCommunicationPackage_Tests.WhenDataIsValid_ThenDataIsUnpackedCorrectly(System.Collections.Generic.List`1[System.Byte])" methodname="WhenDataIsValid_ThenDataIsUnpackedCorrectly" classname="AB15_GUI.Tests.Models.ReceiveCommunicationPackage_Tests" runstate="Runnable" seed="1673384964" result="Passed" start-time="2025-03-05T09:48:22.2285685Z" end-time="2025-03-05T09:48:22.2285924Z" duration="0.000024" asserts="5" />
              <test-case id="0-1038" name="WhenDataIsValid_ThenDataIsUnpackedCorrectly(System.Collections.Generic.List`1[System.Byte])" fullname="AB15_GUI.Tests.Models.ReceiveCommunicationPackage_Tests.WhenDataIsValid_ThenDataIsUnpackedCorrectly(System.Collections.Generic.List`1[System.Byte])" methodname="WhenDataIsValid_ThenDataIsUnpackedCorrectly" classname="AB15_GUI.Tests.Models.ReceiveCommunicationPackage_Tests" runstate="Runnable" seed="301421441" result="Passed" start-time="2025-03-05T09:48:22.2285953Z" end-time="2025-03-05T09:48:22.2286041Z" duration="0.000009" asserts="5" />
            </test-suite>
          </test-suite>
          <test-suite type="TestFixture" id="0-1078" name="TransmitCommunicationPackage_Tests" fullname="AB15_GUI.Tests.Models.TransmitCommunicationPackage_Tests" classname="AB15_GUI.Tests.Models.TransmitCommunicationPackage_Tests" runstate="Runnable" testcasecount="8" result="Passed" start-time="2025-03-05T09:48:22.2232878Z" end-time="2025-03-05T09:48:22.2287776Z" duration="0.005490" total="8" passed="8" failed="0" warnings="0" inconclusive="0" skipped="0" asserts="20">
            <properties>
              <property name="ParallelScope" value="Self" />
            </properties>
            <test-suite type="ParameterizedMethod" id="0-1088" name="WhenDataIsNotValid_ThenDataHandledExpectedly" fullname="AB15_GUI.Tests.Models.TransmitCommunicationPackage_Tests.WhenDataIsNotValid_ThenDataHandledExpectedly" classname="AB15_GUI.Tests.Models.TransmitCommunicationPackage_Tests" runstate="Runnable" testcasecount="4" result="Passed" start-time="2025-03-05T09:48:22.2234878Z" end-time="2025-03-05T09:48:22.2259966Z" duration="0.002509" total="4" passed="4" failed="0" warnings="0" inconclusive="0" skipped="0" asserts="8">
              <properties>
                <property name="Description" value="Checking that invalid data is not packed and error is reported" />
              </properties>
              <test-case id="0-1084" name="WhenDataIsNotValid_ThenDataHandledExpectedly((0, 0, 63))" fullname="AB15_GUI.Tests.Models.TransmitCommunicationPackage_Tests.WhenDataIsNotValid_ThenDataHandledExpectedly((0, 0, 63))" methodname="WhenDataIsNotValid_ThenDataHandledExpectedly" classname="AB15_GUI.Tests.Models.TransmitCommunicationPackage_Tests" runstate="Runnable" seed="134676092" result="Passed" start-time="2025-03-05T09:48:22.2234968Z" end-time="2025-03-05T09:48:22.2251689Z" duration="0.001673" asserts="2" />
              <test-case id="0-1085" name="WhenDataIsNotValid_ThenDataHandledExpectedly((0, 0, 0))" fullname="AB15_GUI.Tests.Models.TransmitCommunicationPackage_Tests.WhenDataIsNotValid_ThenDataHandledExpectedly((0, 0, 0))" methodname="WhenDataIsNotValid_ThenDataHandledExpectedly" classname="AB15_GUI.Tests.Models.TransmitCommunicationPackage_Tests" runstate="Runnable" seed="1282089155" result="Passed" start-time="2025-03-05T09:48:22.2252046Z" end-time="2025-03-05T09:48:22.2259437Z" duration="0.000739" asserts="2" />
              <test-case id="0-1086" name="WhenDataIsNotValid_ThenDataHandledExpectedly((0, -1, 0))" fullname="AB15_GUI.Tests.Models.TransmitCommunicationPackage_Tests.WhenDataIsNotValid_ThenDataHandledExpectedly((0, -1, 0))" methodname="WhenDataIsNotValid_ThenDataHandledExpectedly" classname="AB15_GUI.Tests.Models.TransmitCommunicationPackage_Tests" runstate="Runnable" seed="1783435703" result="Passed" start-time="2025-03-05T09:48:22.2259600Z" end-time="2025-03-05T09:48:22.2259785Z" duration="0.000019" asserts="2" />
              <test-case id="0-1087" name="WhenDataIsNotValid_ThenDataHandledExpectedly((0, 500, 0))" fullname="AB15_GUI.Tests.Models.TransmitCommunicationPackage_Tests.WhenDataIsNotValid_ThenDataHandledExpectedly((0, 500, 0))" methodname="WhenDataIsNotValid_ThenDataHandledExpectedly" classname="AB15_GUI.Tests.Models.TransmitCommunicationPackage_Tests" runstate="Runnable" seed="1522995475" result="Passed" start-time="2025-03-05T09:48:22.2259827Z" end-time="2025-03-05T09:48:22.2259882Z" duration="0.000005" asserts="2" />
            </test-suite>
            <test-suite type="ParameterizedMethod" id="0-1083" name="WhenDataIsValid_ThenDataIsPackedCorrectly" fullname="AB15_GUI.Tests.Models.TransmitCommunicationPackage_Tests.WhenDataIsValid_ThenDataIsPackedCorrectly" classname="AB15_GUI.Tests.Models.TransmitCommunicationPackage_Tests" runstate="Runnable" testcasecount="4" result="Passed" start-time="2025-03-05T09:48:22.2260069Z" end-time="2025-03-05T09:48:22.2287160Z" duration="0.002709" total="4" passed="4" failed="0" warnings="0" inconclusive="0" skipped="0" asserts="12">
              <properties>
                <property name="Description" value="Checking that valid data is packed correctly" />
              </properties>
              <test-case id="0-1079" name="WhenDataIsValid_ThenDataIsPackedCorrectly(System.Collections.Generic.List`1[System.Byte])" fullname="AB15_GUI.Tests.Models.TransmitCommunicationPackage_Tests.WhenDataIsValid_ThenDataIsPackedCorrectly(System.Collections.Generic.List`1[System.Byte])" methodname="WhenDataIsValid_ThenDataIsPackedCorrectly" classname="AB15_GUI.Tests.Models.TransmitCommunicationPackage_Tests" runstate="Runnable" seed="1710173655" result="Passed" start-time="2025-03-05T09:48:22.2260261Z" end-time="2025-03-05T09:48:22.2285024Z" duration="0.002477" asserts="3" />
              <test-case id="0-1080" name="WhenDataIsValid_ThenDataIsPackedCorrectly(System.Collections.Generic.List`1[System.Byte])" fullname="AB15_GUI.Tests.Models.TransmitCommunicationPackage_Tests.WhenDataIsValid_ThenDataIsPackedCorrectly(System.Collections.Generic.List`1[System.Byte])" methodname="WhenDataIsValid_ThenDataIsPackedCorrectly" classname="AB15_GUI.Tests.Models.TransmitCommunicationPackage_Tests" runstate="Runnable" seed="1116680166" result="Passed" start-time="2025-03-05T09:48:22.2285114Z" end-time="2025-03-05T09:48:22.2286158Z" duration="0.000104" asserts="3" />
              <test-case id="0-1081" name="WhenDataIsValid_ThenDataIsPackedCorrectly(System.Collections.Generic.List`1[System.Byte])" fullname="AB15_GUI.Tests.Models.TransmitCommunicationPackage_Tests.WhenDataIsValid_ThenDataIsPackedCorrectly(System.Collections.Generic.List`1[System.Byte])" methodname="WhenDataIsValid_ThenDataIsPackedCorrectly" classname="AB15_GUI.Tests.Models.TransmitCommunicationPackage_Tests" runstate="Runnable" seed="1865888269" result="Passed" start-time="2025-03-05T09:48:22.2286425Z" end-time="2025-03-05T09:48:22.2286877Z" duration="0.000045" asserts="3" />
              <test-case id="0-1082" name="WhenDataIsValid_ThenDataIsPackedCorrectly(System.Collections.Generic.List`1[System.Byte])" fullname="AB15_GUI.Tests.Models.TransmitCommunicationPackage_Tests.WhenDataIsValid_ThenDataIsPackedCorrectly(System.Collections.Generic.List`1[System.Byte])" methodname="WhenDataIsValid_ThenDataIsPackedCorrectly" classname="AB15_GUI.Tests.Models.TransmitCommunicationPackage_Tests" runstate="Runnable" seed="2063008733" result="Passed" start-time="2025-03-05T09:48:22.2286996Z" end-time="2025-03-05T09:48:22.2287099Z" duration="0.000010" asserts="3" />
            </test-suite>
          </test-suite>
          <test-suite type="TestFixture" id="0-1045" name="ThreadSafeObservableList_Tests" fullname="AB15_GUI.Tests.Models.ThreadSafeObservableList_Tests" classname="AB15_GUI.Tests.Models.ThreadSafeObservableList_Tests" runstate="Runnable" testcasecount="27" result="Passed" start-time="2025-03-05T09:48:22.2233201Z" end-time="2025-03-05T09:48:22.2307519Z" duration="0.007432" total="27" passed="27" failed="0" warnings="0" inconclusive="0" skipped="0" asserts="40">
            <properties>
              <property name="ParallelScope" value="Self" />
            </properties>
            <test-suite type="ParameterizedMethod" id="0-1061" name="WhenAddingValidItems_ThenExpectedNumberOfItemsAdded" fullname="AB15_GUI.Tests.Models.ThreadSafeObservableList_Tests.WhenAddingValidItems_ThenExpectedNumberOfItemsAdded" classname="AB15_GUI.Tests.Models.ThreadSafeObservableList_Tests" runstate="Runnable" testcasecount="9" result="Passed" start-time="2025-03-05T09:48:22.2234854Z" end-time="2025-03-05T09:48:22.2251339Z" duration="0.001649" total="9" passed="9" failed="0" warnings="0" inconclusive="0" skipped="0" asserts="9">
              <properties>
                <property name="Description" value="Add method test" />
              </properties>
              <test-case id="0-1052" name="WhenAddingValidItems_ThenExpectedNumberOfItemsAdded(100,29)" fullname="AB15_GUI.Tests.Models.ThreadSafeObservableList_Tests.WhenAddingValidItems_ThenExpectedNumberOfItemsAdded(100,29)" methodname="WhenAddingValidItems_ThenExpectedNumberOfItemsAdded" classname="AB15_GUI.Tests.Models.ThreadSafeObservableList_Tests" runstate="Runnable" seed="1236765294" result="Passed" start-time="2025-03-05T09:48:22.2234971Z" end-time="2025-03-05T09:48:22.2247676Z" duration="0.001271" asserts="1" />
              <test-case id="0-1053" name="WhenAddingValidItems_ThenExpectedNumberOfItemsAdded(100,27)" fullname="AB15_GUI.Tests.Models.ThreadSafeObservableList_Tests.WhenAddingValidItems_ThenExpectedNumberOfItemsAdded(100,27)" methodname="WhenAddingValidItems_ThenExpectedNumberOfItemsAdded" classname="AB15_GUI.Tests.Models.ThreadSafeObservableList_Tests" runstate="Runnable" seed="119389798" result="Passed" start-time="2025-03-05T09:48:22.2247771Z" end-time="2025-03-05T09:48:22.2249700Z" duration="0.000193" asserts="1" />
              <test-case id="0-1054" name="WhenAddingValidItems_ThenExpectedNumberOfItemsAdded(100,20)" fullname="AB15_GUI.Tests.Models.ThreadSafeObservableList_Tests.WhenAddingValidItems_ThenExpectedNumberOfItemsAdded(100,20)" methodname="WhenAddingValidItems_ThenExpectedNumberOfItemsAdded" classname="AB15_GUI.Tests.Models.ThreadSafeObservableList_Tests" runstate="Runnable" seed="1722812099" result="Passed" start-time="2025-03-05T09:48:22.2249777Z" end-time="2025-03-05T09:48:22.2249880Z" duration="0.000010" asserts="1" />
              <test-case id="0-1055" name="WhenAddingValidItems_ThenExpectedNumberOfItemsAdded(50,29)" fullname="AB15_GUI.Tests.Models.ThreadSafeObservableList_Tests.WhenAddingValidItems_ThenExpectedNumberOfItemsAdded(50,29)" methodname="WhenAddingValidItems_ThenExpectedNumberOfItemsAdded" classname="AB15_GUI.Tests.Models.ThreadSafeObservableList_Tests" runstate="Runnable" seed="158100018" result="Passed" start-time="2025-03-05T09:48:22.2249903Z" end-time="2025-03-05T09:48:22.2250006Z" duration="0.000010" asserts="1" />
              <test-case id="0-1056" name="WhenAddingValidItems_ThenExpectedNumberOfItemsAdded(50,27)" fullname="AB15_GUI.Tests.Models.ThreadSafeObservableList_Tests.WhenAddingValidItems_ThenExpectedNumberOfItemsAdded(50,27)" methodname="WhenAddingValidItems_ThenExpectedNumberOfItemsAdded" classname="AB15_GUI.Tests.Models.ThreadSafeObservableList_Tests" runstate="Runnable" seed="838703369" result="Passed" start-time="2025-03-05T09:48:22.2250028Z" end-time="2025-03-05T09:48:22.2250070Z" duration="0.000004" asserts="1" />
              <test-case id="0-1057" name="WhenAddingValidItems_ThenExpectedNumberOfItemsAdded(50,20)" fullname="AB15_GUI.Tests.Models.ThreadSafeObservableList_Tests.WhenAddingValidItems_ThenExpectedNumberOfItemsAdded(50,20)" methodname="WhenAddingValidItems_ThenExpectedNumberOfItemsAdded" classname="AB15_GUI.Tests.Models.ThreadSafeObservableList_Tests" runstate="Runnable" seed="631317566" result="Passed" start-time="2025-03-05T09:48:22.2250088Z" end-time="2025-03-05T09:48:22.2250164Z" duration="0.000008" asserts="1" />
              <test-case id="0-1058" name="WhenAddingValidItems_ThenExpectedNumberOfItemsAdded(10,29)" fullname="AB15_GUI.Tests.Models.ThreadSafeObservableList_Tests.WhenAddingValidItems_ThenExpectedNumberOfItemsAdded(10,29)" methodname="WhenAddingValidItems_ThenExpectedNumberOfItemsAdded" classname="AB15_GUI.Tests.Models.ThreadSafeObservableList_Tests" runstate="Runnable" seed="1600284793" result="Passed" start-time="2025-03-05T09:48:22.2250180Z" end-time="2025-03-05T09:48:22.2250814Z" duration="0.000063" asserts="1" />
              <test-case id="0-1059" name="WhenAddingValidItems_ThenExpectedNumberOfItemsAdded(10,27)" fullname="AB15_GUI.Tests.Models.ThreadSafeObservableList_Tests.WhenAddingValidItems_ThenExpectedNumberOfItemsAdded(10,27)" methodname="WhenAddingValidItems_ThenExpectedNumberOfItemsAdded" classname="AB15_GUI.Tests.Models.ThreadSafeObservableList_Tests" runstate="Runnable" seed="293699089" result="Passed" start-time="2025-03-05T09:48:22.2250869Z" end-time="2025-03-05T09:48:22.2251046Z" duration="0.000018" asserts="1" />
              <test-case id="0-1060" name="WhenAddingValidItems_ThenExpectedNumberOfItemsAdded(10,20)" fullname="AB15_GUI.Tests.Models.ThreadSafeObservableList_Tests.WhenAddingValidItems_ThenExpectedNumberOfItemsAdded(10,20)" methodname="WhenAddingValidItems_ThenExpectedNumberOfItemsAdded" classname="AB15_GUI.Tests.Models.ThreadSafeObservableList_Tests" runstate="Runnable" seed="894937073" result="Passed" start-time="2025-03-05T09:48:22.2251159Z" end-time="2025-03-05T09:48:22.2251285Z" duration="0.000013" asserts="1" />
            </test-suite>
            <test-case id="0-1069" name="WhenClearing_ThenAllItemsRemoved" fullname="AB15_GUI.Tests.Models.ThreadSafeObservableList_Tests.WhenClearing_ThenAllItemsRemoved" methodname="WhenClearing_ThenAllItemsRemoved" classname="AB15_GUI.Tests.Models.ThreadSafeObservableList_Tests" runstate="Runnable" seed="1948100877" result="Passed" start-time="2025-03-05T09:48:22.2251400Z" end-time="2025-03-05T09:48:22.2253755Z" duration="0.000236" asserts="1">
              <properties>
                <property name="Description" value="Clear method test" />
              </properties>
            </test-case>
            <test-case id="0-1076" name="WhenListChanges_ThenCollectionChangedEventIsRaised" fullname="AB15_GUI.Tests.Models.ThreadSafeObservableList_Tests.WhenListChanges_ThenCollectionChangedEventIsRaised" methodname="WhenListChanges_ThenCollectionChangedEventIsRaised" classname="AB15_GUI.Tests.Models.ThreadSafeObservableList_Tests" runstate="Runnable" seed="1368238390" result="Passed" start-time="2025-03-05T09:48:22.2253836Z" end-time="2025-03-05T09:48:22.2262108Z" duration="0.000827" asserts="1">
              <properties>
                <property name="Description" value="CollectionChanged event raising test" />
              </properties>
            </test-case>
            <test-case id="0-1068" name="WhenModifyingItemsWithIndexer_ThenItemsAreExpected" fullname="AB15_GUI.Tests.Models.ThreadSafeObservableList_Tests.WhenModifyingItemsWithIndexer_ThenItemsAreExpected" methodname="WhenModifyingItemsWithIndexer_ThenItemsAreExpected" classname="AB15_GUI.Tests.Models.ThreadSafeObservableList_Tests" runstate="Runnable" seed="1436840873" result="Passed" start-time="2025-03-05T09:48:22.2263697Z" end-time="2025-03-05T09:48:22.2270039Z" duration="0.000634" asserts="1">
              <properties>
                <property name="Description" value="Indexer value modification test" />
              </properties>
            </test-case>
            <test-case id="0-1077" name="WhenPropertiesChanges_ThenPropertyChangedEventIsRaised" fullname="AB15_GUI.Tests.Models.ThreadSafeObservableList_Tests.WhenPropertiesChanges_ThenPropertyChangedEventIsRaised" methodname="WhenPropertiesChanges_ThenPropertyChangedEventIsRaised" classname="AB15_GUI.Tests.Models.ThreadSafeObservableList_Tests" runstate="Runnable" seed="930852709" result="Passed" start-time="2025-03-05T09:48:22.2270897Z" end-time="2025-03-05T09:48:22.2275928Z" duration="0.000503" asserts="1">
              <properties>
                <property name="Description" value="PropertyChanged event raising test" />
              </properties>
            </test-case>
            <test-suite type="ParameterizedMethod" id="0-1048" name="WhenProvidedCorrectInput_ThenStoredDataIsExpected" fullname="AB15_GUI.Tests.Models.ThreadSafeObservableList_Tests.WhenProvidedCorrectInput_ThenStoredDataIsExpected" classname="AB15_GUI.Tests.Models.ThreadSafeObservableList_Tests" runstate="Runnable" testcasecount="2" result="Passed" start-time="2025-03-05T09:48:22.2276630Z" end-time="2025-03-05T09:48:22.2279899Z" duration="0.000327" total="2" passed="2" failed="0" warnings="0" inconclusive="0" skipped="0" asserts="8">
              <properties>
                <property name="Description" value="Basic operation test" />
              </properties>
              <test-case id="0-1046" name="WhenProvidedCorrectInput_ThenStoredDataIsExpected(&quot;one&quot;,&quot;two&quot;,&quot;three&quot;)" fullname="AB15_GUI.Tests.Models.ThreadSafeObservableList_Tests.WhenProvidedCorrectInput_ThenStoredDataIsExpected(&quot;one&quot;,&quot;two&quot;,&quot;three&quot;)" methodname="WhenProvidedCorrectInput_ThenStoredDataIsExpected" classname="AB15_GUI.Tests.Models.ThreadSafeObservableList_Tests" runstate="Runnable" seed="941436502" result="Passed" start-time="2025-03-05T09:48:22.2276779Z" end-time="2025-03-05T09:48:22.2278632Z" duration="0.000185" asserts="4" />
              <test-case id="0-1047" name="WhenProvidedCorrectInput_ThenStoredDataIsExpected(&quot;something1&quot;,&quot;23&quot;,&quot;else&quot;)" fullname="AB15_GUI.Tests.Models.ThreadSafeObservableList_Tests.WhenProvidedCorrectInput_ThenStoredDataIsExpected(&quot;something1&quot;,&quot;23&quot;,&quot;else&quot;)" methodname="WhenProvidedCorrectInput_ThenStoredDataIsExpected" classname="AB15_GUI.Tests.Models.ThreadSafeObservableList_Tests" runstate="Runnable" seed="1981548276" result="Passed" start-time="2025-03-05T09:48:22.2278717Z" end-time="2025-03-05T09:48:22.2279849Z" duration="0.000113" asserts="4" />
            </test-suite>
            <test-suite type="ParameterizedMethod" id="0-1067" name="WhenRemovingItems_ThenExpectedNumberOfItemsRemoved" fullname="AB15_GUI.Tests.Models.ThreadSafeObservableList_Tests.WhenRemovingItems_ThenExpectedNumberOfItemsRemoved" classname="AB15_GUI.Tests.Models.ThreadSafeObservableList_Tests" runstate="Runnable" testcasecount="5" result="Passed" start-time="2025-03-05T09:48:22.2279956Z" end-time="2025-03-05T09:48:22.2283410Z" duration="0.000345" total="5" passed="5" failed="0" warnings="0" inconclusive="0" skipped="0" asserts="10">
              <properties>
                <property name="Description" value="Remove method test" />
              </properties>
              <test-case id="0-1062" name="WhenRemovingItems_ThenExpectedNumberOfItemsRemoved(6)" fullname="AB15_GUI.Tests.Models.ThreadSafeObservableList_Tests.WhenRemovingItems_ThenExpectedNumberOfItemsRemoved(6)" methodname="WhenRemovingItems_ThenExpectedNumberOfItemsRemoved" classname="AB15_GUI.Tests.Models.ThreadSafeObservableList_Tests" runstate="Runnable" seed="2051379808" result="Passed" start-time="2025-03-05T09:48:22.2280036Z" end-time="2025-03-05T09:48:22.2281941Z" duration="0.000191" asserts="2" />
              <test-case id="0-1063" name="WhenRemovingItems_ThenExpectedNumberOfItemsRemoved(9)" fullname="AB15_GUI.Tests.Models.ThreadSafeObservableList_Tests.WhenRemovingItems_ThenExpectedNumberOfItemsRemoved(9)" methodname="WhenRemovingItems_ThenExpectedNumberOfItemsRemoved" classname="AB15_GUI.Tests.Models.ThreadSafeObservableList_Tests" runstate="Runnable" seed="1320179510" result="Passed" start-time="2025-03-05T09:48:22.2282007Z" end-time="2025-03-05T09:48:22.2283034Z" duration="0.000103" asserts="2" />
              <test-case id="0-1064" name="WhenRemovingItems_ThenExpectedNumberOfItemsRemoved(8)" fullname="AB15_GUI.Tests.Models.ThreadSafeObservableList_Tests.WhenRemovingItems_ThenExpectedNumberOfItemsRemoved(8)" methodname="WhenRemovingItems_ThenExpectedNumberOfItemsRemoved" classname="AB15_GUI.Tests.Models.ThreadSafeObservableList_Tests" runstate="Runnable" seed="128167536" result="Passed" start-time="2025-03-05T09:48:22.2283090Z" end-time="2025-03-05T09:48:22.2283197Z" duration="0.000011" asserts="2" />
              <test-case id="0-1065" name="WhenRemovingItems_ThenExpectedNumberOfItemsRemoved(8)" fullname="AB15_GUI.Tests.Models.ThreadSafeObservableList_Tests.WhenRemovingItems_ThenExpectedNumberOfItemsRemoved(8)" methodname="WhenRemovingItems_ThenExpectedNumberOfItemsRemoved" classname="AB15_GUI.Tests.Models.ThreadSafeObservableList_Tests" runstate="Runnable" seed="510336495" result="Passed" start-time="2025-03-05T09:48:22.2283219Z" end-time="2025-03-05T09:48:22.2283267Z" duration="0.000005" asserts="2" />
              <test-case id="0-1066" name="WhenRemovingItems_ThenExpectedNumberOfItemsRemoved(6)" fullname="AB15_GUI.Tests.Models.ThreadSafeObservableList_Tests.WhenRemovingItems_ThenExpectedNumberOfItemsRemoved(6)" methodname="WhenRemovingItems_ThenExpectedNumberOfItemsRemoved" classname="AB15_GUI.Tests.Models.ThreadSafeObservableList_Tests" runstate="Runnable" seed="509340647" result="Passed" start-time="2025-03-05T09:48:22.2283287Z" end-time="2025-03-05T09:48:22.2283370Z" duration="0.000008" asserts="2" />
            </test-suite>
            <test-suite type="ParameterizedMethod" id="0-1051" name="WhenStorageLimitExceeded_ThenCircularBufferLogicOperates" fullname="AB15_GUI.Tests.Models.ThreadSafeObservableList_Tests.WhenStorageLimitExceeded_ThenCircularBufferLogicOperates" classname="AB15_GUI.Tests.Models.ThreadSafeObservableList_Tests" runstate="Runnable" testcasecount="2" result="Passed" start-time="2025-03-05T09:48:22.2283451Z" end-time="2025-03-05T09:48:22.2286006Z" duration="0.000256" total="2" passed="2" failed="0" warnings="0" inconclusive="0" skipped="0" asserts="4">
              <properties>
                <property name="Description" value="Storage limit test" />
              </properties>
              <test-case id="0-1049" name="WhenStorageLimitExceeded_ThenCircularBufferLogicOperates(10)" fullname="AB15_GUI.Tests.Models.ThreadSafeObservableList_Tests.WhenStorageLimitExceeded_ThenCircularBufferLogicOperates(10)" methodname="WhenStorageLimitExceeded_ThenCircularBufferLogicOperates" classname="AB15_GUI.Tests.Models.ThreadSafeObservableList_Tests" runstate="Runnable" seed="1203238030" result="Passed" start-time="2025-03-05T09:48:22.2283518Z" end-time="2025-03-05T09:48:22.2284849Z" duration="0.000133" asserts="2" />
              <test-case id="0-1050" name="WhenStorageLimitExceeded_ThenCircularBufferLogicOperates(100)" fullname="AB15_GUI.Tests.Models.ThreadSafeObservableList_Tests.WhenStorageLimitExceeded_ThenCircularBufferLogicOperates(100)" methodname="WhenStorageLimitExceeded_ThenCircularBufferLogicOperates" classname="AB15_GUI.Tests.Models.ThreadSafeObservableList_Tests" runstate="Runnable" seed="401630313" result="Passed" start-time="2025-03-05T09:48:22.2284902Z" end-time="2025-03-05T09:48:22.2285949Z" duration="0.000105" asserts="2" />
            </test-suite>
            <test-suite type="ParameterizedMethod" id="0-1075" name="WhenWritingFromFewThreads_ThenAllItemsAreAdded" fullname="AB15_GUI.Tests.Models.ThreadSafeObservableList_Tests.WhenWritingFromFewThreads_ThenAllItemsAreAdded" classname="AB15_GUI.Tests.Models.ThreadSafeObservableList_Tests" runstate="Runnable" testcasecount="5" result="Passed" start-time="2025-03-05T09:48:22.2286068Z" end-time="2025-03-05T09:48:22.2306663Z" duration="0.002060" total="5" passed="5" failed="0" warnings="0" inconclusive="0" skipped="0" asserts="5">
              <properties>
                <property name="Description" value="Multithreading test" />
              </properties>
              <test-case id="0-1070" name="WhenWritingFromFewThreads_ThenAllItemsAreAdded(137)" fullname="AB15_GUI.Tests.Models.ThreadSafeObservableList_Tests.WhenWritingFromFewThreads_ThenAllItemsAreAdded(137)" methodname="WhenWritingFromFewThreads_ThenAllItemsAreAdded" classname="AB15_GUI.Tests.Models.ThreadSafeObservableList_Tests" runstate="Runnable" seed="1681376529" result="Passed" start-time="2025-03-05T09:48:22.2286136Z" end-time="2025-03-05T09:48:22.2297672Z" duration="0.001154" asserts="1" />
              <test-case id="0-1071" name="WhenWritingFromFewThreads_ThenAllItemsAreAdded(119)" fullname="AB15_GUI.Tests.Models.ThreadSafeObservableList_Tests.WhenWritingFromFewThreads_ThenAllItemsAreAdded(119)" methodname="WhenWritingFromFewThreads_ThenAllItemsAreAdded" classname="AB15_GUI.Tests.Models.ThreadSafeObservableList_Tests" runstate="Runnable" seed="645925941" result="Passed" start-time="2025-03-05T09:48:22.2297878Z" end-time="2025-03-05T09:48:22.2301870Z" duration="0.000399" asserts="1" />
              <test-case id="0-1072" name="WhenWritingFromFewThreads_ThenAllItemsAreAdded(196)" fullname="AB15_GUI.Tests.Models.ThreadSafeObservableList_Tests.WhenWritingFromFewThreads_ThenAllItemsAreAdded(196)" methodname="WhenWritingFromFewThreads_ThenAllItemsAreAdded" classname="AB15_GUI.Tests.Models.ThreadSafeObservableList_Tests" runstate="Runnable" seed="747481208" result="Passed" start-time="2025-03-05T09:48:22.2301945Z" end-time="2025-03-05T09:48:22.2303272Z" duration="0.000133" asserts="1" />
              <test-case id="0-1073" name="WhenWritingFromFewThreads_ThenAllItemsAreAdded(132)" fullname="AB15_GUI.Tests.Models.ThreadSafeObservableList_Tests.WhenWritingFromFewThreads_ThenAllItemsAreAdded(132)" methodname="WhenWritingFromFewThreads_ThenAllItemsAreAdded" classname="AB15_GUI.Tests.Models.ThreadSafeObservableList_Tests" runstate="Runnable" seed="78497453" result="Passed" start-time="2025-03-05T09:48:22.2303346Z" end-time="2025-03-05T09:48:22.2305317Z" duration="0.000197" asserts="1" />
              <test-case id="0-1074" name="WhenWritingFromFewThreads_ThenAllItemsAreAdded(181)" fullname="AB15_GUI.Tests.Models.ThreadSafeObservableList_Tests.WhenWritingFromFewThreads_ThenAllItemsAreAdded(181)" methodname="WhenWritingFromFewThreads_ThenAllItemsAreAdded" classname="AB15_GUI.Tests.Models.ThreadSafeObservableList_Tests" runstate="Runnable" seed="1309986235" result="Passed" start-time="2025-03-05T09:48:22.2305398Z" end-time="2025-03-05T09:48:22.2306590Z" duration="0.000119" asserts="1" />
            </test-suite>
          </test-suite>
          <test-suite type="TestSuite" id="0-1116" name="Generated" fullname="AB15_GUI.Tests.Models.Generated" runstate="Runnable" testcasecount="10" result="Passed" start-time="2025-03-05T09:48:22.1388775Z" end-time="2025-03-05T09:48:22.2361729Z" duration="0.097295" total="10" passed="10" failed="0" warnings="0" inconclusive="0" skipped="0" asserts="32">
            <test-suite type="TestSuite" id="0-1117" name="Registers" fullname="AB15_GUI.Tests.Models.Generated.Registers" runstate="Runnable" testcasecount="10" result="Passed" start-time="2025-03-05T09:48:22.1388792Z" end-time="2025-03-05T09:48:22.2361700Z" duration="0.097291" total="10" passed="10" failed="0" warnings="0" inconclusive="0" skipped="0" asserts="32">
              <test-suite type="TestFixture" id="0-1108" name="Reg_spi_set_wdsettings_Tests" fullname="AB15_GUI.Tests.Models.Generated.Registers.Reg_spi_set_wdsettings_Tests" classname="AB15_GUI.Tests.Models.Generated.Registers.Reg_spi_set_wdsettings_Tests" runstate="Runnable" testcasecount="1" result="Passed" start-time="2025-03-05T09:48:22.2232768Z" end-time="2025-03-05T09:48:22.2253266Z" duration="0.002050" total="1" passed="1" failed="0" warnings="0" inconclusive="0" skipped="0" asserts="5">
                <properties>
                  <property name="ParallelScope" value="Self" />
                </properties>
                <test-case id="0-1109" name="WhenRegisterIsInstantiated_PropertiesHaveExpectedValues" fullname="AB15_GUI.Tests.Models.Generated.Registers.Reg_spi_set_wdsettings_Tests.WhenRegisterIsInstantiated_PropertiesHaveExpectedValues" methodname="WhenRegisterIsInstantiated_PropertiesHaveExpectedValues" classname="AB15_GUI.Tests.Models.Generated.Registers.Reg_spi_set_wdsettings_Tests" runstate="Runnable" seed="1261252615" result="Passed" start-time="2025-03-05T09:48:22.2235281Z" end-time="2025-03-05T09:48:22.2251648Z" duration="0.001637" asserts="5">
                  <properties>
                    <property name="Description" value="Check that properties in spi_set_wdsettings are expected" />
                  </properties>
                </test-case>
              </test-suite>
              <test-suite type="TestFixture" id="0-1095" name="Reg_ident_high_Tests" fullname="AB15_GUI.Tests.Models.Generated.Registers.Reg_ident_high_Tests" classname="AB15_GUI.Tests.Models.Generated.Registers.Reg_ident_high_Tests" runstate="Runnable" testcasecount="9" result="Passed" start-time="2025-03-05T09:48:22.2232347Z" end-time="2025-03-05T09:48:22.2361635Z" duration="0.012929" total="9" passed="9" failed="0" warnings="0" inconclusive="0" skipped="0" asserts="27">
                <properties>
                  <property name="ParallelScope" value="Self" />
                </properties>
                <test-suite type="ParameterizedMethod" id="0-1102" name="WhenFieldsAreSet_ThenRegisterDataIsCorrect" fullname="AB15_GUI.Tests.Models.Generated.Registers.Reg_ident_high_Tests.WhenFieldsAreSet_ThenRegisterDataIsCorrect" classname="AB15_GUI.Tests.Models.Generated.Registers.Reg_ident_high_Tests" runstate="Runnable" testcasecount="2" result="Passed" start-time="2025-03-05T09:48:22.2235179Z" end-time="2025-03-05T09:48:22.2253234Z" duration="0.001805" total="2" passed="2" failed="0" warnings="0" inconclusive="0" skipped="0" asserts="2">
                  <properties>
                    <property name="Description" value="Check Data property get method" />
                  </properties>
                  <test-case id="0-1100" name="WhenFieldsAreSet_ThenRegisterDataIsCorrect(1,18,1)" fullname="AB15_GUI.Tests.Models.Generated.Registers.Reg_ident_high_Tests.WhenFieldsAreSet_ThenRegisterDataIsCorrect(1,18,1)" methodname="WhenFieldsAreSet_ThenRegisterDataIsCorrect" classname="AB15_GUI.Tests.Models.Generated.Registers.Reg_ident_high_Tests" runstate="Runnable" seed="1576809206" result="Passed" start-time="2025-03-05T09:48:22.2235321Z" end-time="2025-03-05T09:48:22.2251127Z" duration="0.001581" asserts="1" />
                  <test-case id="0-1101" name="WhenFieldsAreSet_ThenRegisterDataIsCorrect(2,24,2)" fullname="AB15_GUI.Tests.Models.Generated.Registers.Reg_ident_high_Tests.WhenFieldsAreSet_ThenRegisterDataIsCorrect(2,24,2)" methodname="WhenFieldsAreSet_ThenRegisterDataIsCorrect" classname="AB15_GUI.Tests.Models.Generated.Registers.Reg_ident_high_Tests" runstate="Runnable" seed="631158081" result="Passed" start-time="2025-03-05T09:48:22.2251277Z" end-time="2025-03-05T09:48:22.2253144Z" duration="0.000187" asserts="1" />
                </test-suite>
                <test-suite type="ParameterizedMethod" id="0-1107" name="WhenLetter1DataOutOfRange_ThenExpectedExceptionIsRaised" fullname="AB15_GUI.Tests.Models.Generated.Registers.Reg_ident_high_Tests.WhenLetter1DataOutOfRange_ThenExpectedExceptionIsRaised" classname="AB15_GUI.Tests.Models.Generated.Registers.Reg_ident_high_Tests" runstate="Runnable" testcasecount="1" result="Passed" start-time="2025-03-05T09:48:22.2253319Z" end-time="2025-03-05T09:48:22.2347706Z" duration="0.009439" total="1" passed="1" failed="0" warnings="0" inconclusive="0" skipped="0" asserts="2">
                  <properties>
                    <property name="Description" value="Check OutOfRange exception for field data" />
                  </properties>
                  <test-case id="0-1106" name="WhenLetter1DataOutOfRange_ThenExpectedExceptionIsRaised(63)" fullname="AB15_GUI.Tests.Models.Generated.Registers.Reg_ident_high_Tests.WhenLetter1DataOutOfRange_ThenExpectedExceptionIsRaised(63)" methodname="WhenLetter1DataOutOfRange_ThenExpectedExceptionIsRaised" classname="AB15_GUI.Tests.Models.Generated.Registers.Reg_ident_high_Tests" runstate="Runnable" seed="2020618297" result="Passed" start-time="2025-03-05T09:48:22.2253414Z" end-time="2025-03-05T09:48:22.2347520Z" duration="0.009411" asserts="2" />
                </test-suite>
                <test-suite type="ParameterizedMethod" id="0-1105" name="WhenRegisterDataIsSet_ThenFieldValuesAreExpected" fullname="AB15_GUI.Tests.Models.Generated.Registers.Reg_ident_high_Tests.WhenRegisterDataIsSet_ThenFieldValuesAreExpected" classname="AB15_GUI.Tests.Models.Generated.Registers.Reg_ident_high_Tests" runstate="Runnable" testcasecount="2" result="Passed" start-time="2025-03-05T09:48:22.2347813Z" end-time="2025-03-05T09:48:22.2353234Z" duration="0.000542" total="2" passed="2" failed="0" warnings="0" inconclusive="0" skipped="0" asserts="6">
                  <properties>
                    <property name="Description" value="Check Data property set method" />
                  </properties>
                  <test-case id="0-1103" name="WhenRegisterDataIsSet_ThenFieldValuesAreExpected(1601,1,18,1)" fullname="AB15_GUI.Tests.Models.Generated.Registers.Reg_ident_high_Tests.WhenRegisterDataIsSet_ThenFieldValuesAreExpected(1601,1,18,1)" methodname="WhenRegisterDataIsSet_ThenFieldValuesAreExpected" classname="AB15_GUI.Tests.Models.Generated.Registers.Reg_ident_high_Tests" runstate="Runnable" seed="273749953" result="Passed" start-time="2025-03-05T09:48:22.2348002Z" end-time="2025-03-05T09:48:22.2351269Z" duration="0.000327" asserts="3" />
                  <test-case id="0-1104" name="WhenRegisterDataIsSet_ThenFieldValuesAreExpected(2818,2,24,2)" fullname="AB15_GUI.Tests.Models.Generated.Registers.Reg_ident_high_Tests.WhenRegisterDataIsSet_ThenFieldValuesAreExpected(2818,2,24,2)" methodname="WhenRegisterDataIsSet_ThenFieldValuesAreExpected" classname="AB15_GUI.Tests.Models.Generated.Registers.Reg_ident_high_Tests" runstate="Runnable" seed="967926908" result="Passed" start-time="2025-03-05T09:48:22.2351341Z" end-time="2025-03-05T09:48:22.2353148Z" duration="0.000181" asserts="3" />
                </test-suite>
                <test-case id="0-1097" name="WhenRegisterIsInstantiated_Letter1PropertiesHaveExpectedValues" fullname="AB15_GUI.Tests.Models.Generated.Registers.Reg_ident_high_Tests.WhenRegisterIsInstantiated_Letter1PropertiesHaveExpectedValues" methodname="WhenRegisterIsInstantiated_Letter1PropertiesHaveExpectedValues" classname="AB15_GUI.Tests.Models.Generated.Registers.Reg_ident_high_Tests" runstate="Runnable" seed="1213450981" result="Passed" start-time="2025-03-05T09:48:22.2353299Z" end-time="2025-03-05T09:48:22.2355616Z" duration="0.000232" asserts="4">
                  <properties>
                    <property name="Description" value="Check that constants in Letter1 are expected" />
                  </properties>
                </test-case>
                <test-case id="0-1098" name="WhenRegisterIsInstantiated_Letter2PropertiesHaveExpectedValues" fullname="AB15_GUI.Tests.Models.Generated.Registers.Reg_ident_high_Tests.WhenRegisterIsInstantiated_Letter2PropertiesHaveExpectedValues" methodname="WhenRegisterIsInstantiated_Letter2PropertiesHaveExpectedValues" classname="AB15_GUI.Tests.Models.Generated.Registers.Reg_ident_high_Tests" runstate="Runnable" seed="1381640077" result="Passed" start-time="2025-03-05T09:48:22.2355707Z" end-time="2025-03-05T09:48:22.2357350Z" duration="0.000165" asserts="4">
                  <properties>
                    <property name="Description" value="Check that constants in Letter2 are expected" />
                  </properties>
                </test-case>
                <test-case id="0-1099" name="WhenRegisterIsInstantiated_Letter3PropertiesHaveExpectedValues" fullname="AB15_GUI.Tests.Models.Generated.Registers.Reg_ident_high_Tests.WhenRegisterIsInstantiated_Letter3PropertiesHaveExpectedValues" methodname="WhenRegisterIsInstantiated_Letter3PropertiesHaveExpectedValues" classname="AB15_GUI.Tests.Models.Generated.Registers.Reg_ident_high_Tests" runstate="Runnable" seed="1450285076" result="Passed" start-time="2025-03-05T09:48:22.2357403Z" end-time="2025-03-05T09:48:22.2358866Z" duration="0.000146" asserts="4">
                  <properties>
                    <property name="Description" value="Check that constants in Letter3 are expected" />
                  </properties>
                </test-case>
                <test-case id="0-1096" name="WhenRegisterIsInstantiated_PropertiesHaveExpectedValues" fullname="AB15_GUI.Tests.Models.Generated.Registers.Reg_ident_high_Tests.WhenRegisterIsInstantiated_PropertiesHaveExpectedValues" methodname="WhenRegisterIsInstantiated_PropertiesHaveExpectedValues" classname="AB15_GUI.Tests.Models.Generated.Registers.Reg_ident_high_Tests" runstate="Runnable" seed="635712209" result="Passed" start-time="2025-03-05T09:48:22.2358914Z" end-time="2025-03-05T09:48:22.2360630Z" duration="0.000172" asserts="5">
                  <properties>
                    <property name="Description" value="Check that properties in ident_high are expected" />
                  </properties>
                </test-case>
              </test-suite>
            </test-suite>
          </test-suite>
        </test-suite>
      </test-suite>
    </test-suite>
  </test-suite>
</test-run>